10:28:52:888  INFO 16856 --- [main] com.hmall.pay.PayApplication             : Starting PayApplication using Java 11.0.8 on xmh with PID 16856 (D:\idea-project\hmall\pay-service\target\classes started by 57186 in D:\idea-project\hmall)
10:28:52:892 DEBUG 16856 --- [main] com.hmall.pay.PayApplication             : Running with Spring Boot v2.7.12, Spring v5.3.27
10:28:52:892  INFO 16856 --- [main] com.hmall.pay.PayApplication             : The following 1 profile is active: "local"
10:28:53:565  INFO 16856 --- [main] .s.d.r.c.RepositoryConfigurationDelegate : Multiple Spring Data modules found, entering strict repository configuration mode
10:28:53:568  INFO 16856 --- [main] .s.d.r.c.RepositoryConfigurationDelegate : Bootstrapping Spring Data Redis repositories in DEFAULT mode.
10:28:53:607  INFO 16856 --- [main] .s.d.r.c.RepositoryConfigurationDelegate : Finished Spring Data repository scanning in 8 ms. Found 0 Redis repository interfaces.
10:28:53:805  INFO 16856 --- [main] o.s.cloud.context.scope.GenericScope     : BeanFactory id=f61d2005-454d-38d0-8055-c56ef3a5767e
10:28:54:065  INFO 16856 --- [main] o.s.b.w.embedded.tomcat.TomcatWebServer  : Tomcat initialized with port(s): 8086 (http)
10:28:54:071  INFO 16856 --- [main] o.apache.catalina.core.StandardService   : Starting service [Tomcat]
10:28:54:071  INFO 16856 --- [main] org.apache.catalina.core.StandardEngine  : Starting Servlet engine: [Apache Tomcat/9.0.75]
10:28:54:149  INFO 16856 --- [main] o.a.c.c.C.[Tomcat].[localhost].[/]       : Initializing Spring embedded WebApplicationContext
10:28:54:149  INFO 16856 --- [main] w.s.c.ServletWebServerApplicationContext : Root WebApplicationContext: initialization completed in 1216 ms
10:28:54:272  INFO 16856 --- [main] o.s.c.openfeign.FeignClientFactoryBean   : For 'user-service' URL not provided. Will try picking an instance via load-balancing.
10:28:54:308  INFO 16856 --- [main] o.s.c.openfeign.FeignClientFactoryBean   : For 'trade-service' URL not provided. Will try picking an instance via load-balancing.
10:28:56:913  INFO 16856 --- [main] pertySourcedRequestMappingHandlerMapping : Mapped URL path [/v2/api-docs] onto method [springfox.documentation.swagger2.web.Swagger2ControllerWebMvc#getDocumentation(String, HttpServletRequest)]
10:28:57:922  INFO 16856 --- [main] com.alibaba.nacos.common.remote.client   : [RpcClientFactory] create a new rpc client of f97a0b3f-d698-440c-8f07-91ee9225c068
10:28:57:956  INFO 16856 --- [main] org.reflections.Reflections              : Reflections took 16 ms to scan 1 urls, producing 3 keys and 6 values 
10:28:57:973  INFO 16856 --- [main] org.reflections.Reflections              : Reflections took 7 ms to scan 1 urls, producing 4 keys and 9 values 
10:28:57:979  INFO 16856 --- [main] org.reflections.Reflections              : Reflections took 4 ms to scan 1 urls, producing 3 keys and 10 values 
10:28:57:981  WARN 16856 --- [main] org.reflections.Reflections              : given scan urls are empty. set urls in the configuration
10:28:57:986  INFO 16856 --- [main] org.reflections.Reflections              : Reflections took 4 ms to scan 1 urls, producing 1 keys and 5 values 
10:28:57:993  INFO 16856 --- [main] org.reflections.Reflections              : Reflections took 6 ms to scan 1 urls, producing 1 keys and 7 values 
10:28:58:000  INFO 16856 --- [main] org.reflections.Reflections              : Reflections took 4 ms to scan 1 urls, producing 2 keys and 8 values 
10:28:58:001  WARN 16856 --- [main] org.reflections.Reflections              : given scan urls are empty. set urls in the configuration
10:28:58:002  INFO 16856 --- [main] com.alibaba.nacos.common.remote.client   : [f97a0b3f-d698-440c-8f07-91ee9225c068] RpcClient init label, labels = {module=naming, source=sdk}
10:28:58:003  INFO 16856 --- [main] com.alibaba.nacos.common.remote.client   : [f97a0b3f-d698-440c-8f07-91ee9225c068] RpcClient init, ServerListFactory = com.alibaba.nacos.client.naming.core.ServerListManager
10:28:58:003  INFO 16856 --- [main] com.alibaba.nacos.common.remote.client   : [f97a0b3f-d698-440c-8f07-91ee9225c068] Registry connection listener to current client:com.alibaba.nacos.client.naming.remote.gprc.redo.NamingGrpcRedoService
10:28:58:003  INFO 16856 --- [main] com.alibaba.nacos.common.remote.client   : [f97a0b3f-d698-440c-8f07-91ee9225c068] Register server push request handler:com.alibaba.nacos.client.naming.remote.gprc.NamingPushRequestHandler
10:28:58:004  INFO 16856 --- [main] com.alibaba.nacos.common.remote.client   : [f97a0b3f-d698-440c-8f07-91ee9225c068] Try to connect to server on start up, server: {serverIp = '192.168.80.130', server main port = 8848}
10:28:59:459  INFO 16856 --- [main] com.alibaba.nacos.common.remote.client   : [f97a0b3f-d698-440c-8f07-91ee9225c068] Success to connect to server [192.168.80.130:8848] on start up, connectionId = 1732069739335_192.168.80.1_51545
10:28:59:459  INFO 16856 --- [com.alibaba.nacos.client.remote.worker] com.alibaba.nacos.common.remote.client   : [f97a0b3f-d698-440c-8f07-91ee9225c068] Notify connected event to listeners.
10:28:59:460  INFO 16856 --- [main] com.alibaba.nacos.common.remote.client   : [f97a0b3f-d698-440c-8f07-91ee9225c068] Register server push request handler:com.alibaba.nacos.common.remote.client.RpcClient$ConnectResetRequestHandler
10:28:59:461  INFO 16856 --- [main] com.alibaba.nacos.common.remote.client   : [f97a0b3f-d698-440c-8f07-91ee9225c068] Register server push request handler:com.alibaba.nacos.common.remote.client.RpcClient$$Lambda$1115/0x00000008007a4040
10:28:59:515  INFO 16856 --- [main] o.s.b.w.embedded.tomcat.TomcatWebServer  : Tomcat started on port(s): 8086 (http) with context path ''
10:28:59:543  INFO 16856 --- [main] c.a.c.n.registry.NacosServiceRegistry    : nacos registry, DEFAULT_GROUP pay-service 192.168.43.42:8086 register finished
10:28:59:859  INFO 16856 --- [main] d.s.w.p.DocumentationPluginsBootstrapper : Documentation plugins bootstrapped
10:28:59:861  INFO 16856 --- [main] d.s.w.p.DocumentationPluginsBootstrapper : Found 1 custom documentation plugin(s)
10:28:59:875  INFO 16856 --- [main] s.d.s.w.s.ApiListingReferenceScanner     : Scanning for api listing references
10:28:59:927  INFO 16856 --- [main] com.hmall.pay.PayApplication             : Started PayApplication in 8.249 seconds (JVM running for 9.06)
10:28:59:929  INFO 16856 --- [main] com.hmall.pay.PayApplication             : 支付模块启动
10:29:00:028  INFO 16856 --- [nacos-grpc-client-executor-9] com.alibaba.nacos.common.remote.client   : [f97a0b3f-d698-440c-8f07-91ee9225c068] Receive server push request, request = NotifySubscriberRequest, requestId = 6
10:29:00:030  INFO 16856 --- [nacos-grpc-client-executor-9] com.alibaba.nacos.common.remote.client   : [f97a0b3f-d698-440c-8f07-91ee9225c068] Ack server push request, request = NotifySubscriberRequest, requestId = 6
10:31:23:550  WARN 16856 --- [Thread-4] c.a.nacos.common.notify.NotifyCenter     : [NotifyCenter] Start destroying Publisher
10:31:23:550  WARN 16856 --- [Thread-4] c.a.nacos.common.notify.NotifyCenter     : [NotifyCenter] Destruction of the end
10:31:23:550  WARN 16856 --- [Thread-7] c.a.n.common.http.HttpClientBeanHolder   : [HttpClientBeanHolder] Start destroying common HttpClient
10:31:23:550  WARN 16856 --- [Thread-7] c.a.n.common.http.HttpClientBeanHolder   : [HttpClientBeanHolder] Destruction of the end
10:31:24:001  INFO 16856 --- [SpringApplicationShutdownHook] c.a.c.n.registry.NacosServiceRegistry    : De-registering from Nacos Server now...
10:31:24:013  INFO 16856 --- [SpringApplicationShutdownHook] c.a.c.n.registry.NacosServiceRegistry    : De-registration finished.
10:31:24:322  INFO 16856 --- [SpringApplicationShutdownHook] com.alibaba.nacos.common.remote.client   : Shutdown rpc client, set status to shutdown
10:31:24:322  INFO 16856 --- [SpringApplicationShutdownHook] com.alibaba.nacos.common.remote.client   : Shutdown client event executor java.util.concurrent.ScheduledThreadPoolExecutor@5cd2f591[Running, pool size = 2, active threads = 2, queued tasks = 0, completed tasks = 0]
10:31:24:322  INFO 16856 --- [SpringApplicationShutdownHook] com.alibaba.nacos.common.remote.client   : Close current connection 1732069739335_192.168.80.1_51545
10:31:24:330  INFO 16856 --- [SpringApplicationShutdownHook] c.a.n.c.remote.client.grpc.GrpcClient    : Shutdown grpc executor java.util.concurrent.ThreadPoolExecutor@7e032bb0[Running, pool size = 5, active threads = 0, queued tasks = 0, completed tasks = 46]
11:35:25:081  INFO 11352 --- [main] com.hmall.pay.PayApplication             : Starting PayApplication using Java 11.0.8 on xmh with PID 11352 (D:\idea-project\hmall\pay-service\target\classes started by 57186 in D:\idea-project\hmall)
11:35:25:082 DEBUG 11352 --- [main] com.hmall.pay.PayApplication             : Running with Spring Boot v2.7.12, Spring v5.3.27
11:35:25:082  INFO 11352 --- [main] com.hmall.pay.PayApplication             : The following 1 profile is active: "local"
11:35:25:650  INFO 11352 --- [main] .s.d.r.c.RepositoryConfigurationDelegate : Multiple Spring Data modules found, entering strict repository configuration mode
11:35:25:652  INFO 11352 --- [main] .s.d.r.c.RepositoryConfigurationDelegate : Bootstrapping Spring Data Redis repositories in DEFAULT mode.
11:35:25:673  INFO 11352 --- [main] .s.d.r.c.RepositoryConfigurationDelegate : Finished Spring Data repository scanning in 6 ms. Found 0 Redis repository interfaces.
11:35:25:825  INFO 11352 --- [main] o.s.cloud.context.scope.GenericScope     : BeanFactory id=f61d2005-454d-38d0-8055-c56ef3a5767e
11:35:26:042  INFO 11352 --- [main] o.s.b.w.embedded.tomcat.TomcatWebServer  : Tomcat initialized with port(s): 8086 (http)
11:35:26:049  INFO 11352 --- [main] o.apache.catalina.core.StandardService   : Starting service [Tomcat]
11:35:26:049  INFO 11352 --- [main] org.apache.catalina.core.StandardEngine  : Starting Servlet engine: [Apache Tomcat/9.0.75]
11:35:26:132  INFO 11352 --- [main] o.a.c.c.C.[Tomcat].[localhost].[/]       : Initializing Spring embedded WebApplicationContext
11:35:26:132  INFO 11352 --- [main] w.s.c.ServletWebServerApplicationContext : Root WebApplicationContext: initialization completed in 1022 ms
11:35:26:283  INFO 11352 --- [main] o.s.c.openfeign.FeignClientFactoryBean   : For 'user-service' URL not provided. Will try picking an instance via load-balancing.
11:35:26:322  INFO 11352 --- [main] o.s.c.openfeign.FeignClientFactoryBean   : For 'trade-service' URL not provided. Will try picking an instance via load-balancing.
11:35:29:022  INFO 11352 --- [main] o.s.cloud.commons.util.InetUtils         : Cannot determine local hostname
11:35:29:039  INFO 11352 --- [main] pertySourcedRequestMappingHandlerMapping : Mapped URL path [/v2/api-docs] onto method [springfox.documentation.swagger2.web.Swagger2ControllerWebMvc#getDocumentation(String, HttpServletRequest)]
11:35:30:581  INFO 11352 --- [main] o.s.cloud.commons.util.InetUtils         : Cannot determine local hostname
11:35:30:676  INFO 11352 --- [main] com.alibaba.nacos.common.remote.client   : [RpcClientFactory] create a new rpc client of eff51482-f0ea-4466-9f99-475c9a7bc92c
11:35:30:701  INFO 11352 --- [main] org.reflections.Reflections              : Reflections took 14 ms to scan 1 urls, producing 3 keys and 6 values 
11:35:30:715  INFO 11352 --- [main] org.reflections.Reflections              : Reflections took 6 ms to scan 1 urls, producing 4 keys and 9 values 
11:35:30:720  INFO 11352 --- [main] org.reflections.Reflections              : Reflections took 4 ms to scan 1 urls, producing 3 keys and 10 values 
11:35:30:722  WARN 11352 --- [main] org.reflections.Reflections              : given scan urls are empty. set urls in the configuration
11:35:30:726  INFO 11352 --- [main] org.reflections.Reflections              : Reflections took 4 ms to scan 1 urls, producing 1 keys and 5 values 
11:35:30:730  INFO 11352 --- [main] org.reflections.Reflections              : Reflections took 3 ms to scan 1 urls, producing 1 keys and 7 values 
11:35:30:735  INFO 11352 --- [main] org.reflections.Reflections              : Reflections took 3 ms to scan 1 urls, producing 2 keys and 8 values 
11:35:30:736  WARN 11352 --- [main] org.reflections.Reflections              : given scan urls are empty. set urls in the configuration
11:35:30:737  INFO 11352 --- [main] com.alibaba.nacos.common.remote.client   : [eff51482-f0ea-4466-9f99-475c9a7bc92c] RpcClient init label, labels = {module=naming, source=sdk}
11:35:30:738  INFO 11352 --- [main] com.alibaba.nacos.common.remote.client   : [eff51482-f0ea-4466-9f99-475c9a7bc92c] RpcClient init, ServerListFactory = com.alibaba.nacos.client.naming.core.ServerListManager
11:35:30:738  INFO 11352 --- [main] com.alibaba.nacos.common.remote.client   : [eff51482-f0ea-4466-9f99-475c9a7bc92c] Registry connection listener to current client:com.alibaba.nacos.client.naming.remote.gprc.redo.NamingGrpcRedoService
11:35:30:738  INFO 11352 --- [main] com.alibaba.nacos.common.remote.client   : [eff51482-f0ea-4466-9f99-475c9a7bc92c] Register server push request handler:com.alibaba.nacos.client.naming.remote.gprc.NamingPushRequestHandler
11:35:30:739  INFO 11352 --- [main] com.alibaba.nacos.common.remote.client   : [eff51482-f0ea-4466-9f99-475c9a7bc92c] Try to connect to server on start up, server: {serverIp = '192.168.80.130', server main port = 8848}
11:35:32:234  INFO 11352 --- [main] com.alibaba.nacos.common.remote.client   : [eff51482-f0ea-4466-9f99-475c9a7bc92c] Success to connect to server [192.168.80.130:8848] on start up, connectionId = 1732073698914_192.168.80.1_54538
11:35:32:238  INFO 11352 --- [main] com.alibaba.nacos.common.remote.client   : [eff51482-f0ea-4466-9f99-475c9a7bc92c] Register server push request handler:com.alibaba.nacos.common.remote.client.RpcClient$ConnectResetRequestHandler
11:35:32:236  INFO 11352 --- [com.alibaba.nacos.client.remote.worker] com.alibaba.nacos.common.remote.client   : [eff51482-f0ea-4466-9f99-475c9a7bc92c] Notify connected event to listeners.
11:35:32:240  INFO 11352 --- [main] com.alibaba.nacos.common.remote.client   : [eff51482-f0ea-4466-9f99-475c9a7bc92c] Register server push request handler:com.alibaba.nacos.common.remote.client.RpcClient$$Lambda$1115/0x00000008007a4040
11:35:32:272  INFO 11352 --- [main] o.s.b.w.embedded.tomcat.TomcatWebServer  : Tomcat started on port(s): 8086 (http) with context path ''
11:35:32:280  INFO 11352 --- [main] c.a.c.n.registry.NacosServiceRegistry    : nacos registry, DEFAULT_GROUP pay-service 192.168.43.42:8086 register finished
11:35:32:727  INFO 11352 --- [nacos-grpc-client-executor-7] com.alibaba.nacos.common.remote.client   : [eff51482-f0ea-4466-9f99-475c9a7bc92c] Receive server push request, request = NotifySubscriberRequest, requestId = 18
11:35:32:729  INFO 11352 --- [nacos-grpc-client-executor-7] com.alibaba.nacos.common.remote.client   : [eff51482-f0ea-4466-9f99-475c9a7bc92c] Ack server push request, request = NotifySubscriberRequest, requestId = 18
11:35:33:537  INFO 11352 --- [main] o.s.cloud.commons.util.InetUtils         : Cannot determine local hostname
11:35:33:537  INFO 11352 --- [main] d.s.w.p.DocumentationPluginsBootstrapper : Documentation plugins bootstrapped
11:35:33:539  INFO 11352 --- [main] d.s.w.p.DocumentationPluginsBootstrapper : Found 1 custom documentation plugin(s)
11:35:33:551  INFO 11352 --- [main] s.d.s.w.s.ApiListingReferenceScanner     : Scanning for api listing references
11:35:33:597  INFO 11352 --- [main] com.hmall.pay.PayApplication             : Started PayApplication in 10.255 seconds (JVM running for 10.858)
11:35:33:600  INFO 11352 --- [main] com.hmall.pay.PayApplication             : 支付模块启动
11:39:51:420  WARN 11352 --- [Thread-7] c.a.n.common.http.HttpClientBeanHolder   : [HttpClientBeanHolder] Start destroying common HttpClient
11:39:51:420  WARN 11352 --- [Thread-4] c.a.nacos.common.notify.NotifyCenter     : [NotifyCenter] Start destroying Publisher
11:39:51:422  WARN 11352 --- [Thread-4] c.a.nacos.common.notify.NotifyCenter     : [NotifyCenter] Destruction of the end
11:39:51:422  WARN 11352 --- [Thread-7] c.a.n.common.http.HttpClientBeanHolder   : [HttpClientBeanHolder] Destruction of the end
11:39:51:808  INFO 11352 --- [SpringApplicationShutdownHook] c.a.c.n.registry.NacosServiceRegistry    : De-registering from Nacos Server now...
11:39:51:812  INFO 11352 --- [SpringApplicationShutdownHook] c.a.c.n.registry.NacosServiceRegistry    : De-registration finished.
11:39:52:121  INFO 11352 --- [SpringApplicationShutdownHook] com.alibaba.nacos.common.remote.client   : Shutdown rpc client, set status to shutdown
11:39:52:121  INFO 11352 --- [SpringApplicationShutdownHook] com.alibaba.nacos.common.remote.client   : Shutdown client event executor java.util.concurrent.ScheduledThreadPoolExecutor@32a339d8[Running, pool size = 2, active threads = 2, queued tasks = 0, completed tasks = 0]
11:39:52:121  INFO 11352 --- [SpringApplicationShutdownHook] com.alibaba.nacos.common.remote.client   : Close current connection 1732073698914_192.168.80.1_54538
11:39:52:125  INFO 11352 --- [SpringApplicationShutdownHook] c.a.n.c.remote.client.grpc.GrpcClient    : Shutdown grpc executor java.util.concurrent.ThreadPoolExecutor@5fc58f44[Running, pool size = 4, active threads = 0, queued tasks = 0, completed tasks = 68]
