16:01:34:672  INFO 16572 --- [main] com.hmall.HMallApplication               : Starting HMallApplication using Java 11.0.8 on xmh with PID 16572 (D:\idea-project\hmall\hm-service\target\classes started by 57186 in D:\idea-project\hmall)
16:01:34:676 DEBUG 16572 --- [main] com.hmall.HMallApplication               : Running with Spring Boot v2.7.12, Spring v5.3.27
16:01:34:676  INFO 16572 --- [main] com.hmall.HMallApplication               : The following 1 profile is active: "dev"
16:01:35:083  INFO 16572 --- [main] .s.d.r.c.RepositoryConfigurationDelegate : Multiple Spring Data modules found, entering strict repository configuration mode
16:01:35:084  INFO 16572 --- [main] .s.d.r.c.RepositoryConfigurationDelegate : Bootstrapping Spring Data Redis repositories in DEFAULT mode.
16:01:35:100  INFO 16572 --- [main] .s.d.r.c.RepositoryConfigurationDelegate : Finished Spring Data repository scanning in 7 ms. Found 0 Redis repository interfaces.
16:01:35:365  INFO 16572 --- [main] o.s.b.w.embedded.tomcat.TomcatWebServer  : Tomcat initialized with port(s): 8080 (http)
16:01:35:370  INFO 16572 --- [main] o.apache.catalina.core.StandardService   : Starting service [Tomcat]
16:01:35:371  INFO 16572 --- [main] org.apache.catalina.core.StandardEngine  : Starting Servlet engine: [Apache Tomcat/9.0.75]
16:01:35:436  INFO 16572 --- [main] o.a.c.c.C.[Tomcat].[localhost].[/]       : Initializing Spring embedded WebApplicationContext
16:01:35:437  INFO 16572 --- [main] w.s.c.ServletWebServerApplicationContext : Root WebApplicationContext: initialization completed in 735 ms
16:01:36:607  INFO 16572 --- [main] pertySourcedRequestMappingHandlerMapping : Mapped URL path [/v2/api-docs] onto method [springfox.documentation.swagger2.web.Swagger2ControllerWebMvc#getDocumentation(String, HttpServletRequest)]
16:01:36:805  INFO 16572 --- [main] o.s.b.w.embedded.tomcat.TomcatWebServer  : Tomcat started on port(s): 8080 (http) with context path ''
16:01:36:806  INFO 16572 --- [main] d.s.w.p.DocumentationPluginsBootstrapper : Documentation plugins bootstrapped
16:01:36:808  INFO 16572 --- [main] d.s.w.p.DocumentationPluginsBootstrapper : Found 1 custom documentation plugin(s)
16:01:36:829  INFO 16572 --- [main] s.d.s.w.s.ApiListingReferenceScanner     : Scanning for api listing references
16:01:36:947  INFO 16572 --- [main] com.hmall.HMallApplication               : Started HMallApplication in 2.493 seconds (JVM running for 3.003)
16:01:36:949  INFO 16572 --- [main] com.hmall.HMallApplication               : 项目启动成功！
16:08:43:594  INFO 7644 --- [main] com.hmall.HMallApplication               : Starting HMallApplication using Java 11.0.8 on xmh with PID 7644 (D:\idea-project\hmall\hm-service\target\classes started by 57186 in D:\idea-project\hmall)
16:08:43:595 DEBUG 7644 --- [main] com.hmall.HMallApplication               : Running with Spring Boot v2.7.12, Spring v5.3.27
16:08:43:596  INFO 7644 --- [main] com.hmall.HMallApplication               : The following 1 profile is active: "dev"
16:08:44:140  INFO 7644 --- [main] .s.d.r.c.RepositoryConfigurationDelegate : Multiple Spring Data modules found, entering strict repository configuration mode
16:08:44:142  INFO 7644 --- [main] .s.d.r.c.RepositoryConfigurationDelegate : Bootstrapping Spring Data Redis repositories in DEFAULT mode.
16:08:44:158  INFO 7644 --- [main] .s.d.r.c.RepositoryConfigurationDelegate : Finished Spring Data repository scanning in 8 ms. Found 0 Redis repository interfaces.
16:08:44:434  INFO 7644 --- [main] o.s.b.w.embedded.tomcat.TomcatWebServer  : Tomcat initialized with port(s): 8080 (http)
16:08:44:439  INFO 7644 --- [main] o.apache.catalina.core.StandardService   : Starting service [Tomcat]
16:08:44:440  INFO 7644 --- [main] org.apache.catalina.core.StandardEngine  : Starting Servlet engine: [Apache Tomcat/9.0.75]
16:08:44:520  INFO 7644 --- [main] o.a.c.c.C.[Tomcat].[localhost].[/]       : Initializing Spring embedded WebApplicationContext
16:08:44:521  INFO 7644 --- [main] w.s.c.ServletWebServerApplicationContext : Root WebApplicationContext: initialization completed in 900 ms
16:08:46:025  INFO 7644 --- [main] pertySourcedRequestMappingHandlerMapping : Mapped URL path [/v2/api-docs] onto method [springfox.documentation.swagger2.web.Swagger2ControllerWebMvc#getDocumentation(String, HttpServletRequest)]
16:08:46:323  WARN 7644 --- [main] ConfigServletWebServerApplicationContext : Exception encountered during context initialization - cancelling refresh attempt: org.springframework.context.ApplicationContextException: Failed to start bean 'webServerStartStop'; nested exception is org.springframework.boot.web.server.PortInUseException: Port 8080 is already in use
16:08:46:346  INFO 7644 --- [main] o.apache.catalina.core.StandardService   : Stopping service [Tomcat]
16:08:46:357  INFO 7644 --- [main] ConditionEvaluationReportLoggingListener : 

Error starting ApplicationContext. To display the conditions report re-run your application with 'debug' enabled.
16:08:46:372 ERROR 7644 --- [main] o.s.b.d.LoggingFailureAnalysisReporter   : 

***************************
APPLICATION FAILED TO START
***************************

Description:

Web server failed to start. Port 8080 was already in use.

Action:

Identify and stop the process that's listening on port 8080 or configure this application to listen on another port.

