10:28:54:673  INFO 8100 --- [main] com.hmall.trade.TradeApplication         : Starting TradeApplication using Java 11.0.8 on xmh with PID 8100 (D:\idea-project\hmall\trade-service\target\classes started by 57186 in D:\idea-project\hmall)
10:28:54:675 DEBUG 8100 --- [main] com.hmall.trade.TradeApplication         : Running with Spring Boot v2.7.12, Spring v5.3.27
10:28:54:676  INFO 8100 --- [main] com.hmall.trade.TradeApplication         : The following 1 profile is active: "local"
10:28:55:196  INFO 8100 --- [main] .s.d.r.c.RepositoryConfigurationDelegate : Multiple Spring Data modules found, entering strict repository configuration mode
10:28:55:198  INFO 8100 --- [main] .s.d.r.c.RepositoryConfigurationDelegate : Bootstrapping Spring Data Redis repositories in DEFAULT mode.
10:28:55:217  INFO 8100 --- [main] .s.d.r.c.RepositoryConfigurationDelegate : Finished Spring Data repository scanning in 7 ms. Found 0 Redis repository interfaces.
10:28:55:329  INFO 8100 --- [main] o.s.cloud.context.scope.GenericScope     : BeanFactory id=3720aa29-34fe-3949-b959-151f1f7a470c
10:28:55:542  INFO 8100 --- [main] o.s.b.w.embedded.tomcat.TomcatWebServer  : Tomcat initialized with port(s): 8085 (http)
10:28:55:549  INFO 8100 --- [main] o.apache.catalina.core.StandardService   : Starting service [Tomcat]
10:28:55:549  INFO 8100 --- [main] org.apache.catalina.core.StandardEngine  : Starting Servlet engine: [Apache Tomcat/9.0.75]
10:28:55:671  INFO 8100 --- [main] o.a.c.c.C.[Tomcat].[localhost].[/]       : Initializing Spring embedded WebApplicationContext
10:28:55:671  INFO 8100 --- [main] w.s.c.ServletWebServerApplicationContext : Root WebApplicationContext: initialization completed in 967 ms
10:28:55:894  INFO 8100 --- [main] o.s.c.openfeign.FeignClientFactoryBean   : For 'item-service' URL not provided. Will try picking an instance via load-balancing.
10:28:57:642  INFO 8100 --- [main] o.s.c.openfeign.FeignClientFactoryBean   : For 'cart-service' URL not provided. Will try picking an instance via load-balancing.
10:28:58:421  INFO 8100 --- [main] pertySourcedRequestMappingHandlerMapping : Mapped URL path [/v2/api-docs] onto method [springfox.documentation.swagger2.web.Swagger2ControllerWebMvc#getDocumentation(String, HttpServletRequest)]
10:28:59:172  INFO 8100 --- [main] com.alibaba.nacos.common.remote.client   : [RpcClientFactory] create a new rpc client of 63a521f8-4ad0-4537-b4bb-af3239e99703
10:28:59:193  INFO 8100 --- [main] org.reflections.Reflections              : Reflections took 12 ms to scan 1 urls, producing 3 keys and 6 values 
10:28:59:205  INFO 8100 --- [main] org.reflections.Reflections              : Reflections took 5 ms to scan 1 urls, producing 4 keys and 9 values 
10:28:59:211  INFO 8100 --- [main] org.reflections.Reflections              : Reflections took 4 ms to scan 1 urls, producing 3 keys and 10 values 
10:28:59:212  WARN 8100 --- [main] org.reflections.Reflections              : given scan urls are empty. set urls in the configuration
10:28:59:216  INFO 8100 --- [main] org.reflections.Reflections              : Reflections took 3 ms to scan 1 urls, producing 1 keys and 5 values 
10:28:59:222  INFO 8100 --- [main] org.reflections.Reflections              : Reflections took 5 ms to scan 1 urls, producing 1 keys and 7 values 
10:28:59:227  INFO 8100 --- [main] org.reflections.Reflections              : Reflections took 4 ms to scan 1 urls, producing 2 keys and 8 values 
10:28:59:228  WARN 8100 --- [main] org.reflections.Reflections              : given scan urls are empty. set urls in the configuration
10:28:59:228  INFO 8100 --- [main] com.alibaba.nacos.common.remote.client   : [63a521f8-4ad0-4537-b4bb-af3239e99703] RpcClient init label, labels = {module=naming, source=sdk}
10:28:59:229  INFO 8100 --- [main] com.alibaba.nacos.common.remote.client   : [63a521f8-4ad0-4537-b4bb-af3239e99703] RpcClient init, ServerListFactory = com.alibaba.nacos.client.naming.core.ServerListManager
10:28:59:229  INFO 8100 --- [main] com.alibaba.nacos.common.remote.client   : [63a521f8-4ad0-4537-b4bb-af3239e99703] Registry connection listener to current client:com.alibaba.nacos.client.naming.remote.gprc.redo.NamingGrpcRedoService
10:28:59:230  INFO 8100 --- [main] com.alibaba.nacos.common.remote.client   : [63a521f8-4ad0-4537-b4bb-af3239e99703] Register server push request handler:com.alibaba.nacos.client.naming.remote.gprc.NamingPushRequestHandler
10:28:59:231  INFO 8100 --- [main] com.alibaba.nacos.common.remote.client   : [63a521f8-4ad0-4537-b4bb-af3239e99703] Try to connect to server on start up, server: {serverIp = '192.168.80.130', server main port = 8848}
10:29:00:374  INFO 8100 --- [main] com.alibaba.nacos.common.remote.client   : [63a521f8-4ad0-4537-b4bb-af3239e99703] Success to connect to server [192.168.80.130:8848] on start up, connectionId = 1732069740260_192.168.80.1_51612
10:29:00:374  INFO 8100 --- [com.alibaba.nacos.client.remote.worker] com.alibaba.nacos.common.remote.client   : [63a521f8-4ad0-4537-b4bb-af3239e99703] Notify connected event to listeners.
10:29:00:375  INFO 8100 --- [main] com.alibaba.nacos.common.remote.client   : [63a521f8-4ad0-4537-b4bb-af3239e99703] Register server push request handler:com.alibaba.nacos.common.remote.client.RpcClient$ConnectResetRequestHandler
10:29:00:375  INFO 8100 --- [main] com.alibaba.nacos.common.remote.client   : [63a521f8-4ad0-4537-b4bb-af3239e99703] Register server push request handler:com.alibaba.nacos.common.remote.client.RpcClient$$Lambda$1113/0x00000008007a3c40
10:29:00:409  INFO 8100 --- [main] o.s.b.w.embedded.tomcat.TomcatWebServer  : Tomcat started on port(s): 8085 (http) with context path ''
10:29:00:420  INFO 8100 --- [main] c.a.c.n.registry.NacosServiceRegistry    : nacos registry, DEFAULT_GROUP trade-service 192.168.43.42:8085 register finished
10:29:00:950  INFO 8100 --- [nacos-grpc-client-executor-10] com.alibaba.nacos.common.remote.client   : [63a521f8-4ad0-4537-b4bb-af3239e99703] Receive server push request, request = NotifySubscriberRequest, requestId = 7
10:29:00:954  INFO 8100 --- [nacos-grpc-client-executor-10] com.alibaba.nacos.common.remote.client   : [63a521f8-4ad0-4537-b4bb-af3239e99703] Ack server push request, request = NotifySubscriberRequest, requestId = 7
10:29:00:977  INFO 8100 --- [main] d.s.w.p.DocumentationPluginsBootstrapper : Documentation plugins bootstrapped
10:29:00:980  INFO 8100 --- [main] d.s.w.p.DocumentationPluginsBootstrapper : Found 1 custom documentation plugin(s)
10:29:00:998  INFO 8100 --- [main] s.d.s.w.s.ApiListingReferenceScanner     : Scanning for api listing references
10:29:01:077  INFO 8100 --- [main] com.hmall.trade.TradeApplication         : Started TradeApplication in 7.417 seconds (JVM running for 8.328)
10:29:01:080  INFO 8100 --- [main] com.hmall.trade.TradeApplication         : 交易模块启动
10:31:23:552  WARN 8100 --- [Thread-7] c.a.n.common.http.HttpClientBeanHolder   : [HttpClientBeanHolder] Start destroying common HttpClient
10:31:23:554  WARN 8100 --- [Thread-4] c.a.nacos.common.notify.NotifyCenter     : [NotifyCenter] Start destroying Publisher
10:31:23:554  WARN 8100 --- [Thread-4] c.a.nacos.common.notify.NotifyCenter     : [NotifyCenter] Destruction of the end
10:31:23:554  WARN 8100 --- [Thread-7] c.a.n.common.http.HttpClientBeanHolder   : [HttpClientBeanHolder] Destruction of the end
10:31:24:005  INFO 8100 --- [SpringApplicationShutdownHook] c.a.c.n.registry.NacosServiceRegistry    : De-registering from Nacos Server now...
10:31:24:013  INFO 8100 --- [SpringApplicationShutdownHook] c.a.c.n.registry.NacosServiceRegistry    : De-registration finished.
10:31:24:322  INFO 8100 --- [SpringApplicationShutdownHook] com.alibaba.nacos.common.remote.client   : Shutdown rpc client, set status to shutdown
10:31:24:322  INFO 8100 --- [SpringApplicationShutdownHook] com.alibaba.nacos.common.remote.client   : Shutdown client event executor java.util.concurrent.ScheduledThreadPoolExecutor@6c6b018e[Running, pool size = 2, active threads = 2, queued tasks = 0, completed tasks = 0]
10:31:24:322  INFO 8100 --- [SpringApplicationShutdownHook] com.alibaba.nacos.common.remote.client   : Close current connection 1732069740260_192.168.80.1_51612
10:31:24:326  INFO 8100 --- [nacos-grpc-client-executor-46] c.a.n.c.remote.client.grpc.GrpcClient    : [1732069740260_192.168.80.1_51612]Ignore complete event,isRunning:false,isAbandon=false
10:31:24:328  INFO 8100 --- [SpringApplicationShutdownHook] c.a.n.c.remote.client.grpc.GrpcClient    : Shutdown grpc executor java.util.concurrent.ThreadPoolExecutor@52c2c1db[Running, pool size = 6, active threads = 0, queued tasks = 0, completed tasks = 47]
11:35:27:464  INFO 7820 --- [main] com.hmall.trade.TradeApplication         : Starting TradeApplication using Java 11.0.8 on xmh with PID 7820 (D:\idea-project\hmall\trade-service\target\classes started by 57186 in D:\idea-project\hmall)
11:35:27:465 DEBUG 7820 --- [main] com.hmall.trade.TradeApplication         : Running with Spring Boot v2.7.12, Spring v5.3.27
11:35:27:465  INFO 7820 --- [main] com.hmall.trade.TradeApplication         : The following 1 profile is active: "local"
11:35:27:987  INFO 7820 --- [main] .s.d.r.c.RepositoryConfigurationDelegate : Multiple Spring Data modules found, entering strict repository configuration mode
11:35:27:988  INFO 7820 --- [main] .s.d.r.c.RepositoryConfigurationDelegate : Bootstrapping Spring Data Redis repositories in DEFAULT mode.
11:35:28:009  INFO 7820 --- [main] .s.d.r.c.RepositoryConfigurationDelegate : Finished Spring Data repository scanning in 12 ms. Found 0 Redis repository interfaces.
11:35:28:131  INFO 7820 --- [main] o.s.cloud.context.scope.GenericScope     : BeanFactory id=3720aa29-34fe-3949-b959-151f1f7a470c
11:35:28:312  INFO 7820 --- [main] o.s.b.w.embedded.tomcat.TomcatWebServer  : Tomcat initialized with port(s): 8085 (http)
11:35:28:317  INFO 7820 --- [main] o.apache.catalina.core.StandardService   : Starting service [Tomcat]
11:35:28:317  INFO 7820 --- [main] org.apache.catalina.core.StandardEngine  : Starting Servlet engine: [Apache Tomcat/9.0.75]
11:35:28:388  INFO 7820 --- [main] o.a.c.c.C.[Tomcat].[localhost].[/]       : Initializing Spring embedded WebApplicationContext
11:35:28:388  INFO 7820 --- [main] w.s.c.ServletWebServerApplicationContext : Root WebApplicationContext: initialization completed in 899 ms
11:35:28:484  INFO 7820 --- [main] o.s.c.openfeign.FeignClientFactoryBean   : For 'item-service' URL not provided. Will try picking an instance via load-balancing.
11:35:29:333  INFO 7820 --- [main] o.s.c.openfeign.FeignClientFactoryBean   : For 'cart-service' URL not provided. Will try picking an instance via load-balancing.
11:35:30:940  INFO 7820 --- [main] o.s.cloud.commons.util.InetUtils         : Cannot determine local hostname
11:35:30:957  INFO 7820 --- [main] pertySourcedRequestMappingHandlerMapping : Mapped URL path [/v2/api-docs] onto method [springfox.documentation.swagger2.web.Swagger2ControllerWebMvc#getDocumentation(String, HttpServletRequest)]
11:35:32:662  INFO 7820 --- [main] o.s.cloud.commons.util.InetUtils         : Cannot determine local hostname
11:35:32:745  INFO 7820 --- [main] com.alibaba.nacos.common.remote.client   : [RpcClientFactory] create a new rpc client of 8865b700-2fb6-4e79-b9e1-9ef2329757c0
11:35:32:767  INFO 7820 --- [main] org.reflections.Reflections              : Reflections took 11 ms to scan 1 urls, producing 3 keys and 6 values 
11:35:32:782  INFO 7820 --- [main] org.reflections.Reflections              : Reflections took 6 ms to scan 1 urls, producing 4 keys and 9 values 
11:35:32:788  INFO 7820 --- [main] org.reflections.Reflections              : Reflections took 4 ms to scan 1 urls, producing 3 keys and 10 values 
11:35:32:789  WARN 7820 --- [main] org.reflections.Reflections              : given scan urls are empty. set urls in the configuration
11:35:32:793  INFO 7820 --- [main] org.reflections.Reflections              : Reflections took 4 ms to scan 1 urls, producing 1 keys and 5 values 
11:35:32:798  INFO 7820 --- [main] org.reflections.Reflections              : Reflections took 4 ms to scan 1 urls, producing 1 keys and 7 values 
11:35:32:804  INFO 7820 --- [main] org.reflections.Reflections              : Reflections took 3 ms to scan 1 urls, producing 2 keys and 8 values 
11:35:32:804  WARN 7820 --- [main] org.reflections.Reflections              : given scan urls are empty. set urls in the configuration
11:35:32:805  INFO 7820 --- [main] com.alibaba.nacos.common.remote.client   : [8865b700-2fb6-4e79-b9e1-9ef2329757c0] RpcClient init label, labels = {module=naming, source=sdk}
11:35:32:806  INFO 7820 --- [main] com.alibaba.nacos.common.remote.client   : [8865b700-2fb6-4e79-b9e1-9ef2329757c0] RpcClient init, ServerListFactory = com.alibaba.nacos.client.naming.core.ServerListManager
11:35:32:806  INFO 7820 --- [main] com.alibaba.nacos.common.remote.client   : [8865b700-2fb6-4e79-b9e1-9ef2329757c0] Registry connection listener to current client:com.alibaba.nacos.client.naming.remote.gprc.redo.NamingGrpcRedoService
11:35:32:807  INFO 7820 --- [main] com.alibaba.nacos.common.remote.client   : [8865b700-2fb6-4e79-b9e1-9ef2329757c0] Register server push request handler:com.alibaba.nacos.client.naming.remote.gprc.NamingPushRequestHandler
11:35:32:807  INFO 7820 --- [main] com.alibaba.nacos.common.remote.client   : [8865b700-2fb6-4e79-b9e1-9ef2329757c0] Try to connect to server on start up, server: {serverIp = '192.168.80.130', server main port = 8848}
11:35:34:089  INFO 7820 --- [main] com.alibaba.nacos.common.remote.client   : [8865b700-2fb6-4e79-b9e1-9ef2329757c0] Success to connect to server [192.168.80.130:8848] on start up, connectionId = 1732073700930_192.168.80.1_54609
11:35:34:090  INFO 7820 --- [main] com.alibaba.nacos.common.remote.client   : [8865b700-2fb6-4e79-b9e1-9ef2329757c0] Register server push request handler:com.alibaba.nacos.common.remote.client.RpcClient$ConnectResetRequestHandler
11:35:34:089  INFO 7820 --- [com.alibaba.nacos.client.remote.worker] com.alibaba.nacos.common.remote.client   : [8865b700-2fb6-4e79-b9e1-9ef2329757c0] Notify connected event to listeners.
11:35:34:091  INFO 7820 --- [main] com.alibaba.nacos.common.remote.client   : [8865b700-2fb6-4e79-b9e1-9ef2329757c0] Register server push request handler:com.alibaba.nacos.common.remote.client.RpcClient$$Lambda$1113/0x000000080079a040
11:35:34:126  INFO 7820 --- [main] o.s.b.w.embedded.tomcat.TomcatWebServer  : Tomcat started on port(s): 8085 (http) with context path ''
11:35:34:136  INFO 7820 --- [main] c.a.c.n.registry.NacosServiceRegistry    : nacos registry, DEFAULT_GROUP trade-service 192.168.43.42:8085 register finished
11:35:34:625  INFO 7820 --- [nacos-grpc-client-executor-7] com.alibaba.nacos.common.remote.client   : [8865b700-2fb6-4e79-b9e1-9ef2329757c0] Receive server push request, request = NotifySubscriberRequest, requestId = 19
11:35:34:628  INFO 7820 --- [nacos-grpc-client-executor-7] com.alibaba.nacos.common.remote.client   : [8865b700-2fb6-4e79-b9e1-9ef2329757c0] Ack server push request, request = NotifySubscriberRequest, requestId = 19
11:35:35:425  INFO 7820 --- [main] o.s.cloud.commons.util.InetUtils         : Cannot determine local hostname
11:35:35:425  INFO 7820 --- [main] d.s.w.p.DocumentationPluginsBootstrapper : Documentation plugins bootstrapped
11:35:35:427  INFO 7820 --- [main] d.s.w.p.DocumentationPluginsBootstrapper : Found 1 custom documentation plugin(s)
11:35:35:438  INFO 7820 --- [main] s.d.s.w.s.ApiListingReferenceScanner     : Scanning for api listing references
11:35:35:482  INFO 7820 --- [main] com.hmall.trade.TradeApplication         : Started TradeApplication in 10.027 seconds (JVM running for 11.172)
11:35:35:484  INFO 7820 --- [main] com.hmall.trade.TradeApplication         : 交易模块启动
11:39:51:414  WARN 7820 --- [Thread-4] c.a.nacos.common.notify.NotifyCenter     : [NotifyCenter] Start destroying Publisher
11:39:51:415  WARN 7820 --- [Thread-4] c.a.nacos.common.notify.NotifyCenter     : [NotifyCenter] Destruction of the end
11:39:51:415  WARN 7820 --- [Thread-7] c.a.n.common.http.HttpClientBeanHolder   : [HttpClientBeanHolder] Start destroying common HttpClient
11:39:51:415  WARN 7820 --- [Thread-7] c.a.n.common.http.HttpClientBeanHolder   : [HttpClientBeanHolder] Destruction of the end
11:39:51:804  INFO 7820 --- [SpringApplicationShutdownHook] c.a.c.n.registry.NacosServiceRegistry    : De-registering from Nacos Server now...
11:39:51:808  INFO 7820 --- [SpringApplicationShutdownHook] c.a.c.n.registry.NacosServiceRegistry    : De-registration finished.
11:39:52:121  INFO 7820 --- [SpringApplicationShutdownHook] com.alibaba.nacos.common.remote.client   : Shutdown rpc client, set status to shutdown
11:39:52:121  INFO 7820 --- [SpringApplicationShutdownHook] com.alibaba.nacos.common.remote.client   : Shutdown client event executor java.util.concurrent.ScheduledThreadPoolExecutor@18cf4e35[Running, pool size = 2, active threads = 2, queued tasks = 0, completed tasks = 0]
11:39:52:121  INFO 7820 --- [SpringApplicationShutdownHook] com.alibaba.nacos.common.remote.client   : Close current connection 1732073700930_192.168.80.1_54609
11:39:52:125  INFO 7820 --- [SpringApplicationShutdownHook] c.a.n.c.remote.client.grpc.GrpcClient    : Shutdown grpc executor java.util.concurrent.ThreadPoolExecutor@7cd5ebf7[Running, pool size = 5, active threads = 0, queued tasks = 0, completed tasks = 65]
