10:28:48:787  INFO 972 --- [main] com.hmall.item.ItemApplication           : Starting ItemApplication using Java 11.0.8 on xmh with PID 972 (D:\idea-project\hmall\item-service\target\classes started by 57186 in D:\idea-project\hmall)
10:28:48:791 DEBUG 972 --- [main] com.hmall.item.ItemApplication           : Running with Spring Boot v2.7.12, Spring v5.3.27
10:28:48:792  INFO 972 --- [main] com.hmall.item.ItemApplication           : The following 1 profile is active: "local"
10:28:49:715  INFO 972 --- [main] o.s.cloud.context.scope.GenericScope     : BeanFactory id=0896a3c4-a260-3a14-abf3-a375d422cddf
10:28:49:949  INFO 972 --- [main] o.s.b.w.embedded.tomcat.TomcatWebServer  : Tomcat initialized with port(s): 8081 (http)
10:28:49:959  INFO 972 --- [main] o.apache.catalina.core.StandardService   : Starting service [Tomcat]
10:28:49:959  INFO 972 --- [main] org.apache.catalina.core.StandardEngine  : Starting Servlet engine: [Apache Tomcat/9.0.75]
10:28:50:059  INFO 972 --- [main] o.a.c.c.C.[Tomcat].[localhost].[/]       : Initializing Spring embedded WebApplicationContext
10:28:50:060  INFO 972 --- [main] w.s.c.ServletWebServerApplicationContext : Root WebApplicationContext: initialization completed in 1241 ms
10:28:50:546  INFO 6648 --- [main] com.hmall.item.ItemApplication           : Starting ItemApplication using Java 11.0.8 on xmh with PID 6648 (D:\idea-project\hmall\item-service\target\classes started by 57186 in D:\idea-project\hmall)
10:28:50:547 DEBUG 6648 --- [main] com.hmall.item.ItemApplication           : Running with Spring Boot v2.7.12, Spring v5.3.27
10:28:50:547  INFO 6648 --- [main] com.hmall.item.ItemApplication           : The following 1 profile is active: "local"
10:28:51:318  INFO 6648 --- [main] o.s.cloud.context.scope.GenericScope     : BeanFactory id=0896a3c4-a260-3a14-abf3-a375d422cddf
10:28:51:512  INFO 6648 --- [main] o.s.b.w.embedded.tomcat.TomcatWebServer  : Tomcat initialized with port(s): 8083 (http)
10:28:51:519  INFO 6648 --- [main] o.apache.catalina.core.StandardService   : Starting service [Tomcat]
10:28:51:519  INFO 6648 --- [main] org.apache.catalina.core.StandardEngine  : Starting Servlet engine: [Apache Tomcat/9.0.75]
10:28:51:613  INFO 6648 --- [main] o.a.c.c.C.[Tomcat].[localhost].[/]       : Initializing Spring embedded WebApplicationContext
10:28:51:614  INFO 6648 --- [main] w.s.c.ServletWebServerApplicationContext : Root WebApplicationContext: initialization completed in 1044 ms
10:28:52:580  INFO 972 --- [main] pertySourcedRequestMappingHandlerMapping : Mapped URL path [/v2/api-docs] onto method [springfox.documentation.swagger2.web.Swagger2ControllerWebMvc#getDocumentation(String, HttpServletRequest)]
10:28:53:450  INFO 972 --- [main] com.alibaba.nacos.common.remote.client   : [RpcClientFactory] create a new rpc client of 64f02db4-f3d2-41d5-9276-807d79db8b02
10:28:53:482  INFO 972 --- [main] org.reflections.Reflections              : Reflections took 18 ms to scan 1 urls, producing 3 keys and 6 values 
10:28:53:504  INFO 972 --- [main] org.reflections.Reflections              : Reflections took 7 ms to scan 1 urls, producing 4 keys and 9 values 
10:28:53:514  INFO 972 --- [main] org.reflections.Reflections              : Reflections took 7 ms to scan 1 urls, producing 3 keys and 10 values 
10:28:53:516  WARN 972 --- [main] org.reflections.Reflections              : given scan urls are empty. set urls in the configuration
10:28:53:522  INFO 972 --- [main] org.reflections.Reflections              : Reflections took 5 ms to scan 1 urls, producing 1 keys and 5 values 
10:28:53:530  INFO 972 --- [main] org.reflections.Reflections              : Reflections took 5 ms to scan 1 urls, producing 1 keys and 7 values 
10:28:53:538  INFO 972 --- [main] org.reflections.Reflections              : Reflections took 6 ms to scan 1 urls, producing 2 keys and 8 values 
10:28:53:539  WARN 972 --- [main] org.reflections.Reflections              : given scan urls are empty. set urls in the configuration
10:28:53:540  INFO 972 --- [main] com.alibaba.nacos.common.remote.client   : [64f02db4-f3d2-41d5-9276-807d79db8b02] RpcClient init label, labels = {module=naming, source=sdk}
10:28:53:542  INFO 972 --- [main] com.alibaba.nacos.common.remote.client   : [64f02db4-f3d2-41d5-9276-807d79db8b02] RpcClient init, ServerListFactory = com.alibaba.nacos.client.naming.core.ServerListManager
10:28:53:542  INFO 972 --- [main] com.alibaba.nacos.common.remote.client   : [64f02db4-f3d2-41d5-9276-807d79db8b02] Registry connection listener to current client:com.alibaba.nacos.client.naming.remote.gprc.redo.NamingGrpcRedoService
10:28:53:543  INFO 972 --- [main] com.alibaba.nacos.common.remote.client   : [64f02db4-f3d2-41d5-9276-807d79db8b02] Register server push request handler:com.alibaba.nacos.client.naming.remote.gprc.NamingPushRequestHandler
10:28:53:544  INFO 972 --- [main] com.alibaba.nacos.common.remote.client   : [64f02db4-f3d2-41d5-9276-807d79db8b02] Try to connect to server on start up, server: {serverIp = '192.168.80.130', server main port = 8848}
10:28:54:715  INFO 6648 --- [main] pertySourcedRequestMappingHandlerMapping : Mapped URL path [/v2/api-docs] onto method [springfox.documentation.swagger2.web.Swagger2ControllerWebMvc#getDocumentation(String, HttpServletRequest)]
10:28:55:536  INFO 6648 --- [main] com.alibaba.nacos.common.remote.client   : [RpcClientFactory] create a new rpc client of e6a334fd-4ca0-4e33-80df-1ba4da0d005a
10:28:55:562  INFO 6648 --- [main] org.reflections.Reflections              : Reflections took 13 ms to scan 1 urls, producing 3 keys and 6 values 
10:28:55:587  INFO 6648 --- [main] org.reflections.Reflections              : Reflections took 7 ms to scan 1 urls, producing 4 keys and 9 values 
10:28:55:595  INFO 6648 --- [main] org.reflections.Reflections              : Reflections took 5 ms to scan 1 urls, producing 3 keys and 10 values 
10:28:55:597  WARN 6648 --- [main] org.reflections.Reflections              : given scan urls are empty. set urls in the configuration
10:28:55:605  INFO 6648 --- [main] org.reflections.Reflections              : Reflections took 7 ms to scan 1 urls, producing 1 keys and 5 values 
10:28:55:611  INFO 6648 --- [main] org.reflections.Reflections              : Reflections took 5 ms to scan 1 urls, producing 1 keys and 7 values 
10:28:55:617  INFO 6648 --- [main] org.reflections.Reflections              : Reflections took 4 ms to scan 1 urls, producing 2 keys and 8 values 
10:28:55:619  WARN 6648 --- [main] org.reflections.Reflections              : given scan urls are empty. set urls in the configuration
10:28:55:620  INFO 6648 --- [main] com.alibaba.nacos.common.remote.client   : [e6a334fd-4ca0-4e33-80df-1ba4da0d005a] RpcClient init label, labels = {module=naming, source=sdk}
10:28:55:621  INFO 6648 --- [main] com.alibaba.nacos.common.remote.client   : [e6a334fd-4ca0-4e33-80df-1ba4da0d005a] RpcClient init, ServerListFactory = com.alibaba.nacos.client.naming.core.ServerListManager
10:28:55:621  INFO 6648 --- [main] com.alibaba.nacos.common.remote.client   : [e6a334fd-4ca0-4e33-80df-1ba4da0d005a] Registry connection listener to current client:com.alibaba.nacos.client.naming.remote.gprc.redo.NamingGrpcRedoService
10:28:55:622  INFO 6648 --- [main] com.alibaba.nacos.common.remote.client   : [e6a334fd-4ca0-4e33-80df-1ba4da0d005a] Register server push request handler:com.alibaba.nacos.client.naming.remote.gprc.NamingPushRequestHandler
10:28:55:624  INFO 6648 --- [main] com.alibaba.nacos.common.remote.client   : [e6a334fd-4ca0-4e33-80df-1ba4da0d005a] Try to connect to server on start up, server: {serverIp = '192.168.80.130', server main port = 8848}
10:28:55:682  INFO 972 --- [main] com.alibaba.nacos.common.remote.client   : [64f02db4-f3d2-41d5-9276-807d79db8b02] Success to connect to server [192.168.80.130:8848] on start up, connectionId = 1732069735524_192.168.80.1_51400
10:28:55:683  INFO 972 --- [main] com.alibaba.nacos.common.remote.client   : [64f02db4-f3d2-41d5-9276-807d79db8b02] Register server push request handler:com.alibaba.nacos.common.remote.client.RpcClient$ConnectResetRequestHandler
10:28:55:684  INFO 972 --- [main] com.alibaba.nacos.common.remote.client   : [64f02db4-f3d2-41d5-9276-807d79db8b02] Register server push request handler:com.alibaba.nacos.common.remote.client.RpcClient$$Lambda$935/0x00000008006bc040
10:28:55:683  INFO 972 --- [com.alibaba.nacos.client.remote.worker] com.alibaba.nacos.common.remote.client   : [64f02db4-f3d2-41d5-9276-807d79db8b02] Notify connected event to listeners.
10:28:55:778  INFO 972 --- [main] o.s.b.w.embedded.tomcat.TomcatWebServer  : Tomcat started on port(s): 8081 (http) with context path ''
10:28:55:836  INFO 972 --- [main] c.a.c.n.registry.NacosServiceRegistry    : nacos registry, DEFAULT_GROUP item-service 192.168.43.42:8081 register finished
10:28:56:283  INFO 972 --- [nacos-grpc-client-executor-8] com.alibaba.nacos.common.remote.client   : [64f02db4-f3d2-41d5-9276-807d79db8b02] Receive server push request, request = NotifySubscriberRequest, requestId = 3
10:28:56:287  INFO 972 --- [nacos-grpc-client-executor-8] com.alibaba.nacos.common.remote.client   : [64f02db4-f3d2-41d5-9276-807d79db8b02] Ack server push request, request = NotifySubscriberRequest, requestId = 3
10:28:56:605  INFO 972 --- [main] d.s.w.p.DocumentationPluginsBootstrapper : Documentation plugins bootstrapped
10:28:56:609  INFO 972 --- [main] d.s.w.p.DocumentationPluginsBootstrapper : Found 1 custom documentation plugin(s)
10:28:56:634  INFO 972 --- [main] s.d.s.w.s.ApiListingReferenceScanner     : Scanning for api listing references
10:28:56:714  INFO 972 --- [main] com.hmall.item.ItemApplication           : Started ItemApplication in 8.618 seconds (JVM running for 9.347)
10:28:56:717  INFO 972 --- [main] com.hmall.item.ItemApplication           : 商品模块启动成功
10:28:57:845  INFO 6648 --- [main] com.alibaba.nacos.common.remote.client   : [e6a334fd-4ca0-4e33-80df-1ba4da0d005a] Success to connect to server [192.168.80.130:8848] on start up, connectionId = 1732069737687_192.168.80.1_51477
10:28:57:845  INFO 6648 --- [main] com.alibaba.nacos.common.remote.client   : [e6a334fd-4ca0-4e33-80df-1ba4da0d005a] Register server push request handler:com.alibaba.nacos.common.remote.client.RpcClient$ConnectResetRequestHandler
10:28:57:845  INFO 6648 --- [com.alibaba.nacos.client.remote.worker] com.alibaba.nacos.common.remote.client   : [e6a334fd-4ca0-4e33-80df-1ba4da0d005a] Notify connected event to listeners.
10:28:57:846  INFO 6648 --- [main] com.alibaba.nacos.common.remote.client   : [e6a334fd-4ca0-4e33-80df-1ba4da0d005a] Register server push request handler:com.alibaba.nacos.common.remote.client.RpcClient$$Lambda$935/0x00000008006bc040
10:28:57:924  INFO 6648 --- [main] o.s.b.w.embedded.tomcat.TomcatWebServer  : Tomcat started on port(s): 8083 (http) with context path ''
10:28:57:942  INFO 6648 --- [main] c.a.c.n.registry.NacosServiceRegistry    : nacos registry, DEFAULT_GROUP item-service 192.168.43.42:8083 register finished
10:28:58:361  INFO 6648 --- [main] d.s.w.p.DocumentationPluginsBootstrapper : Documentation plugins bootstrapped
10:28:58:363  INFO 6648 --- [main] d.s.w.p.DocumentationPluginsBootstrapper : Found 1 custom documentation plugin(s)
10:28:58:378  INFO 972 --- [nacos-grpc-client-executor-11] com.alibaba.nacos.common.remote.client   : [64f02db4-f3d2-41d5-9276-807d79db8b02] Receive server push request, request = NotifySubscriberRequest, requestId = 4
10:28:58:379  INFO 972 --- [nacos-grpc-client-executor-11] com.alibaba.nacos.common.remote.client   : [64f02db4-f3d2-41d5-9276-807d79db8b02] Ack server push request, request = NotifySubscriberRequest, requestId = 4
10:28:58:387  INFO 6648 --- [main] s.d.s.w.s.ApiListingReferenceScanner     : Scanning for api listing references
10:28:58:392  INFO 6648 --- [nacos-grpc-client-executor-11] com.alibaba.nacos.common.remote.client   : [e6a334fd-4ca0-4e33-80df-1ba4da0d005a] Receive server push request, request = NotifySubscriberRequest, requestId = 5
10:28:58:395  INFO 6648 --- [nacos-grpc-client-executor-11] com.alibaba.nacos.common.remote.client   : [e6a334fd-4ca0-4e33-80df-1ba4da0d005a] Ack server push request, request = NotifySubscriberRequest, requestId = 5
10:28:58:464  INFO 6648 --- [main] com.hmall.item.ItemApplication           : Started ItemApplication in 8.603 seconds (JVM running for 9.495)
10:28:58:466  INFO 6648 --- [main] com.hmall.item.ItemApplication           : 商品模块启动成功
10:30:01:701  INFO 972 --- [http-nio-8081-exec-3] o.a.c.c.C.[Tomcat].[localhost].[/]       : Initializing Spring DispatcherServlet 'dispatcherServlet'
10:30:01:701  INFO 972 --- [http-nio-8081-exec-3] o.s.web.servlet.DispatcherServlet        : Initializing Servlet 'dispatcherServlet'
10:30:01:701  INFO 972 --- [http-nio-8081-exec-3] o.s.web.servlet.DispatcherServlet        : Completed initialization in 0 ms
10:30:01:791  INFO 972 --- [http-nio-8081-exec-3] com.zaxxer.hikari.HikariDataSource       : HikariPool-1 - Starting...
10:30:02:198  INFO 972 --- [http-nio-8081-exec-3] com.zaxxer.hikari.HikariDataSource       : HikariPool-1 - Start completed.
10:30:02:206 DEBUG 972 --- [http-nio-8081-exec-3] c.h.i.mapper.ItemMapper.selectBatchIds   : ==>  Preparing: SELECT id,name,price,stock,image,category,brand,spec,sold,comment_count,isAD,status,create_time,update_time,creater,updater FROM item WHERE id IN ( ? , ? , ? )
10:30:02:235 DEBUG 972 --- [http-nio-8081-exec-3] c.h.i.mapper.ItemMapper.selectBatchIds   : ==> Parameters: 40305713537(Long), 100000006163(Long), 2120808(Long)
10:30:02:302 DEBUG 972 --- [http-nio-8081-exec-3] c.h.i.mapper.ItemMapper.selectBatchIds   : <==      Total: 3
10:30:17:375  INFO 6648 --- [http-nio-8083-exec-2] o.a.c.c.C.[Tomcat].[localhost].[/]       : Initializing Spring DispatcherServlet 'dispatcherServlet'
10:30:17:375  INFO 6648 --- [http-nio-8083-exec-2] o.s.web.servlet.DispatcherServlet        : Initializing Servlet 'dispatcherServlet'
10:30:17:376  INFO 6648 --- [http-nio-8083-exec-2] o.s.web.servlet.DispatcherServlet        : Completed initialization in 1 ms
10:30:17:415  INFO 6648 --- [http-nio-8083-exec-2] com.zaxxer.hikari.HikariDataSource       : HikariPool-1 - Starting...
10:30:17:560  INFO 6648 --- [http-nio-8083-exec-2] com.zaxxer.hikari.HikariDataSource       : HikariPool-1 - Start completed.
10:30:17:564 DEBUG 6648 --- [http-nio-8083-exec-2] c.h.i.mapper.ItemMapper.selectBatchIds   : ==>  Preparing: SELECT id,name,price,stock,image,category,brand,spec,sold,comment_count,isAD,status,create_time,update_time,creater,updater FROM item WHERE id IN ( ? , ? , ? )
10:30:17:575 DEBUG 6648 --- [http-nio-8083-exec-2] c.h.i.mapper.ItemMapper.selectBatchIds   : ==> Parameters: 40305713537(Long), 100000006163(Long), 2120808(Long)
10:30:17:589 DEBUG 6648 --- [http-nio-8083-exec-2] c.h.i.mapper.ItemMapper.selectBatchIds   : <==      Total: 3
10:30:21:988 DEBUG 972 --- [http-nio-8081-exec-4] c.h.i.mapper.ItemMapper.selectBatchIds   : ==>  Preparing: SELECT id,name,price,stock,image,category,brand,spec,sold,comment_count,isAD,status,create_time,update_time,creater,updater FROM item WHERE id IN ( ? , ? )
10:30:21:988 DEBUG 972 --- [http-nio-8081-exec-4] c.h.i.mapper.ItemMapper.selectBatchIds   : ==> Parameters: 40305713537(Long), 100000006163(Long)
10:30:22:003 DEBUG 972 --- [http-nio-8081-exec-4] c.h.i.mapper.ItemMapper.selectBatchIds   : <==      Total: 2
10:30:39:547 DEBUG 6648 --- [http-nio-8083-exec-1] c.h.i.mapper.ItemMapper.selectBatchIds   : ==>  Preparing: SELECT id,name,price,stock,image,category,brand,spec,sold,comment_count,isAD,status,create_time,update_time,creater,updater FROM item WHERE id IN ( ? , ? )
10:30:39:547 DEBUG 6648 --- [http-nio-8083-exec-1] c.h.i.mapper.ItemMapper.selectBatchIds   : ==> Parameters: 40305713537(Long), 100000006163(Long)
10:30:39:550 DEBUG 6648 --- [http-nio-8083-exec-1] c.h.i.mapper.ItemMapper.selectBatchIds   : <==      Total: 2
10:30:40:238 DEBUG 6648 --- [http-nio-8083-exec-3] c.h.i.m.ItemMapper.selectPage_mpCount    : ==>  Preparing: SELECT COUNT(*) FROM item WHERE (status = ?)
10:30:40:238 DEBUG 6648 --- [http-nio-8083-exec-3] c.h.i.m.ItemMapper.selectPage_mpCount    : ==> Parameters: 1(Integer)
10:30:40:453 DEBUG 6648 --- [http-nio-8083-exec-3] c.h.i.m.ItemMapper.selectPage_mpCount    : <==      Total: 1
10:30:40:461 DEBUG 6648 --- [http-nio-8083-exec-3] c.h.item.mapper.ItemMapper.selectPage    : ==>  Preparing: SELECT id, name, price, stock, image, category, brand, spec, sold, comment_count, isAD, status, create_time, update_time, creater, updater FROM item WHERE (status = ?) ORDER BY update_time DESC LIMIT ?
10:30:40:461 DEBUG 6648 --- [http-nio-8083-exec-3] c.h.item.mapper.ItemMapper.selectPage    : ==> Parameters: 1(Integer), 20(Long)
10:30:40:493 DEBUG 6648 --- [http-nio-8083-exec-3] c.h.item.mapper.ItemMapper.selectPage    : <==      Total: 20
10:31:15:119 DEBUG 972 --- [http-nio-8081-exec-2] c.h.i.mapper.ItemMapper.selectBatchIds   : ==>  Preparing: SELECT id,name,price,stock,image,category,brand,spec,sold,comment_count,isAD,status,create_time,update_time,creater,updater FROM item WHERE id IN ( ? , ? , ? )
10:31:15:119 DEBUG 972 --- [http-nio-8081-exec-2] c.h.i.mapper.ItemMapper.selectBatchIds   : ==> Parameters: 40305713537(Long), 100000006163(Long), 100001511821(Long)
10:31:15:123 DEBUG 972 --- [http-nio-8081-exec-2] c.h.i.mapper.ItemMapper.selectBatchIds   : <==      Total: 3
10:31:23:550  WARN 972 --- [Thread-4] c.a.nacos.common.notify.NotifyCenter     : [NotifyCenter] Start destroying Publisher
10:31:23:550  WARN 972 --- [Thread-4] c.a.nacos.common.notify.NotifyCenter     : [NotifyCenter] Destruction of the end
10:31:23:549  WARN 972 --- [Thread-7] c.a.n.common.http.HttpClientBeanHolder   : [HttpClientBeanHolder] Start destroying common HttpClient
10:31:23:550  WARN 972 --- [Thread-7] c.a.n.common.http.HttpClientBeanHolder   : [HttpClientBeanHolder] Destruction of the end
10:31:23:554  WARN 6648 --- [Thread-4] c.a.nacos.common.notify.NotifyCenter     : [NotifyCenter] Start destroying Publisher
10:31:23:554  WARN 6648 --- [Thread-4] c.a.nacos.common.notify.NotifyCenter     : [NotifyCenter] Destruction of the end
10:31:23:554  WARN 6648 --- [Thread-7] c.a.n.common.http.HttpClientBeanHolder   : [HttpClientBeanHolder] Start destroying common HttpClient
10:31:23:554  WARN 6648 --- [Thread-7] c.a.n.common.http.HttpClientBeanHolder   : [HttpClientBeanHolder] Destruction of the end
10:31:23:989  INFO 972 --- [SpringApplicationShutdownHook] c.a.c.n.registry.NacosServiceRegistry    : De-registering from Nacos Server now...
10:31:23:997  INFO 972 --- [SpringApplicationShutdownHook] c.a.c.n.registry.NacosServiceRegistry    : De-registration finished.
10:31:24:005  INFO 6648 --- [SpringApplicationShutdownHook] c.a.c.n.registry.NacosServiceRegistry    : De-registering from Nacos Server now...
10:31:24:013  INFO 6648 --- [SpringApplicationShutdownHook] c.a.c.n.registry.NacosServiceRegistry    : De-registration finished.
10:31:24:310  INFO 972 --- [SpringApplicationShutdownHook] com.alibaba.nacos.common.remote.client   : Shutdown rpc client, set status to shutdown
10:31:24:310  INFO 972 --- [SpringApplicationShutdownHook] com.alibaba.nacos.common.remote.client   : Shutdown client event executor java.util.concurrent.ScheduledThreadPoolExecutor@43cb1413[Running, pool size = 2, active threads = 2, queued tasks = 0, completed tasks = 0]
10:31:24:310  INFO 972 --- [SpringApplicationShutdownHook] com.alibaba.nacos.common.remote.client   : Close current connection 1732069735524_192.168.80.1_51400
10:31:24:314  INFO 972 --- [SpringApplicationShutdownHook] c.a.n.c.remote.client.grpc.GrpcClient    : Shutdown grpc executor java.util.concurrent.ThreadPoolExecutor@16953985[Running, pool size = 5, active threads = 0, queued tasks = 0, completed tasks = 47]
10:31:24:318  INFO 972 --- [SpringApplicationShutdownHook] com.zaxxer.hikari.HikariDataSource       : HikariPool-1 - Shutdown initiated...
10:31:24:330  INFO 6648 --- [SpringApplicationShutdownHook] com.alibaba.nacos.common.remote.client   : Shutdown rpc client, set status to shutdown
10:31:24:330  INFO 6648 --- [SpringApplicationShutdownHook] com.alibaba.nacos.common.remote.client   : Shutdown client event executor java.util.concurrent.ScheduledThreadPoolExecutor@6221f71e[Running, pool size = 2, active threads = 2, queued tasks = 0, completed tasks = 0]
10:31:24:330  INFO 6648 --- [SpringApplicationShutdownHook] com.alibaba.nacos.common.remote.client   : Close current connection 1732069737687_192.168.80.1_51477
10:31:24:334  INFO 6648 --- [SpringApplicationShutdownHook] c.a.n.c.remote.client.grpc.GrpcClient    : Shutdown grpc executor java.util.concurrent.ThreadPoolExecutor@18c6b325[Running, pool size = 4, active threads = 0, queued tasks = 0, completed tasks = 49]
10:31:24:338  INFO 6648 --- [SpringApplicationShutdownHook] com.zaxxer.hikari.HikariDataSource       : HikariPool-1 - Shutdown initiated...
10:31:24:359  INFO 972 --- [SpringApplicationShutdownHook] com.zaxxer.hikari.HikariDataSource       : HikariPool-1 - Shutdown completed.
10:31:24:383  INFO 6648 --- [SpringApplicationShutdownHook] com.zaxxer.hikari.HikariDataSource       : HikariPool-1 - Shutdown completed.
11:35:23:640  INFO 20856 --- [main] com.hmall.item.ItemApplication           : Starting ItemApplication using Java 11.0.8 on xmh with PID 20856 (D:\idea-project\hmall\item-service\target\classes started by 57186 in D:\idea-project\hmall)
11:35:23:642 DEBUG 20856 --- [main] com.hmall.item.ItemApplication           : Running with Spring Boot v2.7.12, Spring v5.3.27
11:35:23:642  INFO 20856 --- [main] com.hmall.item.ItemApplication           : The following 1 profile is active: "local"
11:35:24:299  INFO 20856 --- [main] o.s.cloud.context.scope.GenericScope     : BeanFactory id=0896a3c4-a260-3a14-abf3-a375d422cddf
11:35:24:533  INFO 20856 --- [main] o.s.b.w.embedded.tomcat.TomcatWebServer  : Tomcat initialized with port(s): 8081 (http)
11:35:24:539  INFO 20856 --- [main] o.apache.catalina.core.StandardService   : Starting service [Tomcat]
11:35:24:539  INFO 20856 --- [main] org.apache.catalina.core.StandardEngine  : Starting Servlet engine: [Apache Tomcat/9.0.75]
11:35:24:622  INFO 20856 --- [main] o.a.c.c.C.[Tomcat].[localhost].[/]       : Initializing Spring embedded WebApplicationContext
11:35:24:622  INFO 20856 --- [main] w.s.c.ServletWebServerApplicationContext : Root WebApplicationContext: initialization completed in 955 ms
11:35:28:157  INFO 20856 --- [main] o.s.cloud.commons.util.InetUtils         : Cannot determine local hostname
11:35:28:175  INFO 20856 --- [main] pertySourcedRequestMappingHandlerMapping : Mapped URL path [/v2/api-docs] onto method [springfox.documentation.swagger2.web.Swagger2ControllerWebMvc#getDocumentation(String, HttpServletRequest)]
11:35:29:480  INFO 20856 --- [main] o.s.cloud.commons.util.InetUtils         : Cannot determine local hostname
11:35:29:591  INFO 20856 --- [main] com.alibaba.nacos.common.remote.client   : [RpcClientFactory] create a new rpc client of e217f8f0-5789-43b1-8363-af7ee93a9e15
11:35:29:612  INFO 20856 --- [main] org.reflections.Reflections              : Reflections took 11 ms to scan 1 urls, producing 3 keys and 6 values 
11:35:29:625  INFO 20856 --- [main] org.reflections.Reflections              : Reflections took 4 ms to scan 1 urls, producing 4 keys and 9 values 
11:35:29:631  INFO 20856 --- [main] org.reflections.Reflections              : Reflections took 4 ms to scan 1 urls, producing 3 keys and 10 values 
11:35:29:632  WARN 20856 --- [main] org.reflections.Reflections              : given scan urls are empty. set urls in the configuration
11:35:29:637  INFO 20856 --- [main] org.reflections.Reflections              : Reflections took 4 ms to scan 1 urls, producing 1 keys and 5 values 
11:35:29:644  INFO 20856 --- [main] org.reflections.Reflections              : Reflections took 6 ms to scan 1 urls, producing 1 keys and 7 values 
11:35:29:649  INFO 20856 --- [main] org.reflections.Reflections              : Reflections took 3 ms to scan 1 urls, producing 2 keys and 8 values 
11:35:29:651  WARN 20856 --- [main] org.reflections.Reflections              : given scan urls are empty. set urls in the configuration
11:35:29:651  INFO 20856 --- [main] com.alibaba.nacos.common.remote.client   : [e217f8f0-5789-43b1-8363-af7ee93a9e15] RpcClient init label, labels = {module=naming, source=sdk}
11:35:29:652  INFO 20856 --- [main] com.alibaba.nacos.common.remote.client   : [e217f8f0-5789-43b1-8363-af7ee93a9e15] RpcClient init, ServerListFactory = com.alibaba.nacos.client.naming.core.ServerListManager
11:35:29:652  INFO 20856 --- [main] com.alibaba.nacos.common.remote.client   : [e217f8f0-5789-43b1-8363-af7ee93a9e15] Registry connection listener to current client:com.alibaba.nacos.client.naming.remote.gprc.redo.NamingGrpcRedoService
11:35:29:653  INFO 20856 --- [main] com.alibaba.nacos.common.remote.client   : [e217f8f0-5789-43b1-8363-af7ee93a9e15] Register server push request handler:com.alibaba.nacos.client.naming.remote.gprc.NamingPushRequestHandler
11:35:29:654  INFO 20856 --- [main] com.alibaba.nacos.common.remote.client   : [e217f8f0-5789-43b1-8363-af7ee93a9e15] Try to connect to server on start up, server: {serverIp = '192.168.80.130', server main port = 8848}
11:35:30:807  INFO 20856 --- [main] com.alibaba.nacos.common.remote.client   : [e217f8f0-5789-43b1-8363-af7ee93a9e15] Success to connect to server [192.168.80.130:8848] on start up, connectionId = 1732073697357_192.168.80.1_54434
11:35:30:808  INFO 20856 --- [com.alibaba.nacos.client.remote.worker] com.alibaba.nacos.common.remote.client   : [e217f8f0-5789-43b1-8363-af7ee93a9e15] Notify connected event to listeners.
11:35:30:815  INFO 20856 --- [main] com.alibaba.nacos.common.remote.client   : [e217f8f0-5789-43b1-8363-af7ee93a9e15] Register server push request handler:com.alibaba.nacos.common.remote.client.RpcClient$ConnectResetRequestHandler
11:35:30:816  INFO 20856 --- [main] com.alibaba.nacos.common.remote.client   : [e217f8f0-5789-43b1-8363-af7ee93a9e15] Register server push request handler:com.alibaba.nacos.common.remote.client.RpcClient$$Lambda$935/0x00000008006bc440
11:35:30:858  INFO 20856 --- [main] o.s.b.w.embedded.tomcat.TomcatWebServer  : Tomcat started on port(s): 8081 (http) with context path ''
11:35:30:874  INFO 20856 --- [main] c.a.c.n.registry.NacosServiceRegistry    : nacos registry, DEFAULT_GROUP item-service 192.168.43.42:8081 register finished
11:35:31:388  INFO 20856 --- [nacos-grpc-client-executor-9] com.alibaba.nacos.common.remote.client   : [e217f8f0-5789-43b1-8363-af7ee93a9e15] Receive server push request, request = NotifySubscriberRequest, requestId = 16
11:35:31:390  INFO 20856 --- [nacos-grpc-client-executor-9] com.alibaba.nacos.common.remote.client   : [e217f8f0-5789-43b1-8363-af7ee93a9e15] Ack server push request, request = NotifySubscriberRequest, requestId = 16
11:35:32:455  INFO 20856 --- [main] o.s.cloud.commons.util.InetUtils         : Cannot determine local hostname
11:35:32:455  INFO 20856 --- [main] d.s.w.p.DocumentationPluginsBootstrapper : Documentation plugins bootstrapped
11:35:32:457  INFO 20856 --- [main] d.s.w.p.DocumentationPluginsBootstrapper : Found 1 custom documentation plugin(s)
11:35:32:471  INFO 20856 --- [main] s.d.s.w.s.ApiListingReferenceScanner     : Scanning for api listing references
11:35:32:531  INFO 20856 --- [main] com.hmall.item.ItemApplication           : Started ItemApplication in 10.598 seconds (JVM running for 11.204)
11:35:32:533  INFO 20856 --- [main] com.hmall.item.ItemApplication           : 商品模块启动成功
11:39:39:563  INFO 20856 --- [http-nio-8081-exec-1] o.a.c.c.C.[Tomcat].[localhost].[/]       : Initializing Spring DispatcherServlet 'dispatcherServlet'
11:39:39:563  INFO 20856 --- [http-nio-8081-exec-1] o.s.web.servlet.DispatcherServlet        : Initializing Servlet 'dispatcherServlet'
11:39:39:564  INFO 20856 --- [http-nio-8081-exec-1] o.s.web.servlet.DispatcherServlet        : Completed initialization in 1 ms
11:39:39:711  INFO 20856 --- [http-nio-8081-exec-1] com.zaxxer.hikari.HikariDataSource       : HikariPool-1 - Starting...
11:39:40:207  INFO 20856 --- [http-nio-8081-exec-1] com.zaxxer.hikari.HikariDataSource       : HikariPool-1 - Start completed.
11:39:40:213 DEBUG 20856 --- [http-nio-8081-exec-1] c.h.i.m.ItemMapper.selectPage_mpCount    : ==>  Preparing: SELECT COUNT(*) FROM item WHERE (status = ?)
11:39:40:235 DEBUG 20856 --- [http-nio-8081-exec-1] c.h.i.m.ItemMapper.selectPage_mpCount    : ==> Parameters: 1(Integer)
11:39:40:325 DEBUG 20856 --- [http-nio-8081-exec-1] c.h.i.m.ItemMapper.selectPage_mpCount    : <==      Total: 1
11:39:40:360 DEBUG 20856 --- [http-nio-8081-exec-1] c.h.item.mapper.ItemMapper.selectPage    : ==>  Preparing: SELECT id, name, price, stock, image, category, brand, spec, sold, comment_count, isAD, status, create_time, update_time, creater, updater FROM item WHERE (status = ?) ORDER BY update_time DESC LIMIT ?
11:39:40:360 DEBUG 20856 --- [http-nio-8081-exec-1] c.h.item.mapper.ItemMapper.selectPage    : ==> Parameters: 1(Integer), 10(Long)
11:39:40:373 DEBUG 20856 --- [http-nio-8081-exec-1] c.h.item.mapper.ItemMapper.selectPage    : <==      Total: 10
11:39:51:414  WARN 20856 --- [Thread-4] c.a.nacos.common.notify.NotifyCenter     : [NotifyCenter] Start destroying Publisher
11:39:51:414  WARN 20856 --- [Thread-7] c.a.n.common.http.HttpClientBeanHolder   : [HttpClientBeanHolder] Start destroying common HttpClient
11:39:51:414  WARN 20856 --- [Thread-4] c.a.nacos.common.notify.NotifyCenter     : [NotifyCenter] Destruction of the end
11:39:51:414  WARN 20856 --- [Thread-7] c.a.n.common.http.HttpClientBeanHolder   : [HttpClientBeanHolder] Destruction of the end
11:39:51:800  INFO 20856 --- [SpringApplicationShutdownHook] c.a.c.n.registry.NacosServiceRegistry    : De-registering from Nacos Server now...
11:39:51:808  INFO 20856 --- [SpringApplicationShutdownHook] c.a.c.n.registry.NacosServiceRegistry    : De-registration finished.
11:39:52:121  INFO 20856 --- [SpringApplicationShutdownHook] com.alibaba.nacos.common.remote.client   : Shutdown rpc client, set status to shutdown
11:39:52:121  INFO 20856 --- [SpringApplicationShutdownHook] com.alibaba.nacos.common.remote.client   : Shutdown client event executor java.util.concurrent.ScheduledThreadPoolExecutor@213207ec[Running, pool size = 2, active threads = 2, queued tasks = 0, completed tasks = 0]
11:39:52:124  INFO 20856 --- [SpringApplicationShutdownHook] com.alibaba.nacos.common.remote.client   : Close current connection 1732073697357_192.168.80.1_54434
11:39:52:125  INFO 20856 --- [SpringApplicationShutdownHook] c.a.n.c.remote.client.grpc.GrpcClient    : Shutdown grpc executor java.util.concurrent.ThreadPoolExecutor@6d053488[Running, pool size = 4, active threads = 0, queued tasks = 0, completed tasks = 67]
11:39:52:129  INFO 20856 --- [SpringApplicationShutdownHook] com.zaxxer.hikari.HikariDataSource       : HikariPool-1 - Shutdown initiated...
11:39:52:161  INFO 20856 --- [SpringApplicationShutdownHook] com.zaxxer.hikari.HikariDataSource       : HikariPool-1 - Shutdown completed.
15:31:08:321  INFO 2564 --- [main] com.hmall.item.ItemApplication           : Starting ItemApplication using Java 11.0.8 on xmh with PID 2564 (D:\idea-project\hmall\item-service\target\classes started by 57186 in D:\idea-project\hmall)
15:31:08:323 DEBUG 2564 --- [main] com.hmall.item.ItemApplication           : Running with Spring Boot v2.7.12, Spring v5.3.27
15:31:08:323  INFO 2564 --- [main] com.hmall.item.ItemApplication           : The following 1 profile is active: "local"
15:31:08:916  INFO 2564 --- [main] o.s.cloud.context.scope.GenericScope     : BeanFactory id=0896a3c4-a260-3a14-abf3-a375d422cddf
15:31:09:242  INFO 2564 --- [main] o.s.b.w.embedded.tomcat.TomcatWebServer  : Tomcat initialized with port(s): 8081 (http)
15:31:09:249  INFO 2564 --- [main] o.apache.catalina.core.StandardService   : Starting service [Tomcat]
15:31:09:249  INFO 2564 --- [main] org.apache.catalina.core.StandardEngine  : Starting Servlet engine: [Apache Tomcat/9.0.75]
15:31:09:354  INFO 2564 --- [main] o.a.c.c.C.[Tomcat].[localhost].[/]       : Initializing Spring embedded WebApplicationContext
15:31:09:355  INFO 2564 --- [main] w.s.c.ServletWebServerApplicationContext : Root WebApplicationContext: initialization completed in 999 ms
15:31:11:560  INFO 2564 --- [main] pertySourcedRequestMappingHandlerMapping : Mapped URL path [/v2/api-docs] onto method [springfox.documentation.swagger2.web.Swagger2ControllerWebMvc#getDocumentation(String, HttpServletRequest)]
15:31:12:056  INFO 2564 --- [main] com.alibaba.nacos.common.remote.client   : [RpcClientFactory] create a new rpc client of df412faf-ac25-40f5-9757-1cb9bd054913
15:31:12:079  INFO 2564 --- [main] org.reflections.Reflections              : Reflections took 12 ms to scan 1 urls, producing 3 keys and 6 values 
15:31:12:092  INFO 2564 --- [main] org.reflections.Reflections              : Reflections took 5 ms to scan 1 urls, producing 4 keys and 9 values 
15:31:12:098  INFO 2564 --- [main] org.reflections.Reflections              : Reflections took 4 ms to scan 1 urls, producing 3 keys and 10 values 
15:31:12:100  WARN 2564 --- [main] org.reflections.Reflections              : given scan urls are empty. set urls in the configuration
15:31:12:106  INFO 2564 --- [main] org.reflections.Reflections              : Reflections took 5 ms to scan 1 urls, producing 1 keys and 5 values 
15:31:12:111  INFO 2564 --- [main] org.reflections.Reflections              : Reflections took 4 ms to scan 1 urls, producing 1 keys and 7 values 
15:31:12:117  INFO 2564 --- [main] org.reflections.Reflections              : Reflections took 5 ms to scan 1 urls, producing 2 keys and 8 values 
15:31:12:118  WARN 2564 --- [main] org.reflections.Reflections              : given scan urls are empty. set urls in the configuration
15:31:12:119  INFO 2564 --- [main] com.alibaba.nacos.common.remote.client   : [df412faf-ac25-40f5-9757-1cb9bd054913] RpcClient init label, labels = {module=naming, source=sdk}
15:31:12:120  INFO 2564 --- [main] com.alibaba.nacos.common.remote.client   : [df412faf-ac25-40f5-9757-1cb9bd054913] RpcClient init, ServerListFactory = com.alibaba.nacos.client.naming.core.ServerListManager
15:31:12:120  INFO 2564 --- [main] com.alibaba.nacos.common.remote.client   : [df412faf-ac25-40f5-9757-1cb9bd054913] Registry connection listener to current client:com.alibaba.nacos.client.naming.remote.gprc.redo.NamingGrpcRedoService
15:31:12:120  INFO 2564 --- [main] com.alibaba.nacos.common.remote.client   : [df412faf-ac25-40f5-9757-1cb9bd054913] Register server push request handler:com.alibaba.nacos.client.naming.remote.gprc.NamingPushRequestHandler
15:31:12:121  INFO 2564 --- [main] com.alibaba.nacos.common.remote.client   : [df412faf-ac25-40f5-9757-1cb9bd054913] Try to connect to server on start up, server: {serverIp = '192.168.80.130', server main port = 8848}
15:31:13:539  INFO 2564 --- [main] com.alibaba.nacos.common.remote.client   : [df412faf-ac25-40f5-9757-1cb9bd054913] Success to connect to server [192.168.80.130:8848] on start up, connectionId = 1732087873434_192.168.80.1_56166
15:31:13:539  INFO 2564 --- [com.alibaba.nacos.client.remote.worker] com.alibaba.nacos.common.remote.client   : [df412faf-ac25-40f5-9757-1cb9bd054913] Notify connected event to listeners.
15:31:13:541  INFO 2564 --- [main] com.alibaba.nacos.common.remote.client   : [df412faf-ac25-40f5-9757-1cb9bd054913] Register server push request handler:com.alibaba.nacos.common.remote.client.RpcClient$ConnectResetRequestHandler
15:31:13:541  INFO 2564 --- [main] com.alibaba.nacos.common.remote.client   : [df412faf-ac25-40f5-9757-1cb9bd054913] Register server push request handler:com.alibaba.nacos.common.remote.client.RpcClient$$Lambda$935/0x00000008006bc040
15:31:13:582  INFO 2564 --- [main] o.s.b.w.embedded.tomcat.TomcatWebServer  : Tomcat started on port(s): 8081 (http) with context path ''
15:31:13:595  INFO 2564 --- [main] c.a.c.n.registry.NacosServiceRegistry    : nacos registry, DEFAULT_GROUP item-service 192.168.43.42:8081 register finished
15:31:13:982  INFO 2564 --- [main] d.s.w.p.DocumentationPluginsBootstrapper : Documentation plugins bootstrapped
15:31:13:983  INFO 2564 --- [main] d.s.w.p.DocumentationPluginsBootstrapper : Found 1 custom documentation plugin(s)
15:31:13:997  INFO 2564 --- [main] s.d.s.w.s.ApiListingReferenceScanner     : Scanning for api listing references
15:31:14:069  INFO 2564 --- [main] com.hmall.item.ItemApplication           : Started ItemApplication in 6.466 seconds (JVM running for 7.141)
15:31:14:071  INFO 2564 --- [main] com.hmall.item.ItemApplication           : 商品模块启动成功
15:31:14:118  INFO 2564 --- [nacos-grpc-client-executor-8] com.alibaba.nacos.common.remote.client   : [df412faf-ac25-40f5-9757-1cb9bd054913] Receive server push request, request = NotifySubscriberRequest, requestId = 4
15:31:14:121  INFO 2564 --- [nacos-grpc-client-executor-8] com.alibaba.nacos.common.remote.client   : [df412faf-ac25-40f5-9757-1cb9bd054913] Ack server push request, request = NotifySubscriberRequest, requestId = 4
15:31:38:944  INFO 2564 --- [http-nio-8081-exec-1] o.a.c.c.C.[Tomcat].[localhost].[/]       : Initializing Spring DispatcherServlet 'dispatcherServlet'
15:31:38:945  INFO 2564 --- [http-nio-8081-exec-1] o.s.web.servlet.DispatcherServlet        : Initializing Servlet 'dispatcherServlet'
15:31:38:946  INFO 2564 --- [http-nio-8081-exec-1] o.s.web.servlet.DispatcherServlet        : Completed initialization in 0 ms
15:31:39:074  INFO 2564 --- [http-nio-8081-exec-1] com.zaxxer.hikari.HikariDataSource       : HikariPool-1 - Starting...
15:31:39:553  INFO 2564 --- [http-nio-8081-exec-1] com.zaxxer.hikari.HikariDataSource       : HikariPool-1 - Start completed.
15:31:39:561 DEBUG 2564 --- [http-nio-8081-exec-1] c.h.i.mapper.ItemMapper.selectBatchIds   : ==>  Preparing: SELECT id,name,price,stock,image,category,brand,spec,sold,comment_count,isAD,status,create_time,update_time,creater,updater FROM item WHERE id IN ( ? , ? , ? )
15:31:39:595 DEBUG 2564 --- [http-nio-8081-exec-1] c.h.i.mapper.ItemMapper.selectBatchIds   : ==> Parameters: 40305713537(Long), 100000006163(Long), 100001511821(Long)
15:31:39:645 DEBUG 2564 --- [http-nio-8081-exec-1] c.h.i.mapper.ItemMapper.selectBatchIds   : <==      Total: 3
15:31:59:683 DEBUG 2564 --- [http-nio-8081-exec-2] c.h.i.mapper.ItemMapper.selectBatchIds   : ==>  Preparing: SELECT id,name,price,stock,image,category,brand,spec,sold,comment_count,isAD,status,create_time,update_time,creater,updater FROM item WHERE id IN ( ? , ? , ? )
15:31:59:683 DEBUG 2564 --- [http-nio-8081-exec-2] c.h.i.mapper.ItemMapper.selectBatchIds   : ==> Parameters: 40305713537(Long), 100000006163(Long), 100001511821(Long)
15:31:59:689 DEBUG 2564 --- [http-nio-8081-exec-2] c.h.i.mapper.ItemMapper.selectBatchIds   : <==      Total: 3
15:32:02:542 DEBUG 2564 --- [http-nio-8081-exec-5] c.h.i.mapper.ItemMapper.selectBatchIds   : ==>  Preparing: SELECT id,name,price,stock,image,category,brand,spec,sold,comment_count,isAD,status,create_time,update_time,creater,updater FROM item WHERE id IN ( ? , ? , ? )
15:32:02:542 DEBUG 2564 --- [http-nio-8081-exec-5] c.h.i.mapper.ItemMapper.selectBatchIds   : ==> Parameters: 40305713537(Long), 100000006163(Long), 100001511821(Long)
15:32:02:548 DEBUG 2564 --- [http-nio-8081-exec-5] c.h.i.mapper.ItemMapper.selectBatchIds   : <==      Total: 3
15:32:02:698 DEBUG 2564 --- [http-nio-8081-exec-4] c.h.i.mapper.ItemMapper.selectBatchIds   : ==>  Preparing: SELECT id,name,price,stock,image,category,brand,spec,sold,comment_count,isAD,status,create_time,update_time,creater,updater FROM item WHERE id IN ( ? , ? , ? )
15:32:02:698 DEBUG 2564 --- [http-nio-8081-exec-4] c.h.i.mapper.ItemMapper.selectBatchIds   : ==> Parameters: 40305713537(Long), 100000006163(Long), 100001511821(Long)
15:32:02:707 DEBUG 2564 --- [http-nio-8081-exec-4] c.h.i.mapper.ItemMapper.selectBatchIds   : <==      Total: 3
15:32:02:830 DEBUG 2564 --- [http-nio-8081-exec-3] c.h.i.mapper.ItemMapper.selectBatchIds   : ==>  Preparing: SELECT id,name,price,stock,image,category,brand,spec,sold,comment_count,isAD,status,create_time,update_time,creater,updater FROM item WHERE id IN ( ? , ? , ? )
15:32:02:833 DEBUG 2564 --- [http-nio-8081-exec-3] c.h.i.mapper.ItemMapper.selectBatchIds   : ==> Parameters: 40305713537(Long), 100000006163(Long), 100001511821(Long)
15:32:02:837 DEBUG 2564 --- [http-nio-8081-exec-3] c.h.i.mapper.ItemMapper.selectBatchIds   : <==      Total: 3
15:32:03:006 DEBUG 2564 --- [http-nio-8081-exec-6] c.h.i.mapper.ItemMapper.selectBatchIds   : ==>  Preparing: SELECT id,name,price,stock,image,category,brand,spec,sold,comment_count,isAD,status,create_time,update_time,creater,updater FROM item WHERE id IN ( ? , ? , ? )
15:32:03:006 DEBUG 2564 --- [http-nio-8081-exec-6] c.h.i.mapper.ItemMapper.selectBatchIds   : ==> Parameters: 40305713537(Long), 100000006163(Long), 100001511821(Long)
15:32:03:017 DEBUG 2564 --- [http-nio-8081-exec-6] c.h.i.mapper.ItemMapper.selectBatchIds   : <==      Total: 3
15:32:03:307 DEBUG 2564 --- [http-nio-8081-exec-7] c.h.i.mapper.ItemMapper.selectBatchIds   : ==>  Preparing: SELECT id,name,price,stock,image,category,brand,spec,sold,comment_count,isAD,status,create_time,update_time,creater,updater FROM item WHERE id IN ( ? , ? , ? )
15:32:03:307 DEBUG 2564 --- [http-nio-8081-exec-7] c.h.i.mapper.ItemMapper.selectBatchIds   : ==> Parameters: 40305713537(Long), 100000006163(Long), 100001511821(Long)
15:32:03:312 DEBUG 2564 --- [http-nio-8081-exec-7] c.h.i.mapper.ItemMapper.selectBatchIds   : <==      Total: 3
15:32:04:840 DEBUG 2564 --- [http-nio-8081-exec-8] c.h.i.mapper.ItemMapper.selectBatchIds   : ==>  Preparing: SELECT id,name,price,stock,image,category,brand,spec,sold,comment_count,isAD,status,create_time,update_time,creater,updater FROM item WHERE id IN ( ? , ? , ? )
15:32:04:840 DEBUG 2564 --- [http-nio-8081-exec-8] c.h.i.mapper.ItemMapper.selectBatchIds   : ==> Parameters: 40305713537(Long), 100000006163(Long), 100001511821(Long)
15:32:04:840 DEBUG 2564 --- [http-nio-8081-exec-8] c.h.i.mapper.ItemMapper.selectBatchIds   : <==      Total: 3
15:32:05:004 DEBUG 2564 --- [http-nio-8081-exec-9] c.h.i.mapper.ItemMapper.selectBatchIds   : ==>  Preparing: SELECT id,name,price,stock,image,category,brand,spec,sold,comment_count,isAD,status,create_time,update_time,creater,updater FROM item WHERE id IN ( ? , ? , ? )
15:32:05:008 DEBUG 2564 --- [http-nio-8081-exec-9] c.h.i.mapper.ItemMapper.selectBatchIds   : ==> Parameters: 40305713537(Long), 100000006163(Long), 100001511821(Long)
15:32:05:012 DEBUG 2564 --- [http-nio-8081-exec-9] c.h.i.mapper.ItemMapper.selectBatchIds   : <==      Total: 3
15:32:05:244 DEBUG 2564 --- [http-nio-8081-exec-10] c.h.i.mapper.ItemMapper.selectBatchIds   : ==>  Preparing: SELECT id,name,price,stock,image,category,brand,spec,sold,comment_count,isAD,status,create_time,update_time,creater,updater FROM item WHERE id IN ( ? , ? , ? )
15:32:05:248 DEBUG 2564 --- [http-nio-8081-exec-10] c.h.i.mapper.ItemMapper.selectBatchIds   : ==> Parameters: 40305713537(Long), 100000006163(Long), 100001511821(Long)
15:32:05:252 DEBUG 2564 --- [http-nio-8081-exec-10] c.h.i.mapper.ItemMapper.selectBatchIds   : <==      Total: 3
15:32:06:424 DEBUG 2564 --- [http-nio-8081-exec-1] c.h.i.mapper.ItemMapper.selectBatchIds   : ==>  Preparing: SELECT id,name,price,stock,image,category,brand,spec,sold,comment_count,isAD,status,create_time,update_time,creater,updater FROM item WHERE id IN ( ? , ? , ? )
15:32:06:424 DEBUG 2564 --- [http-nio-8081-exec-1] c.h.i.mapper.ItemMapper.selectBatchIds   : ==> Parameters: 40305713537(Long), 100000006163(Long), 100001511821(Long)
15:32:06:432 DEBUG 2564 --- [http-nio-8081-exec-1] c.h.i.mapper.ItemMapper.selectBatchIds   : <==      Total: 3
15:32:06:599 DEBUG 2564 --- [http-nio-8081-exec-2] c.h.i.mapper.ItemMapper.selectBatchIds   : ==>  Preparing: SELECT id,name,price,stock,image,category,brand,spec,sold,comment_count,isAD,status,create_time,update_time,creater,updater FROM item WHERE id IN ( ? , ? , ? )
15:32:06:599 DEBUG 2564 --- [http-nio-8081-exec-2] c.h.i.mapper.ItemMapper.selectBatchIds   : ==> Parameters: 40305713537(Long), 100000006163(Long), 100001511821(Long)
15:32:06:603 DEBUG 2564 --- [http-nio-8081-exec-2] c.h.i.mapper.ItemMapper.selectBatchIds   : <==      Total: 3
15:32:06:707 DEBUG 2564 --- [http-nio-8081-exec-5] c.h.i.mapper.ItemMapper.selectBatchIds   : ==>  Preparing: SELECT id,name,price,stock,image,category,brand,spec,sold,comment_count,isAD,status,create_time,update_time,creater,updater FROM item WHERE id IN ( ? , ? , ? )
15:32:06:711 DEBUG 2564 --- [http-nio-8081-exec-5] c.h.i.mapper.ItemMapper.selectBatchIds   : ==> Parameters: 40305713537(Long), 100000006163(Long), 100001511821(Long)
15:32:06:716 DEBUG 2564 --- [http-nio-8081-exec-5] c.h.i.mapper.ItemMapper.selectBatchIds   : <==      Total: 3
15:32:07:624 DEBUG 2564 --- [http-nio-8081-exec-4] c.h.i.mapper.ItemMapper.selectBatchIds   : ==>  Preparing: SELECT id,name,price,stock,image,category,brand,spec,sold,comment_count,isAD,status,create_time,update_time,creater,updater FROM item WHERE id IN ( ? , ? , ? )
15:32:07:625 DEBUG 2564 --- [http-nio-8081-exec-4] c.h.i.mapper.ItemMapper.selectBatchIds   : ==> Parameters: 40305713537(Long), 100000006163(Long), 100001511821(Long)
15:32:07:629 DEBUG 2564 --- [http-nio-8081-exec-4] c.h.i.mapper.ItemMapper.selectBatchIds   : <==      Total: 3
15:32:07:749 DEBUG 2564 --- [http-nio-8081-exec-3] c.h.i.mapper.ItemMapper.selectBatchIds   : ==>  Preparing: SELECT id,name,price,stock,image,category,brand,spec,sold,comment_count,isAD,status,create_time,update_time,creater,updater FROM item WHERE id IN ( ? , ? , ? )
15:32:07:750 DEBUG 2564 --- [http-nio-8081-exec-3] c.h.i.mapper.ItemMapper.selectBatchIds   : ==> Parameters: 40305713537(Long), 100000006163(Long), 100001511821(Long)
15:32:07:755 DEBUG 2564 --- [http-nio-8081-exec-3] c.h.i.mapper.ItemMapper.selectBatchIds   : <==      Total: 3
15:32:07:888 DEBUG 2564 --- [http-nio-8081-exec-6] c.h.i.mapper.ItemMapper.selectBatchIds   : ==>  Preparing: SELECT id,name,price,stock,image,category,brand,spec,sold,comment_count,isAD,status,create_time,update_time,creater,updater FROM item WHERE id IN ( ? , ? , ? )
15:32:07:893 DEBUG 2564 --- [http-nio-8081-exec-6] c.h.i.mapper.ItemMapper.selectBatchIds   : ==> Parameters: 40305713537(Long), 100000006163(Long), 100001511821(Long)
15:32:07:901 DEBUG 2564 --- [http-nio-8081-exec-6] c.h.i.mapper.ItemMapper.selectBatchIds   : <==      Total: 3
15:32:08:739 DEBUG 2564 --- [http-nio-8081-exec-7] c.h.i.mapper.ItemMapper.selectBatchIds   : ==>  Preparing: SELECT id,name,price,stock,image,category,brand,spec,sold,comment_count,isAD,status,create_time,update_time,creater,updater FROM item WHERE id IN ( ? , ? , ? )
15:32:08:739 DEBUG 2564 --- [http-nio-8081-exec-7] c.h.i.mapper.ItemMapper.selectBatchIds   : ==> Parameters: 40305713537(Long), 100000006163(Long), 100001511821(Long)
15:32:08:739 DEBUG 2564 --- [http-nio-8081-exec-7] c.h.i.mapper.ItemMapper.selectBatchIds   : <==      Total: 3
15:32:08:921 DEBUG 2564 --- [http-nio-8081-exec-8] c.h.i.mapper.ItemMapper.selectBatchIds   : ==>  Preparing: SELECT id,name,price,stock,image,category,brand,spec,sold,comment_count,isAD,status,create_time,update_time,creater,updater FROM item WHERE id IN ( ? , ? , ? )
15:32:08:921 DEBUG 2564 --- [http-nio-8081-exec-8] c.h.i.mapper.ItemMapper.selectBatchIds   : ==> Parameters: 40305713537(Long), 100000006163(Long), 100001511821(Long)
15:32:08:929 DEBUG 2564 --- [http-nio-8081-exec-8] c.h.i.mapper.ItemMapper.selectBatchIds   : <==      Total: 3
15:32:09:027 DEBUG 2564 --- [http-nio-8081-exec-9] c.h.i.mapper.ItemMapper.selectBatchIds   : ==>  Preparing: SELECT id,name,price,stock,image,category,brand,spec,sold,comment_count,isAD,status,create_time,update_time,creater,updater FROM item WHERE id IN ( ? , ? , ? )
15:32:09:027 DEBUG 2564 --- [http-nio-8081-exec-9] c.h.i.mapper.ItemMapper.selectBatchIds   : ==> Parameters: 40305713537(Long), 100000006163(Long), 100001511821(Long)
15:32:09:031 DEBUG 2564 --- [http-nio-8081-exec-9] c.h.i.mapper.ItemMapper.selectBatchIds   : <==      Total: 3
15:32:09:113 DEBUG 2564 --- [http-nio-8081-exec-10] c.h.i.mapper.ItemMapper.selectBatchIds   : ==>  Preparing: SELECT id,name,price,stock,image,category,brand,spec,sold,comment_count,isAD,status,create_time,update_time,creater,updater FROM item WHERE id IN ( ? , ? , ? )
15:32:09:114 DEBUG 2564 --- [http-nio-8081-exec-10] c.h.i.mapper.ItemMapper.selectBatchIds   : ==> Parameters: 40305713537(Long), 100000006163(Long), 100001511821(Long)
15:32:09:122 DEBUG 2564 --- [http-nio-8081-exec-10] c.h.i.mapper.ItemMapper.selectBatchIds   : <==      Total: 3
15:32:09:763 DEBUG 2564 --- [http-nio-8081-exec-1] c.h.i.mapper.ItemMapper.selectBatchIds   : ==>  Preparing: SELECT id,name,price,stock,image,category,brand,spec,sold,comment_count,isAD,status,create_time,update_time,creater,updater FROM item WHERE id IN ( ? , ? , ? )
15:32:09:763 DEBUG 2564 --- [http-nio-8081-exec-1] c.h.i.mapper.ItemMapper.selectBatchIds   : ==> Parameters: 40305713537(Long), 100000006163(Long), 100001511821(Long)
15:32:09:767 DEBUG 2564 --- [http-nio-8081-exec-1] c.h.i.mapper.ItemMapper.selectBatchIds   : <==      Total: 3
15:32:09:943 DEBUG 2564 --- [http-nio-8081-exec-2] c.h.i.mapper.ItemMapper.selectBatchIds   : ==>  Preparing: SELECT id,name,price,stock,image,category,brand,spec,sold,comment_count,isAD,status,create_time,update_time,creater,updater FROM item WHERE id IN ( ? , ? , ? )
15:32:09:943 DEBUG 2564 --- [http-nio-8081-exec-2] c.h.i.mapper.ItemMapper.selectBatchIds   : ==> Parameters: 40305713537(Long), 100000006163(Long), 100001511821(Long)
15:32:09:947 DEBUG 2564 --- [http-nio-8081-exec-2] c.h.i.mapper.ItemMapper.selectBatchIds   : <==      Total: 3
15:32:10:091 DEBUG 2564 --- [http-nio-8081-exec-5] c.h.i.mapper.ItemMapper.selectBatchIds   : ==>  Preparing: SELECT id,name,price,stock,image,category,brand,spec,sold,comment_count,isAD,status,create_time,update_time,creater,updater FROM item WHERE id IN ( ? , ? , ? )
15:32:10:091 DEBUG 2564 --- [http-nio-8081-exec-5] c.h.i.mapper.ItemMapper.selectBatchIds   : ==> Parameters: 40305713537(Long), 100000006163(Long), 100001511821(Long)
15:32:10:095 DEBUG 2564 --- [http-nio-8081-exec-5] c.h.i.mapper.ItemMapper.selectBatchIds   : <==      Total: 3
15:32:12:877 DEBUG 2564 --- [http-nio-8081-exec-4] c.h.i.mapper.ItemMapper.selectBatchIds   : ==>  Preparing: SELECT id,name,price,stock,image,category,brand,spec,sold,comment_count,isAD,status,create_time,update_time,creater,updater FROM item WHERE id IN ( ? , ? , ? )
15:32:12:878 DEBUG 2564 --- [http-nio-8081-exec-4] c.h.i.mapper.ItemMapper.selectBatchIds   : ==> Parameters: 40305713537(Long), 100000006163(Long), 100001511821(Long)
15:32:12:883 DEBUG 2564 --- [http-nio-8081-exec-4] c.h.i.mapper.ItemMapper.selectBatchIds   : <==      Total: 3
15:32:13:959 DEBUG 2564 --- [http-nio-8081-exec-3] c.h.i.m.ItemMapper.selectPage_mpCount    : ==>  Preparing: SELECT COUNT(*) FROM item WHERE (status = ?)
15:32:13:959 DEBUG 2564 --- [http-nio-8081-exec-3] c.h.i.m.ItemMapper.selectPage_mpCount    : ==> Parameters: 1(Integer)
15:32:14:100 DEBUG 2564 --- [http-nio-8081-exec-3] c.h.i.m.ItemMapper.selectPage_mpCount    : <==      Total: 1
15:32:14:115 DEBUG 2564 --- [http-nio-8081-exec-3] c.h.item.mapper.ItemMapper.selectPage    : ==>  Preparing: SELECT id, name, price, stock, image, category, brand, spec, sold, comment_count, isAD, status, create_time, update_time, creater, updater FROM item WHERE (status = ?) ORDER BY update_time DESC LIMIT ?
15:32:14:115 DEBUG 2564 --- [http-nio-8081-exec-3] c.h.item.mapper.ItemMapper.selectPage    : ==> Parameters: 1(Integer), 20(Long)
15:32:14:133 DEBUG 2564 --- [http-nio-8081-exec-3] c.h.item.mapper.ItemMapper.selectPage    : <==      Total: 20
15:32:15:953 DEBUG 2564 --- [http-nio-8081-exec-6] c.h.i.mapper.ItemMapper.selectBatchIds   : ==>  Preparing: SELECT id,name,price,stock,image,category,brand,spec,sold,comment_count,isAD,status,create_time,update_time,creater,updater FROM item WHERE id IN ( ? , ? , ? , ? )
15:32:15:953 DEBUG 2564 --- [http-nio-8081-exec-6] c.h.i.mapper.ItemMapper.selectBatchIds   : ==> Parameters: 40305713537(Long), 100000006163(Long), 100001511821(Long), 5001207(Long)
15:32:15:963 DEBUG 2564 --- [http-nio-8081-exec-6] c.h.i.mapper.ItemMapper.selectBatchIds   : <==      Total: 4
15:32:58:264 DEBUG 2564 --- [http-nio-8081-exec-7] c.h.i.mapper.ItemMapper.selectBatchIds   : ==>  Preparing: SELECT id,name,price,stock,image,category,brand,spec,sold,comment_count,isAD,status,create_time,update_time,creater,updater FROM item WHERE id IN ( ? , ? , ? , ? )
15:32:58:265 DEBUG 2564 --- [http-nio-8081-exec-7] c.h.i.mapper.ItemMapper.selectBatchIds   : ==> Parameters: 40305713537(Long), 100000006163(Long), 100001511821(Long), 5001207(Long)
15:32:58:268 DEBUG 2564 --- [http-nio-8081-exec-7] c.h.i.mapper.ItemMapper.selectBatchIds   : <==      Total: 4
15:33:00:066 DEBUG 2564 --- [http-nio-8081-exec-8] c.h.i.m.ItemMapper.selectPage_mpCount    : ==>  Preparing: SELECT COUNT(*) FROM item WHERE (status = ?)
15:33:00:066 DEBUG 2564 --- [http-nio-8081-exec-8] c.h.i.m.ItemMapper.selectPage_mpCount    : ==> Parameters: 1(Integer)
15:33:00:125 DEBUG 2564 --- [http-nio-8081-exec-8] c.h.i.m.ItemMapper.selectPage_mpCount    : <==      Total: 1
15:33:00:129 DEBUG 2564 --- [http-nio-8081-exec-8] c.h.item.mapper.ItemMapper.selectPage    : ==>  Preparing: SELECT id, name, price, stock, image, category, brand, spec, sold, comment_count, isAD, status, create_time, update_time, creater, updater FROM item WHERE (status = ?) ORDER BY update_time DESC LIMIT ?
15:33:00:129 DEBUG 2564 --- [http-nio-8081-exec-8] c.h.item.mapper.ItemMapper.selectPage    : ==> Parameters: 1(Integer), 20(Long)
15:33:00:135 DEBUG 2564 --- [http-nio-8081-exec-8] c.h.item.mapper.ItemMapper.selectPage    : <==      Total: 20
15:33:01:770 DEBUG 2564 --- [http-nio-8081-exec-9] c.h.i.mapper.ItemMapper.selectBatchIds   : ==>  Preparing: SELECT id,name,price,stock,image,category,brand,spec,sold,comment_count,isAD,status,create_time,update_time,creater,updater FROM item WHERE id IN ( ? , ? , ? , ? , ? )
15:33:01:770 DEBUG 2564 --- [http-nio-8081-exec-9] c.h.i.mapper.ItemMapper.selectBatchIds   : ==> Parameters: 40305713537(Long), 8533120(Long), 100000006163(Long), 100001511821(Long), 5001207(Long)
15:33:01:775 DEBUG 2564 --- [http-nio-8081-exec-9] c.h.i.mapper.ItemMapper.selectBatchIds   : <==      Total: 5
15:33:05:845 DEBUG 2564 --- [http-nio-8081-exec-10] c.h.i.mapper.ItemMapper.selectBatchIds   : ==>  Preparing: SELECT id,name,price,stock,image,category,brand,spec,sold,comment_count,isAD,status,create_time,update_time,creater,updater FROM item WHERE id IN ( ? , ? , ? , ? )
15:33:05:845 DEBUG 2564 --- [http-nio-8081-exec-10] c.h.i.mapper.ItemMapper.selectBatchIds   : ==> Parameters: 40305713537(Long), 8533120(Long), 100000006163(Long), 5001207(Long)
15:33:05:849 DEBUG 2564 --- [http-nio-8081-exec-10] c.h.i.mapper.ItemMapper.selectBatchIds   : <==      Total: 4
15:33:20:955  WARN 2564 --- [Thread-4] c.a.nacos.common.notify.NotifyCenter     : [NotifyCenter] Start destroying Publisher
15:33:20:955  WARN 2564 --- [Thread-4] c.a.nacos.common.notify.NotifyCenter     : [NotifyCenter] Destruction of the end
15:33:20:955  WARN 2564 --- [Thread-7] c.a.n.common.http.HttpClientBeanHolder   : [HttpClientBeanHolder] Start destroying common HttpClient
15:33:20:955  WARN 2564 --- [Thread-7] c.a.n.common.http.HttpClientBeanHolder   : [HttpClientBeanHolder] Destruction of the end
15:33:22:022  INFO 2564 --- [SpringApplicationShutdownHook] c.a.c.n.registry.NacosServiceRegistry    : De-registering from Nacos Server now...
15:33:22:028  INFO 2564 --- [SpringApplicationShutdownHook] c.a.c.n.registry.NacosServiceRegistry    : De-registration finished.
15:33:22:336  INFO 2564 --- [SpringApplicationShutdownHook] com.alibaba.nacos.common.remote.client   : Shutdown rpc client, set status to shutdown
15:33:22:336  INFO 2564 --- [SpringApplicationShutdownHook] com.alibaba.nacos.common.remote.client   : Shutdown client event executor java.util.concurrent.ScheduledThreadPoolExecutor@183a0a54[Running, pool size = 2, active threads = 2, queued tasks = 0, completed tasks = 0]
15:33:22:336  INFO 2564 --- [SpringApplicationShutdownHook] com.alibaba.nacos.common.remote.client   : Close current connection 1732087873434_192.168.80.1_56166
15:33:22:339  INFO 2564 --- [SpringApplicationShutdownHook] c.a.n.c.remote.client.grpc.GrpcClient    : Shutdown grpc executor java.util.concurrent.ThreadPoolExecutor@31bbdb9b[Running, pool size = 4, active threads = 0, queued tasks = 0, completed tasks = 40]
15:33:22:342  INFO 2564 --- [SpringApplicationShutdownHook] com.zaxxer.hikari.HikariDataSource       : HikariPool-1 - Shutdown initiated...
15:33:22:381  INFO 2564 --- [SpringApplicationShutdownHook] com.zaxxer.hikari.HikariDataSource       : HikariPool-1 - Shutdown completed.
15:43:09:512  INFO 8308 --- [main] com.hmall.item.ItemApplication           : Starting ItemApplication using Java 11.0.8 on xmh with PID 8308 (D:\idea-project\hmall\item-service\target\classes started by 57186 in D:\idea-project\hmall)
15:43:09:513 DEBUG 8308 --- [main] com.hmall.item.ItemApplication           : Running with Spring Boot v2.7.12, Spring v5.3.27
15:43:09:514  INFO 8308 --- [main] com.hmall.item.ItemApplication           : The following 1 profile is active: "local"
15:43:10:190  INFO 8308 --- [main] o.s.cloud.context.scope.GenericScope     : BeanFactory id=0896a3c4-a260-3a14-abf3-a375d422cddf
15:43:10:435  INFO 8308 --- [main] o.s.b.w.embedded.tomcat.TomcatWebServer  : Tomcat initialized with port(s): 8081 (http)
15:43:10:441  INFO 8308 --- [main] o.apache.catalina.core.StandardService   : Starting service [Tomcat]
15:43:10:441  INFO 8308 --- [main] org.apache.catalina.core.StandardEngine  : Starting Servlet engine: [Apache Tomcat/9.0.75]
15:43:10:535  INFO 8308 --- [main] o.a.c.c.C.[Tomcat].[localhost].[/]       : Initializing Spring embedded WebApplicationContext
15:43:10:535  INFO 8308 --- [main] w.s.c.ServletWebServerApplicationContext : Root WebApplicationContext: initialization completed in 989 ms
15:43:12:639  INFO 8308 --- [main] pertySourcedRequestMappingHandlerMapping : Mapped URL path [/v2/api-docs] onto method [springfox.documentation.swagger2.web.Swagger2ControllerWebMvc#getDocumentation(String, HttpServletRequest)]
15:43:13:506  INFO 8308 --- [main] com.alibaba.nacos.common.remote.client   : [RpcClientFactory] create a new rpc client of 6d4e8109-e072-4022-beb6-a783decbf94e
15:43:13:528  INFO 8308 --- [main] org.reflections.Reflections              : Reflections took 11 ms to scan 1 urls, producing 3 keys and 6 values 
15:43:13:542  INFO 8308 --- [main] org.reflections.Reflections              : Reflections took 5 ms to scan 1 urls, producing 4 keys and 9 values 
15:43:13:548  INFO 8308 --- [main] org.reflections.Reflections              : Reflections took 4 ms to scan 1 urls, producing 3 keys and 10 values 
15:43:13:550  WARN 8308 --- [main] org.reflections.Reflections              : given scan urls are empty. set urls in the configuration
15:43:13:555  INFO 8308 --- [main] org.reflections.Reflections              : Reflections took 5 ms to scan 1 urls, producing 1 keys and 5 values 
15:43:13:560  INFO 8308 --- [main] org.reflections.Reflections              : Reflections took 4 ms to scan 1 urls, producing 1 keys and 7 values 
15:43:13:566  INFO 8308 --- [main] org.reflections.Reflections              : Reflections took 5 ms to scan 1 urls, producing 2 keys and 8 values 
15:43:13:568  WARN 8308 --- [main] org.reflections.Reflections              : given scan urls are empty. set urls in the configuration
15:43:13:569  INFO 8308 --- [main] com.alibaba.nacos.common.remote.client   : [6d4e8109-e072-4022-beb6-a783decbf94e] RpcClient init label, labels = {module=naming, source=sdk}
15:43:13:570  INFO 8308 --- [main] com.alibaba.nacos.common.remote.client   : [6d4e8109-e072-4022-beb6-a783decbf94e] RpcClient init, ServerListFactory = com.alibaba.nacos.client.naming.core.ServerListManager
15:43:13:570  INFO 8308 --- [main] com.alibaba.nacos.common.remote.client   : [6d4e8109-e072-4022-beb6-a783decbf94e] Registry connection listener to current client:com.alibaba.nacos.client.naming.remote.gprc.redo.NamingGrpcRedoService
15:43:13:571  INFO 8308 --- [main] com.alibaba.nacos.common.remote.client   : [6d4e8109-e072-4022-beb6-a783decbf94e] Register server push request handler:com.alibaba.nacos.client.naming.remote.gprc.NamingPushRequestHandler
15:43:13:573  INFO 8308 --- [main] com.alibaba.nacos.common.remote.client   : [6d4e8109-e072-4022-beb6-a783decbf94e] Try to connect to server on start up, server: {serverIp = '192.168.80.130', server main port = 8848}
15:43:14:905  INFO 8308 --- [main] com.alibaba.nacos.common.remote.client   : [6d4e8109-e072-4022-beb6-a783decbf94e] Success to connect to server [192.168.80.130:8848] on start up, connectionId = 1732088594818_192.168.80.1_57086
15:43:14:905  INFO 8308 --- [com.alibaba.nacos.client.remote.worker] com.alibaba.nacos.common.remote.client   : [6d4e8109-e072-4022-beb6-a783decbf94e] Notify connected event to listeners.
15:43:14:906  INFO 8308 --- [main] com.alibaba.nacos.common.remote.client   : [6d4e8109-e072-4022-beb6-a783decbf94e] Register server push request handler:com.alibaba.nacos.common.remote.client.RpcClient$ConnectResetRequestHandler
15:43:14:906  INFO 8308 --- [main] com.alibaba.nacos.common.remote.client   : [6d4e8109-e072-4022-beb6-a783decbf94e] Register server push request handler:com.alibaba.nacos.common.remote.client.RpcClient$$Lambda$935/0x00000008006bc040
15:43:14:942  INFO 8308 --- [main] o.s.b.w.embedded.tomcat.TomcatWebServer  : Tomcat started on port(s): 8081 (http) with context path ''
15:43:14:950  INFO 8308 --- [main] c.a.c.n.registry.NacosServiceRegistry    : nacos registry, DEFAULT_GROUP item-service 192.168.43.42:8081 register finished
15:43:15:296  INFO 8308 --- [main] d.s.w.p.DocumentationPluginsBootstrapper : Documentation plugins bootstrapped
15:43:15:298  INFO 8308 --- [main] d.s.w.p.DocumentationPluginsBootstrapper : Found 1 custom documentation plugin(s)
15:43:15:312  INFO 8308 --- [main] s.d.s.w.s.ApiListingReferenceScanner     : Scanning for api listing references
15:43:15:382  INFO 8308 --- [main] com.hmall.item.ItemApplication           : Started ItemApplication in 6.59 seconds (JVM running for 7.267)
15:43:15:384  INFO 8308 --- [main] com.hmall.item.ItemApplication           : 商品模块启动成功
15:43:15:433  INFO 8308 --- [nacos-grpc-client-executor-9] com.alibaba.nacos.common.remote.client   : [6d4e8109-e072-4022-beb6-a783decbf94e] Receive server push request, request = NotifySubscriberRequest, requestId = 13
15:43:15:435  INFO 8308 --- [nacos-grpc-client-executor-9] com.alibaba.nacos.common.remote.client   : [6d4e8109-e072-4022-beb6-a783decbf94e] Ack server push request, request = NotifySubscriberRequest, requestId = 13
15:43:41:668  INFO 8308 --- [http-nio-8081-exec-1] o.a.c.c.C.[Tomcat].[localhost].[/]       : Initializing Spring DispatcherServlet 'dispatcherServlet'
15:43:41:668  INFO 8308 --- [http-nio-8081-exec-1] o.s.web.servlet.DispatcherServlet        : Initializing Servlet 'dispatcherServlet'
15:43:41:673  INFO 8308 --- [http-nio-8081-exec-1] o.s.web.servlet.DispatcherServlet        : Completed initialization in 5 ms
15:43:41:773  INFO 8308 --- [http-nio-8081-exec-1] com.zaxxer.hikari.HikariDataSource       : HikariPool-1 - Starting...
15:43:42:231  INFO 8308 --- [http-nio-8081-exec-1] com.zaxxer.hikari.HikariDataSource       : HikariPool-1 - Start completed.
15:43:42:239 DEBUG 8308 --- [http-nio-8081-exec-1] c.h.i.mapper.ItemMapper.selectBatchIds   : ==>  Preparing: SELECT id,name,price,stock,image,category,brand,spec,sold,comment_count,isAD,status,create_time,update_time,creater,updater FROM item WHERE id IN ( ? , ? , ? , ? )
15:43:42:268 DEBUG 8308 --- [http-nio-8081-exec-1] c.h.i.mapper.ItemMapper.selectBatchIds   : ==> Parameters: 40305713537(Long), 8533120(Long), 100000006163(Long), 5001207(Long)
15:43:42:311 DEBUG 8308 --- [http-nio-8081-exec-1] c.h.i.mapper.ItemMapper.selectBatchIds   : <==      Total: 4
15:44:34:470 DEBUG 8308 --- [http-nio-8081-exec-5] c.h.i.mapper.ItemMapper.selectBatchIds   : ==>  Preparing: SELECT id,name,price,stock,image,category,brand,spec,sold,comment_count,isAD,status,create_time,update_time,creater,updater FROM item WHERE id IN ( ? , ? , ? , ? )
15:44:34:470 DEBUG 8308 --- [http-nio-8081-exec-5] c.h.i.mapper.ItemMapper.selectBatchIds   : ==> Parameters: 40305713537(Long), 8533120(Long), 100000006163(Long), 5001207(Long)
15:44:34:475 DEBUG 8308 --- [http-nio-8081-exec-5] c.h.i.mapper.ItemMapper.selectBatchIds   : <==      Total: 4
15:44:42:458 DEBUG 8308 --- [http-nio-8081-exec-3] c.h.i.mapper.ItemMapper.selectBatchIds   : ==>  Preparing: SELECT id,name,price,stock,image,category,brand,spec,sold,comment_count,isAD,status,create_time,update_time,creater,updater FROM item WHERE id IN ( ? , ? , ? , ? )
15:44:42:462 DEBUG 8308 --- [http-nio-8081-exec-3] c.h.i.mapper.ItemMapper.selectBatchIds   : ==> Parameters: 40305713537(Long), 8533120(Long), 100000006163(Long), 5001207(Long)
15:44:42:466 DEBUG 8308 --- [http-nio-8081-exec-3] c.h.i.mapper.ItemMapper.selectBatchIds   : <==      Total: 4
15:44:42:931 DEBUG 8308 --- [http-nio-8081-exec-4] c.h.i.mapper.ItemMapper.selectBatchIds   : ==>  Preparing: SELECT id,name,price,stock,image,category,brand,spec,sold,comment_count,isAD,status,create_time,update_time,creater,updater FROM item WHERE id IN ( ? , ? , ? , ? )
15:44:42:931 DEBUG 8308 --- [http-nio-8081-exec-4] c.h.i.mapper.ItemMapper.selectBatchIds   : ==> Parameters: 40305713537(Long), 8533120(Long), 100000006163(Long), 5001207(Long)
15:44:42:943 DEBUG 8308 --- [http-nio-8081-exec-4] c.h.i.mapper.ItemMapper.selectBatchIds   : <==      Total: 4
15:44:43:738 DEBUG 8308 --- [http-nio-8081-exec-2] c.h.i.mapper.ItemMapper.selectBatchIds   : ==>  Preparing: SELECT id,name,price,stock,image,category,brand,spec,sold,comment_count,isAD,status,create_time,update_time,creater,updater FROM item WHERE id IN ( ? , ? , ? , ? )
15:44:43:738 DEBUG 8308 --- [http-nio-8081-exec-2] c.h.i.mapper.ItemMapper.selectBatchIds   : ==> Parameters: 40305713537(Long), 8533120(Long), 100000006163(Long), 5001207(Long)
15:44:43:747 DEBUG 8308 --- [http-nio-8081-exec-2] c.h.i.mapper.ItemMapper.selectBatchIds   : <==      Total: 4
15:44:46:400 DEBUG 8308 --- [http-nio-8081-exec-6] c.h.i.mapper.ItemMapper.selectBatchIds   : ==>  Preparing: SELECT id,name,price,stock,image,category,brand,spec,sold,comment_count,isAD,status,create_time,update_time,creater,updater FROM item WHERE id IN ( ? , ? , ? )
15:44:46:400 DEBUG 8308 --- [http-nio-8081-exec-6] c.h.i.mapper.ItemMapper.selectBatchIds   : ==> Parameters: 40305713537(Long), 8533120(Long), 5001207(Long)
15:44:46:408 DEBUG 8308 --- [http-nio-8081-exec-6] c.h.i.mapper.ItemMapper.selectBatchIds   : <==      Total: 3
15:44:51:812 DEBUG 8308 --- [http-nio-8081-exec-7] c.h.i.mapper.ItemMapper.selectBatchIds   : ==>  Preparing: SELECT id,name,price,stock,image,category,brand,spec,sold,comment_count,isAD,status,create_time,update_time,creater,updater FROM item WHERE id IN ( ? , ? , ? )
15:44:51:812 DEBUG 8308 --- [http-nio-8081-exec-7] c.h.i.mapper.ItemMapper.selectBatchIds   : ==> Parameters: 40305713537(Long), 8533120(Long), 5001207(Long)
15:44:51:816 DEBUG 8308 --- [http-nio-8081-exec-7] c.h.i.mapper.ItemMapper.selectBatchIds   : <==      Total: 3
15:44:53:038 DEBUG 8308 --- [http-nio-8081-exec-8] c.h.i.m.ItemMapper.selectPage_mpCount    : ==>  Preparing: SELECT COUNT(*) FROM item WHERE (status = ?)
15:44:53:038 DEBUG 8308 --- [http-nio-8081-exec-8] c.h.i.m.ItemMapper.selectPage_mpCount    : ==> Parameters: 1(Integer)
15:44:53:087 DEBUG 8308 --- [http-nio-8081-exec-8] c.h.i.m.ItemMapper.selectPage_mpCount    : <==      Total: 1
15:44:53:092 DEBUG 8308 --- [http-nio-8081-exec-8] c.h.item.mapper.ItemMapper.selectPage    : ==>  Preparing: SELECT id, name, price, stock, image, category, brand, spec, sold, comment_count, isAD, status, create_time, update_time, creater, updater FROM item WHERE (status = ?) ORDER BY update_time DESC LIMIT ?
15:44:53:092 DEBUG 8308 --- [http-nio-8081-exec-8] c.h.item.mapper.ItemMapper.selectPage    : ==> Parameters: 1(Integer), 20(Long)
15:44:53:095 DEBUG 8308 --- [http-nio-8081-exec-8] c.h.item.mapper.ItemMapper.selectPage    : <==      Total: 20
15:44:56:099 DEBUG 8308 --- [http-nio-8081-exec-9] c.h.i.mapper.ItemMapper.selectBatchIds   : ==>  Preparing: SELECT id,name,price,stock,image,category,brand,spec,sold,comment_count,isAD,status,create_time,update_time,creater,updater FROM item WHERE id IN ( ? , ? , ? , ? )
15:44:56:103 DEBUG 8308 --- [http-nio-8081-exec-9] c.h.i.mapper.ItemMapper.selectBatchIds   : ==> Parameters: 40305713537(Long), 8533120(Long), 3072507(Long), 5001207(Long)
15:44:56:107 DEBUG 8308 --- [http-nio-8081-exec-9] c.h.i.mapper.ItemMapper.selectBatchIds   : <==      Total: 4
15:45:47:654  WARN 8308 --- [Thread-7] c.a.n.common.http.HttpClientBeanHolder   : [HttpClientBeanHolder] Start destroying common HttpClient
15:45:47:654  WARN 8308 --- [Thread-4] c.a.nacos.common.notify.NotifyCenter     : [NotifyCenter] Start destroying Publisher
15:45:47:654  WARN 8308 --- [Thread-4] c.a.nacos.common.notify.NotifyCenter     : [NotifyCenter] Destruction of the end
15:45:47:654  WARN 8308 --- [Thread-7] c.a.n.common.http.HttpClientBeanHolder   : [HttpClientBeanHolder] Destruction of the end
15:45:48:001  INFO 8308 --- [SpringApplicationShutdownHook] c.a.c.n.registry.NacosServiceRegistry    : De-registering from Nacos Server now...
15:45:48:009  INFO 8308 --- [SpringApplicationShutdownHook] c.a.c.n.registry.NacosServiceRegistry    : De-registration finished.
15:45:48:318  INFO 8308 --- [SpringApplicationShutdownHook] com.alibaba.nacos.common.remote.client   : Shutdown rpc client, set status to shutdown
15:45:48:318  INFO 8308 --- [SpringApplicationShutdownHook] com.alibaba.nacos.common.remote.client   : Shutdown client event executor java.util.concurrent.ScheduledThreadPoolExecutor@1ba09226[Running, pool size = 2, active threads = 2, queued tasks = 0, completed tasks = 0]
15:45:48:318  INFO 8308 --- [SpringApplicationShutdownHook] com.alibaba.nacos.common.remote.client   : Close current connection 1732088594818_192.168.80.1_57086
15:45:48:321  INFO 8308 --- [SpringApplicationShutdownHook] c.a.n.c.remote.client.grpc.GrpcClient    : Shutdown grpc executor java.util.concurrent.ThreadPoolExecutor@608484f3[Running, pool size = 4, active threads = 0, queued tasks = 0, completed tasks = 43]
15:45:48:328  INFO 8308 --- [SpringApplicationShutdownHook] com.zaxxer.hikari.HikariDataSource       : HikariPool-1 - Shutdown initiated...
15:45:48:368  INFO 8308 --- [SpringApplicationShutdownHook] com.zaxxer.hikari.HikariDataSource       : HikariPool-1 - Shutdown completed.
16:26:27:911  INFO 4356 --- [main] com.hmall.item.ItemApplication           : Starting ItemApplication using Java 11.0.8 on xmh with PID 4356 (D:\idea-project\hmall\item-service\target\classes started by 57186 in D:\idea-project\hmall)
16:26:27:913 DEBUG 4356 --- [main] com.hmall.item.ItemApplication           : Running with Spring Boot v2.7.12, Spring v5.3.27
16:26:27:913  INFO 4356 --- [main] com.hmall.item.ItemApplication           : The following 1 profile is active: "local"
16:26:28:568  INFO 4356 --- [main] o.s.cloud.context.scope.GenericScope     : BeanFactory id=0896a3c4-a260-3a14-abf3-a375d422cddf
16:26:28:760  INFO 4356 --- [main] o.s.b.w.embedded.tomcat.TomcatWebServer  : Tomcat initialized with port(s): 8081 (http)
16:26:28:766  INFO 4356 --- [main] o.apache.catalina.core.StandardService   : Starting service [Tomcat]
16:26:28:767  INFO 4356 --- [main] org.apache.catalina.core.StandardEngine  : Starting Servlet engine: [Apache Tomcat/9.0.75]
16:26:28:845  INFO 4356 --- [main] o.a.c.c.C.[Tomcat].[localhost].[/]       : Initializing Spring embedded WebApplicationContext
16:26:28:845  INFO 4356 --- [main] w.s.c.ServletWebServerApplicationContext : Root WebApplicationContext: initialization completed in 906 ms
16:26:30:710  INFO 4356 --- [main] pertySourcedRequestMappingHandlerMapping : Mapped URL path [/v2/api-docs] onto method [springfox.documentation.swagger2.web.Swagger2ControllerWebMvc#getDocumentation(String, HttpServletRequest)]
16:26:31:259  INFO 4356 --- [main] com.alibaba.nacos.common.remote.client   : [RpcClientFactory] create a new rpc client of 6ae9a855-0210-4137-a939-2c6f861d2572
16:26:31:281  INFO 4356 --- [main] org.reflections.Reflections              : Reflections took 10 ms to scan 1 urls, producing 3 keys and 6 values 
16:26:31:293  INFO 4356 --- [main] org.reflections.Reflections              : Reflections took 4 ms to scan 1 urls, producing 4 keys and 9 values 
16:26:31:299  INFO 4356 --- [main] org.reflections.Reflections              : Reflections took 4 ms to scan 1 urls, producing 3 keys and 10 values 
16:26:31:301  WARN 4356 --- [main] org.reflections.Reflections              : given scan urls are empty. set urls in the configuration
16:26:31:305  INFO 4356 --- [main] org.reflections.Reflections              : Reflections took 4 ms to scan 1 urls, producing 1 keys and 5 values 
16:26:31:311  INFO 4356 --- [main] org.reflections.Reflections              : Reflections took 4 ms to scan 1 urls, producing 1 keys and 7 values 
16:26:31:315  INFO 4356 --- [main] org.reflections.Reflections              : Reflections took 4 ms to scan 1 urls, producing 2 keys and 8 values 
16:26:31:315  WARN 4356 --- [main] org.reflections.Reflections              : given scan urls are empty. set urls in the configuration
16:26:31:315  INFO 4356 --- [main] com.alibaba.nacos.common.remote.client   : [6ae9a855-0210-4137-a939-2c6f861d2572] RpcClient init label, labels = {module=naming, source=sdk}
16:26:31:318  INFO 4356 --- [main] com.alibaba.nacos.common.remote.client   : [6ae9a855-0210-4137-a939-2c6f861d2572] RpcClient init, ServerListFactory = com.alibaba.nacos.client.naming.core.ServerListManager
16:26:31:318  INFO 4356 --- [main] com.alibaba.nacos.common.remote.client   : [6ae9a855-0210-4137-a939-2c6f861d2572] Registry connection listener to current client:com.alibaba.nacos.client.naming.remote.gprc.redo.NamingGrpcRedoService
16:26:31:318  INFO 4356 --- [main] com.alibaba.nacos.common.remote.client   : [6ae9a855-0210-4137-a939-2c6f861d2572] Register server push request handler:com.alibaba.nacos.client.naming.remote.gprc.NamingPushRequestHandler
16:26:31:319  INFO 4356 --- [main] com.alibaba.nacos.common.remote.client   : [6ae9a855-0210-4137-a939-2c6f861d2572] Try to connect to server on start up, server: {serverIp = '192.168.80.130', server main port = 8848}
16:26:32:684  INFO 4356 --- [main] com.alibaba.nacos.common.remote.client   : [6ae9a855-0210-4137-a939-2c6f861d2572] Success to connect to server [192.168.80.130:8848] on start up, connectionId = 1732091192628_192.168.80.1_59844
16:26:32:684  INFO 4356 --- [main] com.alibaba.nacos.common.remote.client   : [6ae9a855-0210-4137-a939-2c6f861d2572] Register server push request handler:com.alibaba.nacos.common.remote.client.RpcClient$ConnectResetRequestHandler
16:26:32:684  INFO 4356 --- [com.alibaba.nacos.client.remote.worker] com.alibaba.nacos.common.remote.client   : [6ae9a855-0210-4137-a939-2c6f861d2572] Notify connected event to listeners.
16:26:32:684  INFO 4356 --- [main] com.alibaba.nacos.common.remote.client   : [6ae9a855-0210-4137-a939-2c6f861d2572] Register server push request handler:com.alibaba.nacos.common.remote.client.RpcClient$$Lambda$935/0x00000008006bc040
16:26:32:720  INFO 4356 --- [main] o.s.b.w.embedded.tomcat.TomcatWebServer  : Tomcat started on port(s): 8081 (http) with context path ''
16:26:32:731  INFO 4356 --- [main] c.a.c.n.registry.NacosServiceRegistry    : nacos registry, DEFAULT_GROUP item-service 192.168.43.42:8081 register finished
16:26:33:072  INFO 4356 --- [main] d.s.w.p.DocumentationPluginsBootstrapper : Documentation plugins bootstrapped
16:26:33:074  INFO 4356 --- [main] d.s.w.p.DocumentationPluginsBootstrapper : Found 1 custom documentation plugin(s)
16:26:33:088  INFO 4356 --- [main] s.d.s.w.s.ApiListingReferenceScanner     : Scanning for api listing references
16:26:33:155  INFO 4356 --- [main] com.hmall.item.ItemApplication           : Started ItemApplication in 5.914 seconds (JVM running for 6.607)
16:26:33:160  INFO 4356 --- [main] com.hmall.item.ItemApplication           : 商品模块启动成功
16:26:33:242  INFO 4356 --- [nacos-grpc-client-executor-7] com.alibaba.nacos.common.remote.client   : [6ae9a855-0210-4137-a939-2c6f861d2572] Receive server push request, request = NotifySubscriberRequest, requestId = 21
16:26:33:248  INFO 4356 --- [nacos-grpc-client-executor-7] com.alibaba.nacos.common.remote.client   : [6ae9a855-0210-4137-a939-2c6f861d2572] Ack server push request, request = NotifySubscriberRequest, requestId = 21
16:43:05:138  INFO 4356 --- [http-nio-8081-exec-1] o.a.c.c.C.[Tomcat].[localhost].[/]       : Initializing Spring DispatcherServlet 'dispatcherServlet'
16:43:05:138  INFO 4356 --- [http-nio-8081-exec-1] o.s.web.servlet.DispatcherServlet        : Initializing Servlet 'dispatcherServlet'
16:43:05:142  INFO 4356 --- [http-nio-8081-exec-1] o.s.web.servlet.DispatcherServlet        : Completed initialization in 4 ms
16:43:05:274  INFO 4356 --- [http-nio-8081-exec-1] com.zaxxer.hikari.HikariDataSource       : HikariPool-1 - Starting...
16:43:05:849  INFO 4356 --- [http-nio-8081-exec-1] com.zaxxer.hikari.HikariDataSource       : HikariPool-1 - Start completed.
16:43:05:857 DEBUG 4356 --- [http-nio-8081-exec-1] c.h.i.mapper.ItemMapper.selectBatchIds   : ==>  Preparing: SELECT id,name,price,stock,image,category,brand,spec,sold,comment_count,isAD,status,create_time,update_time,creater,updater FROM item WHERE id IN ( ? , ? , ? , ? )
16:43:05:885 DEBUG 4356 --- [http-nio-8081-exec-1] c.h.i.mapper.ItemMapper.selectBatchIds   : ==> Parameters: 40305713537(Long), 8533120(Long), 3072507(Long), 5001207(Long)
16:43:05:926 DEBUG 4356 --- [http-nio-8081-exec-1] c.h.i.mapper.ItemMapper.selectBatchIds   : <==      Total: 4
16:44:43:834  WARN 4356 --- [Thread-4] c.a.nacos.common.notify.NotifyCenter     : [NotifyCenter] Start destroying Publisher
16:44:43:834  WARN 4356 --- [Thread-7] c.a.n.common.http.HttpClientBeanHolder   : [HttpClientBeanHolder] Start destroying common HttpClient
16:44:43:838  WARN 4356 --- [Thread-4] c.a.nacos.common.notify.NotifyCenter     : [NotifyCenter] Destruction of the end
16:44:43:838  WARN 4356 --- [Thread-7] c.a.n.common.http.HttpClientBeanHolder   : [HttpClientBeanHolder] Destruction of the end
16:44:44:757  INFO 4356 --- [SpringApplicationShutdownHook] c.a.c.n.registry.NacosServiceRegistry    : De-registering from Nacos Server now...
16:44:44:762  INFO 4356 --- [SpringApplicationShutdownHook] c.a.c.n.registry.NacosServiceRegistry    : De-registration finished.
16:44:45:074  INFO 4356 --- [SpringApplicationShutdownHook] com.alibaba.nacos.common.remote.client   : Shutdown rpc client, set status to shutdown
16:44:45:074  INFO 4356 --- [SpringApplicationShutdownHook] com.alibaba.nacos.common.remote.client   : Shutdown client event executor java.util.concurrent.ScheduledThreadPoolExecutor@5061d76b[Running, pool size = 2, active threads = 2, queued tasks = 0, completed tasks = 0]
16:44:45:074  INFO 4356 --- [SpringApplicationShutdownHook] com.alibaba.nacos.common.remote.client   : Close current connection 1732091192628_192.168.80.1_59844
16:44:45:078  INFO 4356 --- [SpringApplicationShutdownHook] c.a.n.c.remote.client.grpc.GrpcClient    : Shutdown grpc executor java.util.concurrent.ThreadPoolExecutor@5888bef9[Running, pool size = 4, active threads = 0, queued tasks = 0, completed tasks = 238]
16:44:45:081  INFO 4356 --- [SpringApplicationShutdownHook] com.zaxxer.hikari.HikariDataSource       : HikariPool-1 - Shutdown initiated...
16:44:45:223  INFO 4356 --- [SpringApplicationShutdownHook] com.zaxxer.hikari.HikariDataSource       : HikariPool-1 - Shutdown completed.
