15:15:11:919  INFO 17420 --- [main] com.hmall.user.UserApplication           : Starting UserApplication using Java 11.0.8 on xmh with PID 17420 (D:\idea-project\hmall\user-service\target\classes started by 57186 in D:\idea-project\hmall)
15:15:11:926 DEBUG 17420 --- [main] com.hmall.user.UserApplication           : Running with Spring Boot v2.7.12, Spring v5.3.27
15:15:11:927  INFO 17420 --- [main] com.hmall.user.UserApplication           : The following 1 profile is active: "local"
15:15:12:376  INFO 17420 --- [main] .s.d.r.c.RepositoryConfigurationDelegate : Multiple Spring Data modules found, entering strict repository configuration mode
15:15:12:378  INFO 17420 --- [main] .s.d.r.c.RepositoryConfigurationDelegate : Bootstrapping Spring Data Redis repositories in DEFAULT mode.
15:15:12:403  INFO 17420 --- [main] .s.d.r.c.RepositoryConfigurationDelegate : Finished Spring Data repository scanning in 5 ms. Found 0 Redis repository interfaces.
15:15:12:519  INFO 17420 --- [main] o.s.cloud.context.scope.GenericScope     : BeanFactory id=ebcb90eb-9558-3a68-8143-b0b791c64a9e
15:15:12:700  INFO 17420 --- [main] o.s.b.w.embedded.tomcat.TomcatWebServer  : Tomcat initialized with port(s): 8084 (http)
15:15:12:704  INFO 17420 --- [main] o.apache.catalina.core.StandardService   : Starting service [Tomcat]
15:15:12:704  INFO 17420 --- [main] org.apache.catalina.core.StandardEngine  : Starting Servlet engine: [Apache Tomcat/9.0.75]
15:15:12:769  INFO 17420 --- [main] o.a.c.c.C.[Tomcat].[localhost].[/]       : Initializing Spring embedded WebApplicationContext
15:15:12:769  INFO 17420 --- [main] w.s.c.ServletWebServerApplicationContext : Root WebApplicationContext: initialization completed in 822 ms
15:15:14:018  INFO 17420 --- [main] pertySourcedRequestMappingHandlerMapping : Mapped URL path [/v2/api-docs] onto method [springfox.documentation.swagger2.web.Swagger2ControllerWebMvc#getDocumentation(String, HttpServletRequest)]
15:15:14:480  INFO 17420 --- [main] com.alibaba.nacos.common.remote.client   : [RpcClientFactory] create a new rpc client of 71860906-b7b8-4cfb-9ff0-af83e5d454ed
15:15:14:515  INFO 17420 --- [main] org.reflections.Reflections              : Reflections took 25 ms to scan 1 urls, producing 3 keys and 6 values 
15:15:14:543  INFO 17420 --- [main] org.reflections.Reflections              : Reflections took 8 ms to scan 1 urls, producing 4 keys and 9 values 
15:15:14:549  INFO 17420 --- [main] org.reflections.Reflections              : Reflections took 4 ms to scan 1 urls, producing 3 keys and 10 values 
15:15:14:550  WARN 17420 --- [main] org.reflections.Reflections              : given scan urls are empty. set urls in the configuration
15:15:14:554  INFO 17420 --- [main] org.reflections.Reflections              : Reflections took 3 ms to scan 1 urls, producing 1 keys and 5 values 
15:15:14:559  INFO 17420 --- [main] org.reflections.Reflections              : Reflections took 4 ms to scan 1 urls, producing 1 keys and 7 values 
15:15:14:564  INFO 17420 --- [main] org.reflections.Reflections              : Reflections took 3 ms to scan 1 urls, producing 2 keys and 8 values 
15:15:14:565  WARN 17420 --- [main] org.reflections.Reflections              : given scan urls are empty. set urls in the configuration
15:15:14:566  INFO 17420 --- [main] com.alibaba.nacos.common.remote.client   : [71860906-b7b8-4cfb-9ff0-af83e5d454ed] RpcClient init label, labels = {module=naming, source=sdk}
15:15:14:567  INFO 17420 --- [main] com.alibaba.nacos.common.remote.client   : [71860906-b7b8-4cfb-9ff0-af83e5d454ed] RpcClient init, ServerListFactory = com.alibaba.nacos.client.naming.core.ServerListManager
15:15:14:567  INFO 17420 --- [main] com.alibaba.nacos.common.remote.client   : [71860906-b7b8-4cfb-9ff0-af83e5d454ed] Registry connection listener to current client:com.alibaba.nacos.client.naming.remote.gprc.redo.NamingGrpcRedoService
15:15:14:567  INFO 17420 --- [main] com.alibaba.nacos.common.remote.client   : [71860906-b7b8-4cfb-9ff0-af83e5d454ed] Register server push request handler:com.alibaba.nacos.client.naming.remote.gprc.NamingPushRequestHandler
15:15:14:568  INFO 17420 --- [main] com.alibaba.nacos.common.remote.client   : [71860906-b7b8-4cfb-9ff0-af83e5d454ed] Try to connect to server on start up, server: {serverIp = '192.168.80.130', server main port = 8848}
15:15:15:408  INFO 17420 --- [main] com.alibaba.nacos.common.remote.client   : [71860906-b7b8-4cfb-9ff0-af83e5d454ed] Success to connect to server [192.168.80.130:8848] on start up, connectionId = 1732000517378_192.168.80.1_57351
15:15:15:409  INFO 17420 --- [main] com.alibaba.nacos.common.remote.client   : [71860906-b7b8-4cfb-9ff0-af83e5d454ed] Register server push request handler:com.alibaba.nacos.common.remote.client.RpcClient$ConnectResetRequestHandler
15:15:15:408  INFO 17420 --- [com.alibaba.nacos.client.remote.worker] com.alibaba.nacos.common.remote.client   : [71860906-b7b8-4cfb-9ff0-af83e5d454ed] Notify connected event to listeners.
15:15:15:409  INFO 17420 --- [main] com.alibaba.nacos.common.remote.client   : [71860906-b7b8-4cfb-9ff0-af83e5d454ed] Register server push request handler:com.alibaba.nacos.common.remote.client.RpcClient$$Lambda$1095/0x000000080080e440
15:15:15:441  INFO 17420 --- [main] o.s.b.w.embedded.tomcat.TomcatWebServer  : Tomcat started on port(s): 8084 (http) with context path ''
15:15:15:449  INFO 17420 --- [main] c.a.c.n.registry.NacosServiceRegistry    : nacos registry, DEFAULT_GROUP user-service 192.168.43.42:8084 register finished
15:15:15:641  INFO 17420 --- [main] d.s.w.p.DocumentationPluginsBootstrapper : Documentation plugins bootstrapped
15:15:15:643  INFO 17420 --- [main] d.s.w.p.DocumentationPluginsBootstrapper : Found 1 custom documentation plugin(s)
15:15:15:655  INFO 17420 --- [main] s.d.s.w.s.ApiListingReferenceScanner     : Scanning for api listing references
15:15:15:710  INFO 17420 --- [main] com.hmall.user.UserApplication           : Started UserApplication in 4.256 seconds (JVM running for 4.893)
15:15:15:711  INFO 17420 --- [main] com.hmall.user.UserApplication           : 用户模块启动成功
15:15:15:993  INFO 17420 --- [nacos-grpc-client-executor-8] com.alibaba.nacos.common.remote.client   : [71860906-b7b8-4cfb-9ff0-af83e5d454ed] Receive server push request, request = NotifySubscriberRequest, requestId = 7
15:15:15:995  INFO 17420 --- [nacos-grpc-client-executor-8] com.alibaba.nacos.common.remote.client   : [71860906-b7b8-4cfb-9ff0-af83e5d454ed] Ack server push request, request = NotifySubscriberRequest, requestId = 7
15:15:22:011  INFO 17420 --- [http-nio-8084-exec-1] o.a.c.c.C.[Tomcat].[localhost].[/]       : Initializing Spring DispatcherServlet 'dispatcherServlet'
15:15:22:011  INFO 17420 --- [http-nio-8084-exec-1] o.s.web.servlet.DispatcherServlet        : Initializing Servlet 'dispatcherServlet'
15:15:22:011  INFO 17420 --- [http-nio-8084-exec-1] o.s.web.servlet.DispatcherServlet        : Completed initialization in 0 ms
15:15:22:105  INFO 17420 --- [http-nio-8084-exec-1] com.zaxxer.hikari.HikariDataSource       : HikariPool-1 - Starting...
15:15:22:278  INFO 17420 --- [http-nio-8084-exec-1] com.zaxxer.hikari.HikariDataSource       : HikariPool-1 - Start completed.
15:15:22:282 DEBUG 17420 --- [http-nio-8084-exec-1] c.h.user.mapper.UserMapper.selectOne     : ==>  Preparing: SELECT id,username,password,phone,create_time,update_time,status,balance FROM user WHERE (username = ?)
15:15:22:293 DEBUG 17420 --- [http-nio-8084-exec-1] c.h.user.mapper.UserMapper.selectOne     : ==> Parameters: Jack(String)
15:15:22:349 DEBUG 17420 --- [http-nio-8084-exec-1] c.h.user.mapper.UserMapper.selectOne     : <==      Total: 1
15:16:44:521 DEBUG 17420 --- [http-nio-8084-exec-2] c.h.user.mapper.UserMapper.selectOne     : ==>  Preparing: SELECT id,username,password,phone,create_time,update_time,status,balance FROM user WHERE (username = ?)
15:16:44:521 DEBUG 17420 --- [http-nio-8084-exec-2] c.h.user.mapper.UserMapper.selectOne     : ==> Parameters: rose(String)
15:16:44:525 DEBUG 17420 --- [http-nio-8084-exec-2] c.h.user.mapper.UserMapper.selectOne     : <==      Total: 1
15:18:06:584 DEBUG 17420 --- [http-nio-8084-exec-10] c.h.user.mapper.UserMapper.selectOne     : ==>  Preparing: SELECT id,username,password,phone,create_time,update_time,status,balance FROM user WHERE (username = ?)
15:18:06:584 DEBUG 17420 --- [http-nio-8084-exec-10] c.h.user.mapper.UserMapper.selectOne     : ==> Parameters: rose(String)
15:18:06:588 DEBUG 17420 --- [http-nio-8084-exec-10] c.h.user.mapper.UserMapper.selectOne     : <==      Total: 1
15:49:35:309 DEBUG 17420 --- [http-nio-8084-exec-4] c.h.user.mapper.UserMapper.selectOne     : ==>  Preparing: SELECT id,username,password,phone,create_time,update_time,status,balance FROM user WHERE (username = ?)
15:49:35:310 DEBUG 17420 --- [http-nio-8084-exec-4] c.h.user.mapper.UserMapper.selectOne     : ==> Parameters: Jack(String)
15:49:35:314 DEBUG 17420 --- [http-nio-8084-exec-4] c.h.user.mapper.UserMapper.selectOne     : <==      Total: 1
15:50:51:350 DEBUG 17420 --- [http-nio-8084-exec-8] c.h.u.mapper.AddressMapper.selectList    : ==>  Preparing: SELECT id,user_id,province,city,town,mobile,street,contact,is_default,notes FROM address WHERE (user_id = ?)
15:50:51:350 DEBUG 17420 --- [http-nio-8084-exec-8] c.h.u.mapper.AddressMapper.selectList    : ==> Parameters: 1(Long)
15:50:51:363 DEBUG 17420 --- [http-nio-8084-exec-8] c.h.u.mapper.AddressMapper.selectList    : <==      Total: 4
15:51:40:418 DEBUG 17420 --- [http-nio-8084-exec-9] c.h.u.mapper.AddressMapper.selectList    : ==>  Preparing: SELECT id,user_id,province,city,town,mobile,street,contact,is_default,notes FROM address WHERE (user_id = ?)
15:51:40:419 DEBUG 17420 --- [http-nio-8084-exec-9] c.h.u.mapper.AddressMapper.selectList    : ==> Parameters: 1(Long)
15:51:40:423 DEBUG 17420 --- [http-nio-8084-exec-9] c.h.u.mapper.AddressMapper.selectList    : <==      Total: 4
15:51:41:145 DEBUG 17420 --- [http-nio-8084-exec-1] c.h.u.mapper.AddressMapper.selectList    : ==>  Preparing: SELECT id,user_id,province,city,town,mobile,street,contact,is_default,notes FROM address WHERE (user_id = ?)
15:51:41:145 DEBUG 17420 --- [http-nio-8084-exec-1] c.h.u.mapper.AddressMapper.selectList    : ==> Parameters: 1(Long)
15:51:41:147 DEBUG 17420 --- [http-nio-8084-exec-1] c.h.u.mapper.AddressMapper.selectList    : <==      Total: 4
15:51:41:298 DEBUG 17420 --- [http-nio-8084-exec-3] c.h.u.mapper.AddressMapper.selectList    : ==>  Preparing: SELECT id,user_id,province,city,town,mobile,street,contact,is_default,notes FROM address WHERE (user_id = ?)
15:51:41:299 DEBUG 17420 --- [http-nio-8084-exec-3] c.h.u.mapper.AddressMapper.selectList    : ==> Parameters: 1(Long)
15:51:41:303 DEBUG 17420 --- [http-nio-8084-exec-3] c.h.u.mapper.AddressMapper.selectList    : <==      Total: 4
15:51:41:417 DEBUG 17420 --- [http-nio-8084-exec-2] c.h.u.mapper.AddressMapper.selectList    : ==>  Preparing: SELECT id,user_id,province,city,town,mobile,street,contact,is_default,notes FROM address WHERE (user_id = ?)
15:51:41:417 DEBUG 17420 --- [http-nio-8084-exec-2] c.h.u.mapper.AddressMapper.selectList    : ==> Parameters: 1(Long)
15:51:41:420 DEBUG 17420 --- [http-nio-8084-exec-2] c.h.u.mapper.AddressMapper.selectList    : <==      Total: 4
15:52:03:224 DEBUG 17420 --- [http-nio-8084-exec-5] c.h.u.mapper.AddressMapper.selectList    : ==>  Preparing: SELECT id,user_id,province,city,town,mobile,street,contact,is_default,notes FROM address WHERE (user_id = ?)
15:52:03:225 DEBUG 17420 --- [http-nio-8084-exec-5] c.h.u.mapper.AddressMapper.selectList    : ==> Parameters: 1(Long)
15:52:03:227 DEBUG 17420 --- [http-nio-8084-exec-5] c.h.u.mapper.AddressMapper.selectList    : <==      Total: 4
15:53:27:660 DEBUG 17420 --- [http-nio-8084-exec-7] c.h.u.mapper.AddressMapper.selectList    : ==>  Preparing: SELECT id,user_id,province,city,town,mobile,street,contact,is_default,notes FROM address WHERE (user_id = ?)
15:53:27:661 DEBUG 17420 --- [http-nio-8084-exec-7] c.h.u.mapper.AddressMapper.selectList    : ==> Parameters: 1(Long)
15:53:27:666 DEBUG 17420 --- [http-nio-8084-exec-7] c.h.u.mapper.AddressMapper.selectList    : <==      Total: 4
16:01:30:157  WARN 17420 --- [Thread-7] c.a.n.common.http.HttpClientBeanHolder   : [HttpClientBeanHolder] Start destroying common HttpClient
16:01:30:157  WARN 17420 --- [Thread-4] c.a.nacos.common.notify.NotifyCenter     : [NotifyCenter] Start destroying Publisher
16:01:30:157  WARN 17420 --- [Thread-4] c.a.nacos.common.notify.NotifyCenter     : [NotifyCenter] Destruction of the end
16:01:30:158  WARN 17420 --- [Thread-7] c.a.n.common.http.HttpClientBeanHolder   : [HttpClientBeanHolder] Destruction of the end
16:01:30:528  INFO 17420 --- [SpringApplicationShutdownHook] c.a.c.n.registry.NacosServiceRegistry    : De-registering from Nacos Server now...
16:01:30:533  INFO 17420 --- [SpringApplicationShutdownHook] c.a.c.n.registry.NacosServiceRegistry    : De-registration finished.
16:01:30:841  INFO 17420 --- [SpringApplicationShutdownHook] com.alibaba.nacos.common.remote.client   : Shutdown rpc client, set status to shutdown
16:01:30:841  INFO 17420 --- [SpringApplicationShutdownHook] com.alibaba.nacos.common.remote.client   : Shutdown client event executor java.util.concurrent.ScheduledThreadPoolExecutor@46d5a9b1[Running, pool size = 2, active threads = 2, queued tasks = 0, completed tasks = 0]
16:01:30:841  INFO 17420 --- [SpringApplicationShutdownHook] com.alibaba.nacos.common.remote.client   : Close current connection 1732000517378_192.168.80.1_57351
16:01:30:844  INFO 17420 --- [SpringApplicationShutdownHook] c.a.n.c.remote.client.grpc.GrpcClient    : Shutdown grpc executor java.util.concurrent.ThreadPoolExecutor@2b6c8930[Running, pool size = 4, active threads = 0, queued tasks = 0, completed tasks = 584]
16:01:30:849  INFO 17420 --- [SpringApplicationShutdownHook] com.zaxxer.hikari.HikariDataSource       : HikariPool-1 - Shutdown initiated...
16:01:30:868  INFO 17420 --- [SpringApplicationShutdownHook] com.zaxxer.hikari.HikariDataSource       : HikariPool-1 - Shutdown completed.
16:01:46:939  INFO 18624 --- [main] com.hmall.user.UserApplication           : Starting UserApplication using Java 11.0.8 on xmh with PID 18624 (D:\idea-project\hmall\user-service\target\classes started by 57186 in D:\idea-project\hmall)
16:01:46:940 DEBUG 18624 --- [main] com.hmall.user.UserApplication           : Running with Spring Boot v2.7.12, Spring v5.3.27
16:01:46:941  INFO 18624 --- [main] com.hmall.user.UserApplication           : The following 1 profile is active: "local"
16:01:47:405  INFO 18624 --- [main] .s.d.r.c.RepositoryConfigurationDelegate : Multiple Spring Data modules found, entering strict repository configuration mode
16:01:47:406  INFO 18624 --- [main] .s.d.r.c.RepositoryConfigurationDelegate : Bootstrapping Spring Data Redis repositories in DEFAULT mode.
16:01:47:418  INFO 18624 --- [main] .s.d.r.c.RepositoryConfigurationDelegate : Finished Spring Data repository scanning in 4 ms. Found 0 Redis repository interfaces.
16:01:47:551  INFO 18624 --- [main] o.s.cloud.context.scope.GenericScope     : BeanFactory id=ebcb90eb-9558-3a68-8143-b0b791c64a9e
16:01:47:759  INFO 18624 --- [main] o.s.b.w.embedded.tomcat.TomcatWebServer  : Tomcat initialized with port(s): 8084 (http)
16:01:47:764  INFO 18624 --- [main] o.apache.catalina.core.StandardService   : Starting service [Tomcat]
16:01:47:764  INFO 18624 --- [main] org.apache.catalina.core.StandardEngine  : Starting Servlet engine: [Apache Tomcat/9.0.75]
16:01:47:838  INFO 18624 --- [main] o.a.c.c.C.[Tomcat].[localhost].[/]       : Initializing Spring embedded WebApplicationContext
16:01:47:838  INFO 18624 --- [main] w.s.c.ServletWebServerApplicationContext : Root WebApplicationContext: initialization completed in 875 ms
16:01:49:363  INFO 18624 --- [main] pertySourcedRequestMappingHandlerMapping : Mapped URL path [/v2/api-docs] onto method [springfox.documentation.swagger2.web.Swagger2ControllerWebMvc#getDocumentation(String, HttpServletRequest)]
16:01:49:839  INFO 18624 --- [main] com.alibaba.nacos.common.remote.client   : [RpcClientFactory] create a new rpc client of 651a3a13-8c2e-4d38-b785-4480e5eef381
16:01:49:860  INFO 18624 --- [main] org.reflections.Reflections              : Reflections took 11 ms to scan 1 urls, producing 3 keys and 6 values 
16:01:49:887  INFO 18624 --- [main] org.reflections.Reflections              : Reflections took 10 ms to scan 1 urls, producing 4 keys and 9 values 
16:01:49:895  INFO 18624 --- [main] org.reflections.Reflections              : Reflections took 5 ms to scan 1 urls, producing 3 keys and 10 values 
16:01:49:897  WARN 18624 --- [main] org.reflections.Reflections              : given scan urls are empty. set urls in the configuration
16:01:49:901  INFO 18624 --- [main] org.reflections.Reflections              : Reflections took 4 ms to scan 1 urls, producing 1 keys and 5 values 
16:01:49:908  INFO 18624 --- [main] org.reflections.Reflections              : Reflections took 5 ms to scan 1 urls, producing 1 keys and 7 values 
16:01:49:914  INFO 18624 --- [main] org.reflections.Reflections              : Reflections took 5 ms to scan 1 urls, producing 2 keys and 8 values 
16:01:49:915  WARN 18624 --- [main] org.reflections.Reflections              : given scan urls are empty. set urls in the configuration
16:01:49:916  INFO 18624 --- [main] com.alibaba.nacos.common.remote.client   : [651a3a13-8c2e-4d38-b785-4480e5eef381] RpcClient init label, labels = {module=naming, source=sdk}
16:01:49:917  INFO 18624 --- [main] com.alibaba.nacos.common.remote.client   : [651a3a13-8c2e-4d38-b785-4480e5eef381] RpcClient init, ServerListFactory = com.alibaba.nacos.client.naming.core.ServerListManager
16:01:49:917  INFO 18624 --- [main] com.alibaba.nacos.common.remote.client   : [651a3a13-8c2e-4d38-b785-4480e5eef381] Registry connection listener to current client:com.alibaba.nacos.client.naming.remote.gprc.redo.NamingGrpcRedoService
16:01:49:918  INFO 18624 --- [main] com.alibaba.nacos.common.remote.client   : [651a3a13-8c2e-4d38-b785-4480e5eef381] Register server push request handler:com.alibaba.nacos.client.naming.remote.gprc.NamingPushRequestHandler
16:01:49:919  INFO 18624 --- [main] com.alibaba.nacos.common.remote.client   : [651a3a13-8c2e-4d38-b785-4480e5eef381] Try to connect to server on start up, server: {serverIp = '192.168.80.130', server main port = 8848}
16:01:50:827  INFO 18624 --- [main] com.alibaba.nacos.common.remote.client   : [651a3a13-8c2e-4d38-b785-4480e5eef381] Success to connect to server [192.168.80.130:8848] on start up, connectionId = 1732003312787_192.168.80.1_58848
16:01:50:827  INFO 18624 --- [com.alibaba.nacos.client.remote.worker] com.alibaba.nacos.common.remote.client   : [651a3a13-8c2e-4d38-b785-4480e5eef381] Notify connected event to listeners.
16:01:50:829  INFO 18624 --- [main] com.alibaba.nacos.common.remote.client   : [651a3a13-8c2e-4d38-b785-4480e5eef381] Register server push request handler:com.alibaba.nacos.common.remote.client.RpcClient$ConnectResetRequestHandler
16:01:50:829  INFO 18624 --- [main] com.alibaba.nacos.common.remote.client   : [651a3a13-8c2e-4d38-b785-4480e5eef381] Register server push request handler:com.alibaba.nacos.common.remote.client.RpcClient$$Lambda$1095/0x000000080080e440
16:01:50:866  INFO 18624 --- [main] o.s.b.w.embedded.tomcat.TomcatWebServer  : Tomcat started on port(s): 8084 (http) with context path ''
16:01:50:874  INFO 18624 --- [main] c.a.c.n.registry.NacosServiceRegistry    : nacos registry, DEFAULT_GROUP user-service 192.168.43.42:8084 register finished
16:01:51:077  INFO 18624 --- [main] d.s.w.p.DocumentationPluginsBootstrapper : Documentation plugins bootstrapped
16:01:51:079  INFO 18624 --- [main] d.s.w.p.DocumentationPluginsBootstrapper : Found 1 custom documentation plugin(s)
16:01:51:092  INFO 18624 --- [main] s.d.s.w.s.ApiListingReferenceScanner     : Scanning for api listing references
16:01:51:144  INFO 18624 --- [main] com.hmall.user.UserApplication           : Started UserApplication in 4.966 seconds (JVM running for 5.7)
16:01:51:147  INFO 18624 --- [main] com.hmall.user.UserApplication           : 用户模块启动成功
16:01:51:358  INFO 18624 --- [nacos-grpc-client-executor-7] com.alibaba.nacos.common.remote.client   : [651a3a13-8c2e-4d38-b785-4480e5eef381] Receive server push request, request = NotifySubscriberRequest, requestId = 27
16:01:51:360  INFO 18624 --- [nacos-grpc-client-executor-7] com.alibaba.nacos.common.remote.client   : [651a3a13-8c2e-4d38-b785-4480e5eef381] Ack server push request, request = NotifySubscriberRequest, requestId = 27
16:07:44:454  WARN 18624 --- [Thread-4] c.a.nacos.common.notify.NotifyCenter     : [NotifyCenter] Start destroying Publisher
16:07:44:458  WARN 18624 --- [Thread-4] c.a.nacos.common.notify.NotifyCenter     : [NotifyCenter] Destruction of the end
16:07:44:454  WARN 18624 --- [Thread-7] c.a.n.common.http.HttpClientBeanHolder   : [HttpClientBeanHolder] Start destroying common HttpClient
16:07:44:458  WARN 18624 --- [Thread-7] c.a.n.common.http.HttpClientBeanHolder   : [HttpClientBeanHolder] Destruction of the end
16:07:45:378  INFO 18624 --- [SpringApplicationShutdownHook] c.a.c.n.registry.NacosServiceRegistry    : De-registering from Nacos Server now...
16:07:45:384  INFO 18624 --- [SpringApplicationShutdownHook] c.a.c.n.registry.NacosServiceRegistry    : De-registration finished.
16:07:45:692  INFO 18624 --- [SpringApplicationShutdownHook] com.alibaba.nacos.common.remote.client   : Shutdown rpc client, set status to shutdown
16:07:45:692  INFO 18624 --- [SpringApplicationShutdownHook] com.alibaba.nacos.common.remote.client   : Shutdown client event executor java.util.concurrent.ScheduledThreadPoolExecutor@1e4fb90f[Running, pool size = 2, active threads = 2, queued tasks = 0, completed tasks = 0]
16:07:45:692  INFO 18624 --- [SpringApplicationShutdownHook] com.alibaba.nacos.common.remote.client   : Close current connection 1732003312787_192.168.80.1_58848
16:07:45:695  INFO 18624 --- [SpringApplicationShutdownHook] c.a.n.c.remote.client.grpc.GrpcClient    : Shutdown grpc executor java.util.concurrent.ThreadPoolExecutor@1a9b120b[Running, pool size = 5, active threads = 0, queued tasks = 0, completed tasks = 83]
16:08:52:716  INFO 8504 --- [main] com.hmall.user.UserApplication           : Starting UserApplication using Java 11.0.8 on xmh with PID 8504 (D:\idea-project\hmall\user-service\target\classes started by 57186 in D:\idea-project\hmall)
16:08:52:717 DEBUG 8504 --- [main] com.hmall.user.UserApplication           : Running with Spring Boot v2.7.12, Spring v5.3.27
16:08:52:718  INFO 8504 --- [main] com.hmall.user.UserApplication           : The following 1 profile is active: "local"
16:08:53:173  INFO 8504 --- [main] .s.d.r.c.RepositoryConfigurationDelegate : Multiple Spring Data modules found, entering strict repository configuration mode
16:08:53:175  INFO 8504 --- [main] .s.d.r.c.RepositoryConfigurationDelegate : Bootstrapping Spring Data Redis repositories in DEFAULT mode.
16:08:53:187  INFO 8504 --- [main] .s.d.r.c.RepositoryConfigurationDelegate : Finished Spring Data repository scanning in 4 ms. Found 0 Redis repository interfaces.
16:08:53:335  INFO 8504 --- [main] o.s.cloud.context.scope.GenericScope     : BeanFactory id=ebcb90eb-9558-3a68-8143-b0b791c64a9e
16:08:53:527  INFO 8504 --- [main] o.s.b.w.embedded.tomcat.TomcatWebServer  : Tomcat initialized with port(s): 8084 (http)
16:08:53:532  INFO 8504 --- [main] o.apache.catalina.core.StandardService   : Starting service [Tomcat]
16:08:53:532  INFO 8504 --- [main] org.apache.catalina.core.StandardEngine  : Starting Servlet engine: [Apache Tomcat/9.0.75]
16:08:53:605  INFO 8504 --- [main] o.a.c.c.C.[Tomcat].[localhost].[/]       : Initializing Spring embedded WebApplicationContext
16:08:53:605  INFO 8504 --- [main] w.s.c.ServletWebServerApplicationContext : Root WebApplicationContext: initialization completed in 865 ms
16:08:55:108  INFO 8504 --- [main] pertySourcedRequestMappingHandlerMapping : Mapped URL path [/v2/api-docs] onto method [springfox.documentation.swagger2.web.Swagger2ControllerWebMvc#getDocumentation(String, HttpServletRequest)]
16:08:55:660  INFO 8504 --- [main] com.alibaba.nacos.common.remote.client   : [RpcClientFactory] create a new rpc client of ad1e9788-9f4e-41b4-a59c-ab3d4eb99a11
16:08:55:683  INFO 8504 --- [main] org.reflections.Reflections              : Reflections took 13 ms to scan 1 urls, producing 3 keys and 6 values 
16:08:55:710  INFO 8504 --- [main] org.reflections.Reflections              : Reflections took 9 ms to scan 1 urls, producing 4 keys and 9 values 
16:08:55:716  INFO 8504 --- [main] org.reflections.Reflections              : Reflections took 4 ms to scan 1 urls, producing 3 keys and 10 values 
16:08:55:717  WARN 8504 --- [main] org.reflections.Reflections              : given scan urls are empty. set urls in the configuration
16:08:55:721  INFO 8504 --- [main] org.reflections.Reflections              : Reflections took 4 ms to scan 1 urls, producing 1 keys and 5 values 
16:08:55:727  INFO 8504 --- [main] org.reflections.Reflections              : Reflections took 4 ms to scan 1 urls, producing 1 keys and 7 values 
16:08:55:732  INFO 8504 --- [main] org.reflections.Reflections              : Reflections took 4 ms to scan 1 urls, producing 2 keys and 8 values 
16:08:55:733  WARN 8504 --- [main] org.reflections.Reflections              : given scan urls are empty. set urls in the configuration
16:08:55:734  INFO 8504 --- [main] com.alibaba.nacos.common.remote.client   : [ad1e9788-9f4e-41b4-a59c-ab3d4eb99a11] RpcClient init label, labels = {module=naming, source=sdk}
16:08:55:735  INFO 8504 --- [main] com.alibaba.nacos.common.remote.client   : [ad1e9788-9f4e-41b4-a59c-ab3d4eb99a11] RpcClient init, ServerListFactory = com.alibaba.nacos.client.naming.core.ServerListManager
16:08:55:735  INFO 8504 --- [main] com.alibaba.nacos.common.remote.client   : [ad1e9788-9f4e-41b4-a59c-ab3d4eb99a11] Registry connection listener to current client:com.alibaba.nacos.client.naming.remote.gprc.redo.NamingGrpcRedoService
16:08:55:735  INFO 8504 --- [main] com.alibaba.nacos.common.remote.client   : [ad1e9788-9f4e-41b4-a59c-ab3d4eb99a11] Register server push request handler:com.alibaba.nacos.client.naming.remote.gprc.NamingPushRequestHandler
16:08:55:736  INFO 8504 --- [main] com.alibaba.nacos.common.remote.client   : [ad1e9788-9f4e-41b4-a59c-ab3d4eb99a11] Try to connect to server on start up, server: {serverIp = '192.168.80.130', server main port = 8848}
16:08:56:643  INFO 8504 --- [main] com.alibaba.nacos.common.remote.client   : [ad1e9788-9f4e-41b4-a59c-ab3d4eb99a11] Success to connect to server [192.168.80.130:8848] on start up, connectionId = 1732003738625_192.168.80.1_60086
16:08:56:645  INFO 8504 --- [main] com.alibaba.nacos.common.remote.client   : [ad1e9788-9f4e-41b4-a59c-ab3d4eb99a11] Register server push request handler:com.alibaba.nacos.common.remote.client.RpcClient$ConnectResetRequestHandler
16:08:56:644  INFO 8504 --- [com.alibaba.nacos.client.remote.worker] com.alibaba.nacos.common.remote.client   : [ad1e9788-9f4e-41b4-a59c-ab3d4eb99a11] Notify connected event to listeners.
16:08:56:646  INFO 8504 --- [main] com.alibaba.nacos.common.remote.client   : [ad1e9788-9f4e-41b4-a59c-ab3d4eb99a11] Register server push request handler:com.alibaba.nacos.common.remote.client.RpcClient$$Lambda$1095/0x0000000800816440
16:08:56:682  INFO 8504 --- [main] o.s.b.w.embedded.tomcat.TomcatWebServer  : Tomcat started on port(s): 8084 (http) with context path ''
16:08:56:700  INFO 8504 --- [main] c.a.c.n.registry.NacosServiceRegistry    : nacos registry, DEFAULT_GROUP user-service 192.168.43.42:8084 register finished
16:08:56:894  INFO 8504 --- [main] d.s.w.p.DocumentationPluginsBootstrapper : Documentation plugins bootstrapped
16:08:56:896  INFO 8504 --- [main] d.s.w.p.DocumentationPluginsBootstrapper : Found 1 custom documentation plugin(s)
16:08:56:909  INFO 8504 --- [main] s.d.s.w.s.ApiListingReferenceScanner     : Scanning for api listing references
16:08:56:959  INFO 8504 --- [main] com.hmall.user.UserApplication           : Started UserApplication in 4.888 seconds (JVM running for 5.593)
16:08:56:961  INFO 8504 --- [main] com.hmall.user.UserApplication           : 用户模块启动成功
16:08:57:193  INFO 8504 --- [nacos-grpc-client-executor-8] com.alibaba.nacos.common.remote.client   : [ad1e9788-9f4e-41b4-a59c-ab3d4eb99a11] Receive server push request, request = NotifySubscriberRequest, requestId = 38
16:08:57:195  INFO 8504 --- [nacos-grpc-client-executor-8] com.alibaba.nacos.common.remote.client   : [ad1e9788-9f4e-41b4-a59c-ab3d4eb99a11] Ack server push request, request = NotifySubscriberRequest, requestId = 38
16:09:11:261  INFO 8504 --- [http-nio-8084-exec-1] o.a.c.c.C.[Tomcat].[localhost].[/]       : Initializing Spring DispatcherServlet 'dispatcherServlet'
16:09:11:261  INFO 8504 --- [http-nio-8084-exec-1] o.s.web.servlet.DispatcherServlet        : Initializing Servlet 'dispatcherServlet'
16:09:11:262  INFO 8504 --- [http-nio-8084-exec-1] o.s.web.servlet.DispatcherServlet        : Completed initialization in 1 ms
16:09:11:327  INFO 8504 --- [http-nio-8084-exec-1] com.zaxxer.hikari.HikariDataSource       : HikariPool-1 - Starting...
16:09:11:518  INFO 8504 --- [http-nio-8084-exec-1] com.zaxxer.hikari.HikariDataSource       : HikariPool-1 - Start completed.
16:09:11:523 DEBUG 8504 --- [http-nio-8084-exec-1] c.h.u.mapper.AddressMapper.selectList    : ==>  Preparing: SELECT id,user_id,province,city,town,mobile,street,contact,is_default,notes FROM address WHERE (user_id = ?)
16:09:11:534 DEBUG 8504 --- [http-nio-8084-exec-1] c.h.u.mapper.AddressMapper.selectList    : ==> Parameters: 1(Long)
16:09:11:545 DEBUG 8504 --- [http-nio-8084-exec-1] c.h.u.mapper.AddressMapper.selectList    : <==      Total: 4
16:09:35:275 DEBUG 8504 --- [http-nio-8084-exec-3] c.h.user.mapper.UserMapper.selectOne     : ==>  Preparing: SELECT id,username,password,phone,create_time,update_time,status,balance FROM user WHERE (username = ?)
16:09:35:275 DEBUG 8504 --- [http-nio-8084-exec-3] c.h.user.mapper.UserMapper.selectOne     : ==> Parameters: rose(String)
16:09:35:289 DEBUG 8504 --- [http-nio-8084-exec-3] c.h.user.mapper.UserMapper.selectOne     : <==      Total: 1
16:09:35:568 DEBUG 8504 --- [http-nio-8084-exec-9] c.h.u.mapper.AddressMapper.selectList    : ==>  Preparing: SELECT id,user_id,province,city,town,mobile,street,contact,is_default,notes FROM address WHERE (user_id = ?)
16:09:35:569 DEBUG 8504 --- [http-nio-8084-exec-9] c.h.u.mapper.AddressMapper.selectList    : ==> Parameters: 2(Long)
16:09:35:573 DEBUG 8504 --- [http-nio-8084-exec-9] c.h.u.mapper.AddressMapper.selectList    : <==      Total: 0
16:10:28:248 DEBUG 8504 --- [http-nio-8084-exec-5] c.h.u.mapper.AddressMapper.selectList    : ==>  Preparing: SELECT id,user_id,province,city,town,mobile,street,contact,is_default,notes FROM address WHERE (user_id = ?)
16:10:28:248 DEBUG 8504 --- [http-nio-8084-exec-5] c.h.u.mapper.AddressMapper.selectList    : ==> Parameters: 2(Long)
16:10:28:252 DEBUG 8504 --- [http-nio-8084-exec-5] c.h.u.mapper.AddressMapper.selectList    : <==      Total: 0
16:11:48:531 DEBUG 8504 --- [http-nio-8084-exec-6] c.h.user.mapper.UserMapper.selectOne     : ==>  Preparing: SELECT id,username,password,phone,create_time,update_time,status,balance FROM user WHERE (username = ?)
16:11:48:531 DEBUG 8504 --- [http-nio-8084-exec-6] c.h.user.mapper.UserMapper.selectOne     : ==> Parameters: rose(String)
16:11:48:536 DEBUG 8504 --- [http-nio-8084-exec-6] c.h.user.mapper.UserMapper.selectOne     : <==      Total: 1
16:15:12:875 DEBUG 8504 --- [http-nio-8084-exec-7] c.h.u.mapper.AddressMapper.selectList    : ==>  Preparing: SELECT id,user_id,province,city,town,mobile,street,contact,is_default,notes FROM address WHERE (user_id = ?)
16:15:12:876 DEBUG 8504 --- [http-nio-8084-exec-7] c.h.u.mapper.AddressMapper.selectList    : ==> Parameters: 2(Long)
16:15:12:878 DEBUG 8504 --- [http-nio-8084-exec-7] c.h.u.mapper.AddressMapper.selectList    : <==      Total: 0
16:25:21:864 DEBUG 8504 --- [http-nio-8084-exec-4] c.h.u.mapper.AddressMapper.selectList    : ==>  Preparing: SELECT id,user_id,province,city,town,mobile,street,contact,is_default,notes FROM address WHERE (user_id = ?)
16:25:21:867 DEBUG 8504 --- [http-nio-8084-exec-4] c.h.u.mapper.AddressMapper.selectList    : ==> Parameters: 2(Long)
16:25:21:869 DEBUG 8504 --- [http-nio-8084-exec-4] c.h.u.mapper.AddressMapper.selectList    : <==      Total: 0
16:26:26:989 DEBUG 8504 --- [http-nio-8084-exec-3] c.h.u.mapper.AddressMapper.selectList    : ==>  Preparing: SELECT id,user_id,province,city,town,mobile,street,contact,is_default,notes FROM address WHERE (user_id = ?)
16:26:26:990 DEBUG 8504 --- [http-nio-8084-exec-3] c.h.u.mapper.AddressMapper.selectList    : ==> Parameters: 2(Long)
16:26:26:996 DEBUG 8504 --- [http-nio-8084-exec-3] c.h.u.mapper.AddressMapper.selectList    : <==      Total: 0
16:30:43:775 DEBUG 8504 --- [http-nio-8084-exec-5] c.h.u.mapper.AddressMapper.selectList    : ==>  Preparing: SELECT id,user_id,province,city,town,mobile,street,contact,is_default,notes FROM address WHERE (user_id = ?)
16:30:43:776 DEBUG 8504 --- [http-nio-8084-exec-5] c.h.u.mapper.AddressMapper.selectList    : ==> Parameters: 2(Long)
16:30:43:778 DEBUG 8504 --- [http-nio-8084-exec-5] c.h.u.mapper.AddressMapper.selectList    : <==      Total: 0
16:31:21:700 DEBUG 8504 --- [http-nio-8084-exec-2] c.h.u.mapper.AddressMapper.selectList    : ==>  Preparing: SELECT id,user_id,province,city,town,mobile,street,contact,is_default,notes FROM address WHERE (user_id = ?)
16:31:21:700 DEBUG 8504 --- [http-nio-8084-exec-2] c.h.u.mapper.AddressMapper.selectList    : ==> Parameters: 2(Long)
16:31:21:709 DEBUG 8504 --- [http-nio-8084-exec-2] c.h.u.mapper.AddressMapper.selectList    : <==      Total: 0
16:34:20:192 DEBUG 8504 --- [http-nio-8084-exec-8] c.h.u.mapper.AddressMapper.selectList    : ==>  Preparing: SELECT id,user_id,province,city,town,mobile,street,contact,is_default,notes FROM address WHERE (user_id = ?)
16:34:20:192 DEBUG 8504 --- [http-nio-8084-exec-8] c.h.u.mapper.AddressMapper.selectList    : ==> Parameters: 2(Long)
16:34:20:195 DEBUG 8504 --- [http-nio-8084-exec-8] c.h.u.mapper.AddressMapper.selectList    : <==      Total: 0
16:34:29:683 DEBUG 8504 --- [http-nio-8084-exec-7] c.h.u.mapper.AddressMapper.selectList    : ==>  Preparing: SELECT id,user_id,province,city,town,mobile,street,contact,is_default,notes FROM address WHERE (user_id = ?)
16:34:29:683 DEBUG 8504 --- [http-nio-8084-exec-7] c.h.u.mapper.AddressMapper.selectList    : ==> Parameters: 2(Long)
16:34:29:687 DEBUG 8504 --- [http-nio-8084-exec-7] c.h.u.mapper.AddressMapper.selectList    : <==      Total: 0
16:35:42:057 DEBUG 8504 --- [http-nio-8084-exec-4] c.h.u.mapper.AddressMapper.selectList    : ==>  Preparing: SELECT id,user_id,province,city,town,mobile,street,contact,is_default,notes FROM address WHERE (user_id = ?)
16:35:42:058 DEBUG 8504 --- [http-nio-8084-exec-4] c.h.u.mapper.AddressMapper.selectList    : ==> Parameters: 2(Long)
16:35:42:060 DEBUG 8504 --- [http-nio-8084-exec-4] c.h.u.mapper.AddressMapper.selectList    : <==      Total: 0
16:35:55:606 DEBUG 8504 --- [http-nio-8084-exec-1] c.h.u.mapper.AddressMapper.selectList    : ==>  Preparing: SELECT id,user_id,province,city,town,mobile,street,contact,is_default,notes FROM address WHERE (user_id = ?)
16:35:55:606 DEBUG 8504 --- [http-nio-8084-exec-1] c.h.u.mapper.AddressMapper.selectList    : ==> Parameters: 2(Long)
16:35:55:609 DEBUG 8504 --- [http-nio-8084-exec-1] c.h.u.mapper.AddressMapper.selectList    : <==      Total: 0
16:38:08:981  WARN 8504 --- [Thread-7] c.a.n.common.http.HttpClientBeanHolder   : [HttpClientBeanHolder] Start destroying common HttpClient
16:38:08:981  WARN 8504 --- [Thread-4] c.a.nacos.common.notify.NotifyCenter     : [NotifyCenter] Start destroying Publisher
16:38:08:981  WARN 8504 --- [Thread-4] c.a.nacos.common.notify.NotifyCenter     : [NotifyCenter] Destruction of the end
16:38:08:981  WARN 8504 --- [Thread-7] c.a.n.common.http.HttpClientBeanHolder   : [HttpClientBeanHolder] Destruction of the end
16:38:09:317  INFO 8504 --- [SpringApplicationShutdownHook] c.a.c.n.registry.NacosServiceRegistry    : De-registering from Nacos Server now...
16:38:09:324  INFO 8504 --- [SpringApplicationShutdownHook] c.a.c.n.registry.NacosServiceRegistry    : De-registration finished.
16:38:09:638  INFO 8504 --- [SpringApplicationShutdownHook] com.alibaba.nacos.common.remote.client   : Shutdown rpc client, set status to shutdown
16:38:09:638  INFO 8504 --- [SpringApplicationShutdownHook] com.alibaba.nacos.common.remote.client   : Shutdown client event executor java.util.concurrent.ScheduledThreadPoolExecutor@16a79e09[Running, pool size = 2, active threads = 2, queued tasks = 0, completed tasks = 0]
16:38:09:638  INFO 8504 --- [SpringApplicationShutdownHook] com.alibaba.nacos.common.remote.client   : Close current connection 1732003738625_192.168.80.1_60086
16:38:09:642  INFO 8504 --- [SpringApplicationShutdownHook] c.a.n.c.remote.client.grpc.GrpcClient    : Shutdown grpc executor java.util.concurrent.ThreadPoolExecutor@178cbd13[Running, pool size = 5, active threads = 0, queued tasks = 0, completed tasks = 366]
16:38:09:642  INFO 8504 --- [nacos-grpc-client-executor-366] c.a.n.c.remote.client.grpc.GrpcClient    : [1732003738625_192.168.80.1_60086]Ignore complete event,isRunning:false,isAbandon=false
16:38:09:646  INFO 8504 --- [SpringApplicationShutdownHook] com.zaxxer.hikari.HikariDataSource       : HikariPool-1 - Shutdown initiated...
16:38:09:682  INFO 8504 --- [SpringApplicationShutdownHook] com.zaxxer.hikari.HikariDataSource       : HikariPool-1 - Shutdown completed.
16:38:22:575  INFO 13524 --- [main] com.hmall.user.UserApplication           : Starting UserApplication using Java 11.0.8 on xmh with PID 13524 (D:\idea-project\hmall\user-service\target\classes started by 57186 in D:\idea-project\hmall)
16:38:22:575 DEBUG 13524 --- [main] com.hmall.user.UserApplication           : Running with Spring Boot v2.7.12, Spring v5.3.27
16:38:22:575  INFO 13524 --- [main] com.hmall.user.UserApplication           : The following 1 profile is active: "local"
16:38:23:039  INFO 13524 --- [main] .s.d.r.c.RepositoryConfigurationDelegate : Multiple Spring Data modules found, entering strict repository configuration mode
16:38:23:039  INFO 13524 --- [main] .s.d.r.c.RepositoryConfigurationDelegate : Bootstrapping Spring Data Redis repositories in DEFAULT mode.
16:38:23:059  INFO 13524 --- [main] .s.d.r.c.RepositoryConfigurationDelegate : Finished Spring Data repository scanning in 6 ms. Found 0 Redis repository interfaces.
16:38:23:172  INFO 13524 --- [main] o.s.cloud.context.scope.GenericScope     : BeanFactory id=ebcb90eb-9558-3a68-8143-b0b791c64a9e
16:38:23:358  INFO 13524 --- [main] o.s.b.w.embedded.tomcat.TomcatWebServer  : Tomcat initialized with port(s): 8084 (http)
16:38:23:362  INFO 13524 --- [main] o.apache.catalina.core.StandardService   : Starting service [Tomcat]
16:38:23:362  INFO 13524 --- [main] org.apache.catalina.core.StandardEngine  : Starting Servlet engine: [Apache Tomcat/9.0.75]
16:38:23:437  INFO 13524 --- [main] o.a.c.c.C.[Tomcat].[localhost].[/]       : Initializing Spring embedded WebApplicationContext
16:38:23:437  INFO 13524 --- [main] w.s.c.ServletWebServerApplicationContext : Root WebApplicationContext: initialization completed in 839 ms
16:38:25:211  INFO 13524 --- [main] pertySourcedRequestMappingHandlerMapping : Mapped URL path [/v2/api-docs] onto method [springfox.documentation.swagger2.web.Swagger2ControllerWebMvc#getDocumentation(String, HttpServletRequest)]
16:38:25:699  INFO 13524 --- [main] com.alibaba.nacos.common.remote.client   : [RpcClientFactory] create a new rpc client of a0bfef6b-f996-4875-b270-367821456cbf
16:38:25:732  INFO 13524 --- [main] org.reflections.Reflections              : Reflections took 21 ms to scan 1 urls, producing 3 keys and 6 values 
16:38:25:745  INFO 13524 --- [main] org.reflections.Reflections              : Reflections took 5 ms to scan 1 urls, producing 4 keys and 9 values 
16:38:25:750  INFO 13524 --- [main] org.reflections.Reflections              : Reflections took 4 ms to scan 1 urls, producing 3 keys and 10 values 
16:38:25:752  WARN 13524 --- [main] org.reflections.Reflections              : given scan urls are empty. set urls in the configuration
16:38:25:756  INFO 13524 --- [main] org.reflections.Reflections              : Reflections took 4 ms to scan 1 urls, producing 1 keys and 5 values 
16:38:25:761  INFO 13524 --- [main] org.reflections.Reflections              : Reflections took 4 ms to scan 1 urls, producing 1 keys and 7 values 
16:38:25:766  INFO 13524 --- [main] org.reflections.Reflections              : Reflections took 4 ms to scan 1 urls, producing 2 keys and 8 values 
16:38:25:767  WARN 13524 --- [main] org.reflections.Reflections              : given scan urls are empty. set urls in the configuration
16:38:25:768  INFO 13524 --- [main] com.alibaba.nacos.common.remote.client   : [a0bfef6b-f996-4875-b270-367821456cbf] RpcClient init label, labels = {module=naming, source=sdk}
16:38:25:769  INFO 13524 --- [main] com.alibaba.nacos.common.remote.client   : [a0bfef6b-f996-4875-b270-367821456cbf] RpcClient init, ServerListFactory = com.alibaba.nacos.client.naming.core.ServerListManager
16:38:25:769  INFO 13524 --- [main] com.alibaba.nacos.common.remote.client   : [a0bfef6b-f996-4875-b270-367821456cbf] Registry connection listener to current client:com.alibaba.nacos.client.naming.remote.gprc.redo.NamingGrpcRedoService
16:38:25:769  INFO 13524 --- [main] com.alibaba.nacos.common.remote.client   : [a0bfef6b-f996-4875-b270-367821456cbf] Register server push request handler:com.alibaba.nacos.client.naming.remote.gprc.NamingPushRequestHandler
16:38:25:770  INFO 13524 --- [main] com.alibaba.nacos.common.remote.client   : [a0bfef6b-f996-4875-b270-367821456cbf] Try to connect to server on start up, server: {serverIp = '192.168.80.130', server main port = 8848}
16:38:26:750  INFO 13524 --- [main] com.alibaba.nacos.common.remote.client   : [a0bfef6b-f996-4875-b270-367821456cbf] Success to connect to server [192.168.80.130:8848] on start up, connectionId = 1732005508732_192.168.80.1_62092
16:38:26:751  INFO 13524 --- [main] com.alibaba.nacos.common.remote.client   : [a0bfef6b-f996-4875-b270-367821456cbf] Register server push request handler:com.alibaba.nacos.common.remote.client.RpcClient$ConnectResetRequestHandler
16:38:26:751  INFO 13524 --- [main] com.alibaba.nacos.common.remote.client   : [a0bfef6b-f996-4875-b270-367821456cbf] Register server push request handler:com.alibaba.nacos.common.remote.client.RpcClient$$Lambda$1095/0x000000080080e440
16:38:26:751  INFO 13524 --- [com.alibaba.nacos.client.remote.worker] com.alibaba.nacos.common.remote.client   : [a0bfef6b-f996-4875-b270-367821456cbf] Notify connected event to listeners.
16:38:26:791  INFO 13524 --- [main] o.s.b.w.embedded.tomcat.TomcatWebServer  : Tomcat started on port(s): 8084 (http) with context path ''
16:38:26:800  INFO 13524 --- [main] c.a.c.n.registry.NacosServiceRegistry    : nacos registry, DEFAULT_GROUP user-service 192.168.43.42:8084 register finished
16:38:27:035  INFO 13524 --- [main] d.s.w.p.DocumentationPluginsBootstrapper : Documentation plugins bootstrapped
16:38:27:037  INFO 13524 --- [main] d.s.w.p.DocumentationPluginsBootstrapper : Found 1 custom documentation plugin(s)
16:38:27:048  INFO 13524 --- [main] s.d.s.w.s.ApiListingReferenceScanner     : Scanning for api listing references
16:38:27:097  INFO 13524 --- [main] com.hmall.user.UserApplication           : Started UserApplication in 5.212 seconds (JVM running for 5.967)
16:38:27:098  INFO 13524 --- [main] com.hmall.user.UserApplication           : 用户模块启动成功
16:38:27:325  INFO 13524 --- [nacos-grpc-client-executor-9] com.alibaba.nacos.common.remote.client   : [a0bfef6b-f996-4875-b270-367821456cbf] Receive server push request, request = NotifySubscriberRequest, requestId = 113
16:38:27:328  INFO 13524 --- [nacos-grpc-client-executor-9] com.alibaba.nacos.common.remote.client   : [a0bfef6b-f996-4875-b270-367821456cbf] Ack server push request, request = NotifySubscriberRequest, requestId = 113
16:38:55:841  INFO 13524 --- [http-nio-8084-exec-1] o.a.c.c.C.[Tomcat].[localhost].[/]       : Initializing Spring DispatcherServlet 'dispatcherServlet'
16:38:55:841  INFO 13524 --- [http-nio-8084-exec-1] o.s.web.servlet.DispatcherServlet        : Initializing Servlet 'dispatcherServlet'
16:38:55:845  INFO 13524 --- [http-nio-8084-exec-1] o.s.web.servlet.DispatcherServlet        : Completed initialization in 4 ms
16:38:56:126  INFO 13524 --- [http-nio-8084-exec-1] com.zaxxer.hikari.HikariDataSource       : HikariPool-1 - Starting...
16:38:56:542  INFO 13524 --- [http-nio-8084-exec-1] com.zaxxer.hikari.HikariDataSource       : HikariPool-1 - Start completed.
16:38:56:550 DEBUG 13524 --- [http-nio-8084-exec-1] c.h.user.mapper.UserMapper.selectOne     : ==>  Preparing: SELECT id,username,password,phone,create_time,update_time,status,balance FROM user WHERE (username = ?)
16:38:56:578 DEBUG 13524 --- [http-nio-8084-exec-1] c.h.user.mapper.UserMapper.selectOne     : ==> Parameters: rose(String)
16:38:56:623 DEBUG 13524 --- [http-nio-8084-exec-1] c.h.user.mapper.UserMapper.selectOne     : <==      Total: 1
16:38:57:005 DEBUG 13524 --- [http-nio-8084-exec-4] c.h.u.mapper.AddressMapper.selectList    : ==>  Preparing: SELECT id,user_id,province,city,town,mobile,street,contact,is_default,notes FROM address WHERE (user_id = ?)
16:38:57:005 DEBUG 13524 --- [http-nio-8084-exec-4] c.h.u.mapper.AddressMapper.selectList    : ==> Parameters: 2(Long)
16:38:57:009 DEBUG 13524 --- [http-nio-8084-exec-4] c.h.u.mapper.AddressMapper.selectList    : <==      Total: 0
16:39:57:351 DEBUG 13524 --- [http-nio-8084-exec-5] c.h.u.mapper.AddressMapper.selectList    : ==>  Preparing: SELECT id,user_id,province,city,town,mobile,street,contact,is_default,notes FROM address WHERE (user_id = ?)
16:39:57:351 DEBUG 13524 --- [http-nio-8084-exec-5] c.h.u.mapper.AddressMapper.selectList    : ==> Parameters: 2(Long)
16:39:57:354 DEBUG 13524 --- [http-nio-8084-exec-5] c.h.u.mapper.AddressMapper.selectList    : <==      Total: 0
16:42:12:600  WARN 13524 --- [Thread-7] c.a.n.common.http.HttpClientBeanHolder   : [HttpClientBeanHolder] Start destroying common HttpClient
16:42:12:600  WARN 13524 --- [Thread-4] c.a.nacos.common.notify.NotifyCenter     : [NotifyCenter] Start destroying Publisher
16:42:12:601  WARN 13524 --- [Thread-4] c.a.nacos.common.notify.NotifyCenter     : [NotifyCenter] Destruction of the end
16:42:12:601  WARN 13524 --- [Thread-7] c.a.n.common.http.HttpClientBeanHolder   : [HttpClientBeanHolder] Destruction of the end
16:42:12:933  INFO 13524 --- [SpringApplicationShutdownHook] c.a.c.n.registry.NacosServiceRegistry    : De-registering from Nacos Server now...
16:42:12:937  INFO 13524 --- [SpringApplicationShutdownHook] c.a.c.n.registry.NacosServiceRegistry    : De-registration finished.
16:42:13:249  INFO 13524 --- [SpringApplicationShutdownHook] com.alibaba.nacos.common.remote.client   : Shutdown rpc client, set status to shutdown
16:42:13:249  INFO 13524 --- [SpringApplicationShutdownHook] com.alibaba.nacos.common.remote.client   : Shutdown client event executor java.util.concurrent.ScheduledThreadPoolExecutor@4c68bfc8[Running, pool size = 2, active threads = 2, queued tasks = 0, completed tasks = 0]
16:42:13:249  INFO 13524 --- [SpringApplicationShutdownHook] com.alibaba.nacos.common.remote.client   : Close current connection 1732005508732_192.168.80.1_62092
16:42:13:251  INFO 13524 --- [nacos-grpc-client-executor-58] c.a.n.c.remote.client.grpc.GrpcClient    : [1732005508732_192.168.80.1_62092]Ignore complete event,isRunning:false,isAbandon=false
16:42:13:255  INFO 13524 --- [SpringApplicationShutdownHook] c.a.n.c.remote.client.grpc.GrpcClient    : Shutdown grpc executor java.util.concurrent.ThreadPoolExecutor@35774503[Running, pool size = 6, active threads = 0, queued tasks = 0, completed tasks = 59]
16:42:13:259  INFO 13524 --- [SpringApplicationShutdownHook] com.zaxxer.hikari.HikariDataSource       : HikariPool-1 - Shutdown initiated...
16:42:13:300  INFO 13524 --- [SpringApplicationShutdownHook] com.zaxxer.hikari.HikariDataSource       : HikariPool-1 - Shutdown completed.
17:32:34:131  INFO 16156 --- [main] com.hmall.user.UserApplication           : Starting UserApplication using Java 11.0.8 on xmh with PID 16156 (D:\idea-project\hmall\user-service\target\classes started by 57186 in D:\idea-project\hmall)
17:32:34:133 DEBUG 16156 --- [main] com.hmall.user.UserApplication           : Running with Spring Boot v2.7.12, Spring v5.3.27
17:32:34:133  INFO 16156 --- [main] com.hmall.user.UserApplication           : The following 1 profile is active: "local"
17:32:34:563  INFO 16156 --- [main] .s.d.r.c.RepositoryConfigurationDelegate : Multiple Spring Data modules found, entering strict repository configuration mode
17:32:34:564  INFO 16156 --- [main] .s.d.r.c.RepositoryConfigurationDelegate : Bootstrapping Spring Data Redis repositories in DEFAULT mode.
17:32:34:576  INFO 16156 --- [main] .s.d.r.c.RepositoryConfigurationDelegate : Finished Spring Data repository scanning in 4 ms. Found 0 Redis repository interfaces.
17:32:34:692  INFO 16156 --- [main] o.s.cloud.context.scope.GenericScope     : BeanFactory id=ebcb90eb-9558-3a68-8143-b0b791c64a9e
17:32:34:875  INFO 16156 --- [main] o.s.b.w.embedded.tomcat.TomcatWebServer  : Tomcat initialized with port(s): 8084 (http)
17:32:34:880  INFO 16156 --- [main] o.apache.catalina.core.StandardService   : Starting service [Tomcat]
17:32:34:880  INFO 16156 --- [main] org.apache.catalina.core.StandardEngine  : Starting Servlet engine: [Apache Tomcat/9.0.75]
17:32:34:949  INFO 16156 --- [main] o.a.c.c.C.[Tomcat].[localhost].[/]       : Initializing Spring embedded WebApplicationContext
17:32:34:949  INFO 16156 --- [main] w.s.c.ServletWebServerApplicationContext : Root WebApplicationContext: initialization completed in 796 ms
17:32:36:217  INFO 16156 --- [main] pertySourcedRequestMappingHandlerMapping : Mapped URL path [/v2/api-docs] onto method [springfox.documentation.swagger2.web.Swagger2ControllerWebMvc#getDocumentation(String, HttpServletRequest)]
17:32:36:659  INFO 16156 --- [main] com.alibaba.nacos.common.remote.client   : [RpcClientFactory] create a new rpc client of b33d5937-7349-41c1-8149-a5ea2ede07a5
17:32:36:679  INFO 16156 --- [main] org.reflections.Reflections              : Reflections took 11 ms to scan 1 urls, producing 3 keys and 6 values 
17:32:36:691  INFO 16156 --- [main] org.reflections.Reflections              : Reflections took 5 ms to scan 1 urls, producing 4 keys and 9 values 
17:32:36:710  INFO 16156 --- [main] org.reflections.Reflections              : Reflections took 17 ms to scan 1 urls, producing 3 keys and 10 values 
17:32:36:712  WARN 16156 --- [main] org.reflections.Reflections              : given scan urls are empty. set urls in the configuration
17:32:36:716  INFO 16156 --- [main] org.reflections.Reflections              : Reflections took 4 ms to scan 1 urls, producing 1 keys and 5 values 
17:32:36:721  INFO 16156 --- [main] org.reflections.Reflections              : Reflections took 4 ms to scan 1 urls, producing 1 keys and 7 values 
17:32:36:726  INFO 16156 --- [main] org.reflections.Reflections              : Reflections took 4 ms to scan 1 urls, producing 2 keys and 8 values 
17:32:36:727  WARN 16156 --- [main] org.reflections.Reflections              : given scan urls are empty. set urls in the configuration
17:32:36:728  INFO 16156 --- [main] com.alibaba.nacos.common.remote.client   : [b33d5937-7349-41c1-8149-a5ea2ede07a5] RpcClient init label, labels = {module=naming, source=sdk}
17:32:36:729  INFO 16156 --- [main] com.alibaba.nacos.common.remote.client   : [b33d5937-7349-41c1-8149-a5ea2ede07a5] RpcClient init, ServerListFactory = com.alibaba.nacos.client.naming.core.ServerListManager
17:32:36:729  INFO 16156 --- [main] com.alibaba.nacos.common.remote.client   : [b33d5937-7349-41c1-8149-a5ea2ede07a5] Registry connection listener to current client:com.alibaba.nacos.client.naming.remote.gprc.redo.NamingGrpcRedoService
17:32:36:730  INFO 16156 --- [main] com.alibaba.nacos.common.remote.client   : [b33d5937-7349-41c1-8149-a5ea2ede07a5] Register server push request handler:com.alibaba.nacos.client.naming.remote.gprc.NamingPushRequestHandler
17:32:36:731  INFO 16156 --- [main] com.alibaba.nacos.common.remote.client   : [b33d5937-7349-41c1-8149-a5ea2ede07a5] Try to connect to server on start up, server: {serverIp = '192.168.80.130', server main port = 8848}
17:32:37:589  INFO 16156 --- [main] com.alibaba.nacos.common.remote.client   : [b33d5937-7349-41c1-8149-a5ea2ede07a5] Success to connect to server [192.168.80.130:8848] on start up, connectionId = 1732008759595_192.168.80.1_64699
17:32:37:590  INFO 16156 --- [com.alibaba.nacos.client.remote.worker] com.alibaba.nacos.common.remote.client   : [b33d5937-7349-41c1-8149-a5ea2ede07a5] Notify connected event to listeners.
17:32:37:592  INFO 16156 --- [main] com.alibaba.nacos.common.remote.client   : [b33d5937-7349-41c1-8149-a5ea2ede07a5] Register server push request handler:com.alibaba.nacos.common.remote.client.RpcClient$ConnectResetRequestHandler
17:32:37:593  INFO 16156 --- [main] com.alibaba.nacos.common.remote.client   : [b33d5937-7349-41c1-8149-a5ea2ede07a5] Register server push request handler:com.alibaba.nacos.common.remote.client.RpcClient$$Lambda$1095/0x000000080080e440
17:32:37:626  INFO 16156 --- [main] o.s.b.w.embedded.tomcat.TomcatWebServer  : Tomcat started on port(s): 8084 (http) with context path ''
17:32:37:632  INFO 16156 --- [main] c.a.c.n.registry.NacosServiceRegistry    : nacos registry, DEFAULT_GROUP user-service 192.168.43.42:8084 register finished
17:32:37:825  INFO 16156 --- [main] d.s.w.p.DocumentationPluginsBootstrapper : Documentation plugins bootstrapped
17:32:37:828  INFO 16156 --- [main] d.s.w.p.DocumentationPluginsBootstrapper : Found 1 custom documentation plugin(s)
17:32:37:842  INFO 16156 --- [main] s.d.s.w.s.ApiListingReferenceScanner     : Scanning for api listing references
17:32:37:897  INFO 16156 --- [main] com.hmall.user.UserApplication           : Started UserApplication in 4.216 seconds (JVM running for 4.766)
17:32:37:899  INFO 16156 --- [main] com.hmall.user.UserApplication           : 用户模块启动成功
17:32:38:172  INFO 16156 --- [nacos-grpc-client-executor-9] com.alibaba.nacos.common.remote.client   : [b33d5937-7349-41c1-8149-a5ea2ede07a5] Receive server push request, request = NotifySubscriberRequest, requestId = 124
17:32:38:174  INFO 16156 --- [nacos-grpc-client-executor-9] com.alibaba.nacos.common.remote.client   : [b33d5937-7349-41c1-8149-a5ea2ede07a5] Ack server push request, request = NotifySubscriberRequest, requestId = 124
17:34:42:994  WARN 16156 --- [Thread-4] c.a.nacos.common.notify.NotifyCenter     : [NotifyCenter] Start destroying Publisher
17:34:42:994  WARN 16156 --- [Thread-4] c.a.nacos.common.notify.NotifyCenter     : [NotifyCenter] Destruction of the end
17:34:42:994  WARN 16156 --- [Thread-7] c.a.n.common.http.HttpClientBeanHolder   : [HttpClientBeanHolder] Start destroying common HttpClient
17:34:42:994  WARN 16156 --- [Thread-7] c.a.n.common.http.HttpClientBeanHolder   : [HttpClientBeanHolder] Destruction of the end
17:34:43:871  INFO 16156 --- [SpringApplicationShutdownHook] c.a.c.n.registry.NacosServiceRegistry    : De-registering from Nacos Server now...
17:34:43:877  INFO 16156 --- [SpringApplicationShutdownHook] c.a.c.n.registry.NacosServiceRegistry    : De-registration finished.
17:34:44:189  INFO 16156 --- [SpringApplicationShutdownHook] com.alibaba.nacos.common.remote.client   : Shutdown rpc client, set status to shutdown
17:34:44:189  INFO 16156 --- [SpringApplicationShutdownHook] com.alibaba.nacos.common.remote.client   : Shutdown client event executor java.util.concurrent.ScheduledThreadPoolExecutor@7747f7b3[Running, pool size = 2, active threads = 2, queued tasks = 0, completed tasks = 0]
17:34:44:189  INFO 16156 --- [SpringApplicationShutdownHook] com.alibaba.nacos.common.remote.client   : Close current connection 1732008759595_192.168.80.1_64699
17:34:44:191  INFO 16156 --- [SpringApplicationShutdownHook] c.a.n.c.remote.client.grpc.GrpcClient    : Shutdown grpc executor java.util.concurrent.ThreadPoolExecutor@50f3081e[Running, pool size = 5, active threads = 0, queued tasks = 0, completed tasks = 40]
17:39:41:462  INFO 11748 --- [main] com.hmall.user.UserApplication           : Starting UserApplication using Java 11.0.8 on xmh with PID 11748 (D:\idea-project\hmall\user-service\target\classes started by 57186 in D:\idea-project\hmall)
17:39:41:464 DEBUG 11748 --- [main] com.hmall.user.UserApplication           : Running with Spring Boot v2.7.12, Spring v5.3.27
17:39:41:464  INFO 11748 --- [main] com.hmall.user.UserApplication           : The following 1 profile is active: "local"
17:39:41:912  INFO 11748 --- [main] .s.d.r.c.RepositoryConfigurationDelegate : Multiple Spring Data modules found, entering strict repository configuration mode
17:39:41:913  INFO 11748 --- [main] .s.d.r.c.RepositoryConfigurationDelegate : Bootstrapping Spring Data Redis repositories in DEFAULT mode.
17:39:41:924  INFO 11748 --- [main] .s.d.r.c.RepositoryConfigurationDelegate : Finished Spring Data repository scanning in 4 ms. Found 0 Redis repository interfaces.
17:39:42:042  INFO 11748 --- [main] o.s.cloud.context.scope.GenericScope     : BeanFactory id=ebcb90eb-9558-3a68-8143-b0b791c64a9e
17:39:42:244  INFO 11748 --- [main] o.s.b.w.embedded.tomcat.TomcatWebServer  : Tomcat initialized with port(s): 8084 (http)
17:39:42:249  INFO 11748 --- [main] o.apache.catalina.core.StandardService   : Starting service [Tomcat]
17:39:42:249  INFO 11748 --- [main] org.apache.catalina.core.StandardEngine  : Starting Servlet engine: [Apache Tomcat/9.0.75]
17:39:42:327  INFO 11748 --- [main] o.a.c.c.C.[Tomcat].[localhost].[/]       : Initializing Spring embedded WebApplicationContext
17:39:42:327  INFO 11748 --- [main] w.s.c.ServletWebServerApplicationContext : Root WebApplicationContext: initialization completed in 838 ms
17:39:43:890  INFO 11748 --- [main] pertySourcedRequestMappingHandlerMapping : Mapped URL path [/v2/api-docs] onto method [springfox.documentation.swagger2.web.Swagger2ControllerWebMvc#getDocumentation(String, HttpServletRequest)]
17:39:44:399  INFO 11748 --- [main] com.alibaba.nacos.common.remote.client   : [RpcClientFactory] create a new rpc client of 1ed639a5-624e-4e45-b7fa-e17ecda687df
17:39:44:421  INFO 11748 --- [main] org.reflections.Reflections              : Reflections took 12 ms to scan 1 urls, producing 3 keys and 6 values 
17:39:44:434  INFO 11748 --- [main] org.reflections.Reflections              : Reflections took 5 ms to scan 1 urls, producing 4 keys and 9 values 
17:39:44:450  INFO 11748 --- [main] org.reflections.Reflections              : Reflections took 14 ms to scan 1 urls, producing 3 keys and 10 values 
17:39:44:452  WARN 11748 --- [main] org.reflections.Reflections              : given scan urls are empty. set urls in the configuration
17:39:44:457  INFO 11748 --- [main] org.reflections.Reflections              : Reflections took 5 ms to scan 1 urls, producing 1 keys and 5 values 
17:39:44:463  INFO 11748 --- [main] org.reflections.Reflections              : Reflections took 5 ms to scan 1 urls, producing 1 keys and 7 values 
17:39:44:470  INFO 11748 --- [main] org.reflections.Reflections              : Reflections took 5 ms to scan 1 urls, producing 2 keys and 8 values 
17:39:44:471  WARN 11748 --- [main] org.reflections.Reflections              : given scan urls are empty. set urls in the configuration
17:39:44:472  INFO 11748 --- [main] com.alibaba.nacos.common.remote.client   : [1ed639a5-624e-4e45-b7fa-e17ecda687df] RpcClient init label, labels = {module=naming, source=sdk}
17:39:44:473  INFO 11748 --- [main] com.alibaba.nacos.common.remote.client   : [1ed639a5-624e-4e45-b7fa-e17ecda687df] RpcClient init, ServerListFactory = com.alibaba.nacos.client.naming.core.ServerListManager
17:39:44:473  INFO 11748 --- [main] com.alibaba.nacos.common.remote.client   : [1ed639a5-624e-4e45-b7fa-e17ecda687df] Registry connection listener to current client:com.alibaba.nacos.client.naming.remote.gprc.redo.NamingGrpcRedoService
17:39:44:474  INFO 11748 --- [main] com.alibaba.nacos.common.remote.client   : [1ed639a5-624e-4e45-b7fa-e17ecda687df] Register server push request handler:com.alibaba.nacos.client.naming.remote.gprc.NamingPushRequestHandler
17:39:44:475  INFO 11748 --- [main] com.alibaba.nacos.common.remote.client   : [1ed639a5-624e-4e45-b7fa-e17ecda687df] Try to connect to server on start up, server: {serverIp = '192.168.80.130', server main port = 8848}
17:39:45:388  INFO 11748 --- [main] com.alibaba.nacos.common.remote.client   : [1ed639a5-624e-4e45-b7fa-e17ecda687df] Success to connect to server [192.168.80.130:8848] on start up, connectionId = 1732009187399_192.168.80.1_49237
17:39:45:390  INFO 11748 --- [main] com.alibaba.nacos.common.remote.client   : [1ed639a5-624e-4e45-b7fa-e17ecda687df] Register server push request handler:com.alibaba.nacos.common.remote.client.RpcClient$ConnectResetRequestHandler
17:39:45:391  INFO 11748 --- [main] com.alibaba.nacos.common.remote.client   : [1ed639a5-624e-4e45-b7fa-e17ecda687df] Register server push request handler:com.alibaba.nacos.common.remote.client.RpcClient$$Lambda$1095/0x0000000800816440
17:39:45:389  INFO 11748 --- [com.alibaba.nacos.client.remote.worker] com.alibaba.nacos.common.remote.client   : [1ed639a5-624e-4e45-b7fa-e17ecda687df] Notify connected event to listeners.
17:39:45:431  INFO 11748 --- [main] o.s.b.w.embedded.tomcat.TomcatWebServer  : Tomcat started on port(s): 8084 (http) with context path ''
17:39:45:438  INFO 11748 --- [main] c.a.c.n.registry.NacosServiceRegistry    : nacos registry, DEFAULT_GROUP user-service 192.168.43.42:8084 register finished
17:39:45:647  INFO 11748 --- [main] d.s.w.p.DocumentationPluginsBootstrapper : Documentation plugins bootstrapped
17:39:45:649  INFO 11748 --- [main] d.s.w.p.DocumentationPluginsBootstrapper : Found 1 custom documentation plugin(s)
17:39:45:660  INFO 11748 --- [main] s.d.s.w.s.ApiListingReferenceScanner     : Scanning for api listing references
17:39:45:715  INFO 11748 --- [main] com.hmall.user.UserApplication           : Started UserApplication in 4.896 seconds (JVM running for 5.583)
17:39:45:717  INFO 11748 --- [main] com.hmall.user.UserApplication           : 用户模块启动成功
17:39:45:924  INFO 11748 --- [nacos-grpc-client-executor-9] com.alibaba.nacos.common.remote.client   : [1ed639a5-624e-4e45-b7fa-e17ecda687df] Receive server push request, request = NotifySubscriberRequest, requestId = 133
17:39:45:927  INFO 11748 --- [nacos-grpc-client-executor-9] com.alibaba.nacos.common.remote.client   : [1ed639a5-624e-4e45-b7fa-e17ecda687df] Ack server push request, request = NotifySubscriberRequest, requestId = 133
17:40:28:653  INFO 11748 --- [http-nio-8084-exec-1] o.a.c.c.C.[Tomcat].[localhost].[/]       : Initializing Spring DispatcherServlet 'dispatcherServlet'
17:40:28:653  INFO 11748 --- [http-nio-8084-exec-1] o.s.web.servlet.DispatcherServlet        : Initializing Servlet 'dispatcherServlet'
17:40:28:657  INFO 11748 --- [http-nio-8084-exec-1] o.s.web.servlet.DispatcherServlet        : Completed initialization in 4 ms
17:40:28:826  INFO 11748 --- [http-nio-8084-exec-1] com.zaxxer.hikari.HikariDataSource       : HikariPool-1 - Starting...
17:40:29:245  INFO 11748 --- [http-nio-8084-exec-1] com.zaxxer.hikari.HikariDataSource       : HikariPool-1 - Start completed.
17:40:29:255 DEBUG 11748 --- [http-nio-8084-exec-1] c.h.user.mapper.UserMapper.selectOne     : ==>  Preparing: SELECT id,username,password,phone,create_time,update_time,status,balance FROM user WHERE (username = ?)
17:40:29:285 DEBUG 11748 --- [http-nio-8084-exec-1] c.h.user.mapper.UserMapper.selectOne     : ==> Parameters: Jack(String)
17:40:29:314 DEBUG 11748 --- [http-nio-8084-exec-1] c.h.user.mapper.UserMapper.selectOne     : <==      Total: 1
17:41:07:766  WARN 11748 --- [Thread-7] c.a.n.common.http.HttpClientBeanHolder   : [HttpClientBeanHolder] Start destroying common HttpClient
17:41:07:766  WARN 11748 --- [Thread-4] c.a.nacos.common.notify.NotifyCenter     : [NotifyCenter] Start destroying Publisher
17:41:07:767  WARN 11748 --- [Thread-4] c.a.nacos.common.notify.NotifyCenter     : [NotifyCenter] Destruction of the end
17:41:07:767  WARN 11748 --- [Thread-7] c.a.n.common.http.HttpClientBeanHolder   : [HttpClientBeanHolder] Destruction of the end
17:41:08:057  INFO 11748 --- [SpringApplicationShutdownHook] c.a.c.n.registry.NacosServiceRegistry    : De-registering from Nacos Server now...
17:41:08:063  INFO 11748 --- [SpringApplicationShutdownHook] c.a.c.n.registry.NacosServiceRegistry    : De-registration finished.
17:41:08:373  INFO 11748 --- [SpringApplicationShutdownHook] com.alibaba.nacos.common.remote.client   : Shutdown rpc client, set status to shutdown
17:41:08:373  INFO 11748 --- [SpringApplicationShutdownHook] com.alibaba.nacos.common.remote.client   : Shutdown client event executor java.util.concurrent.ScheduledThreadPoolExecutor@4306909[Running, pool size = 2, active threads = 2, queued tasks = 0, completed tasks = 0]
17:41:08:373  INFO 11748 --- [SpringApplicationShutdownHook] com.alibaba.nacos.common.remote.client   : Close current connection 1732009187399_192.168.80.1_49237
17:41:08:377  INFO 11748 --- [nacos-grpc-client-executor-29] c.a.n.c.remote.client.grpc.GrpcClient    : [1732009187399_192.168.80.1_49237]Ignore complete event,isRunning:false,isAbandon=false
17:41:08:378  INFO 11748 --- [SpringApplicationShutdownHook] c.a.n.c.remote.client.grpc.GrpcClient    : Shutdown grpc executor java.util.concurrent.ThreadPoolExecutor@fd922c1[Running, pool size = 5, active threads = 0, queued tasks = 0, completed tasks = 30]
17:41:08:382  INFO 11748 --- [SpringApplicationShutdownHook] com.zaxxer.hikari.HikariDataSource       : HikariPool-1 - Shutdown initiated...
17:41:08:404  INFO 11748 --- [SpringApplicationShutdownHook] com.zaxxer.hikari.HikariDataSource       : HikariPool-1 - Shutdown completed.
